Scenario - bike_pilot_practice
Logfile written - 09/12/2019 16:26:07

Subject	Trial	Event Type	Code	Time	TTime	Uncertainty	Duration	Uncertainty	ReqTime	ReqDur	Stim Type	Pair Index

sub01	1	Picture	instruct	10133	0	1	76643	1	0	next	other	0
sub01	1	Response	1	86737	76604	1
sub01	2	Picture	cross_default	86776	0	1	10130	1	0	10000	other	0
sub01	2	Picture	arrow_right	96906	10130	1	2533	1	10000	2500	other	0
sub01	2	Picture	cross_default	99439	12663	1	2532	1	12500	2500	other	0
sub01	2	Picture	cross_default	101971	15195	1	2533	1	15000	2500	other	0
sub01	2	Picture	cross_default	104504	17728	1	1733	1	17500	1670	other	0
sub01	2	Picture	cross_default	106237	19461	1	2532	1	19170	2500	other	0
sub01	2	Picture	cross_default	108769	21993	1	1733	1	21670	1670	other	0
sub01	2	Picture	cross_default	110502	23726	1	2533	1	23340	2500	other	0
sub01	2	Picture	cross_default	113035	26259	1	1733	1	25840	1670	other	0
sub01	2	Picture	cross_default	114768	27991	1	2533	1	27510	2500	other	0
sub01	2	Picture	cross_default	117300	30524	1	2533	1	30010	2500	other	0
sub01	2	Picture	arrow_stay	119833	33057	1	2532	1	32510	2500	other	0
sub01	2	Picture	cross_respond	122365	35589	1	2533	1	35010	2500	other	0
sub01	2	Picture	cross_wait	124898	38122	1	6131	1	37510	next	hit	17
sub01	2	Response	2	130976	44200	1
sub01	2A	Picture	correct	131029	0	1	2133	1	0	2000	other	0
sub01	3	Picture	cross_default	133295	0	1	10130	1	0	10000	other	0
sub01	3	Picture	arrow_left	143425	10130	1	2533	1	10000	2500	other	0
sub01	3	Picture	cross_default	145958	12663	1	2532	1	12500	2500	other	0
sub01	3	Picture	arrow_right	148490	15195	1	2533	1	15000	2500	other	0
sub01	3	Picture	cross_default	151023	17728	1	1733	1	17500	1670	other	0
sub01	3	Picture	arrow_left	152756	19461	1	2532	1	19170	2500	other	0
sub01	3	Picture	cross_default	155288	21993	1	1733	1	21670	1670	other	0
sub01	3	Picture	arrow_left	157021	23726	1	2533	1	23340	2500	other	0
sub01	3	Picture	cross_default	159554	26259	1	1733	1	25840	1670	other	0
sub01	3	Picture	arrow_left	161287	27991	1	2532	1	27510	2500	other	0
sub01	3	Picture	cross_default	163819	30524	1	2533	1	30010	2500	other	0
sub01	3	Picture	arrow_switch	166352	33056	1	2533	1	32510	2500	other	0
sub01	3	Picture	cross_respond	168884	35589	1	2533	1	35010	2500	other	0
sub01	3	Picture	cross_wait	171417	38122	1	5998	1	37510	next	hit	33
sub01	3	Response	2	177296	44001	1
sub01	3A	Picture	correct	177415	0	1	2133	1	0	2000	other	0
sub01	4	Picture	cross_default	179681	0	1	10130	1	0	10000	other	0
sub01	4	Picture	arrow_right	189811	10130	1	2533	1	10000	2500	other	0
sub01	4	Picture	cross_default	192344	12663	1	2532	1	12500	2500	other	0
sub01	4	Picture	cross_default	194876	15195	1	2533	1	15000	2500	other	0
sub01	4	Picture	cross_default	197409	17728	1	1733	1	17500	1670	other	0
sub01	4	Picture	cross_default	199142	19461	1	2533	1	19170	2500	other	0
sub01	4	Picture	cross_default	201674	21993	1	1733	1	21670	1670	other	0
sub01	4	Picture	cross_default	203407	23726	1	2533	1	23340	2500	other	0
sub01	4	Picture	cross_default	205939	26259	1	1733	1	25840	1670	other	0
sub01	4	Picture	cross_default	207672	27991	1	2533	1	27510	2500	other	0
sub01	4	Picture	cross_default	210205	30524	1	2532	1	30010	2500	other	0
sub01	4	Picture	arrow_switch	212737	33056	1	2533	1	32510	2500	other	0
sub01	4	Picture	cross_respond	215270	35589	1	2533	1	35010	2500	other	0
sub01	4	Picture	cross_wait	217803	38122	1	2666	1	37510	next	hit	49
sub01	4	Response	1	220415	40734	1
sub01	4A	Picture	correct	220468	0	1	2133	1	0	2000	other	0
sub01	5	Picture	cross_default	222734	0	1	10130	1	0	10000	other	0
sub01	5	Picture	arrow_right	232865	10130	1	2533	1	10000	2500	other	0
sub01	5	Picture	cross_default	235397	12663	1	2533	1	12500	2500	other	0
sub01	5	Picture	arrow_left	237930	15195	1	2533	1	15000	2500	other	0
sub01	5	Picture	cross_default	240462	17728	1	1733	1	17500	1670	other	0
sub01	5	Picture	arrow_stay	242195	19461	1	2533	1	19170	2500	other	0
sub01	5	Picture	cross_default	244728	21993	1	1733	1	21670	1670	other	0
sub01	5	Picture	arrow_stay	246460	23726	1	2533	1	23340	2500	other	0
sub01	5	Picture	cross_default	248993	26259	1	1733	1	25840	1670	other	0
sub01	5	Picture	arrow_stay	250726	27991	1	2532	1	27510	2500	other	0
sub01	5	Picture	cross_default	253258	30524	1	2533	1	30010	2500	other	0
sub01	5	Picture	arrow_stay	255791	33056	1	2533	1	32510	2500	other	0
sub01	5	Picture	cross_respond	258323	35589	1	2532	1	35010	2500	other	0
sub01	5	Picture	cross_wait	260856	38122	1	3199	1	37510	next	hit	65
sub01	5	Response	2	264015	41281	1
sub01	5A	Picture	correct	264055	0	1	2133	1	0	2000	other	0
sub01	6	Picture	cross_default	266321	0	1	10130	1	0	10000	other	0
sub01	6	Picture	arrow_right	276451	10130	1	2533	1	10000	2500	other	0
sub01	6	Picture	cross_default	278984	12663	1	2533	1	12500	2500	other	0
sub01	6	Picture	cross_default	281516	15195	1	2533	1	15000	2500	other	0
sub01	6	Picture	cross_default	284049	17728	1	1733	1	17500	1670	other	0
sub01	6	Picture	cross_default	285782	19461	1	2533	1	19170	2500	other	0
sub01	6	Picture	cross_default	288314	21993	1	1733	1	21670	1670	other	0
sub01	6	Picture	cross_default	290047	23726	1	2533	1	23340	2500	other	0
sub01	6	Picture	cross_default	292580	26259	1	1733	1	25840	1670	other	0
sub01	6	Picture	cross_default	294312	27991	1	2533	1	27510	2500	other	0
sub01	6	Picture	cross_default	296845	30524	1	2533	1	30010	2500	other	0
sub01	6	Picture	arrow_switch	299378	33057	1	2532	1	32510	2500	other	0
sub01	6	Picture	cross_respond	301910	35589	1	2533	1	35010	2500	other	0
sub01	6	Picture	cross_wait	304443	38122	1	1600	1	37510	next	hit	81
sub01	6	Response	1	305934	39613	1
sub01	6A	Picture	correct	306042	0	1	2133	1	0	2000	other	0
sub01	7	Picture	cross_default	308308	0	1	10130	1	0	10000	other	0
sub01	7	Picture	arrow_right	318438	10130	1	2533	1	10000	2500	other	0
sub01	7	Picture	cross_default	320971	12663	1	2533	1	12500	2500	other	0
sub01	7	Picture	cross_default	323503	15195	1	2532	1	15000	2500	other	0
sub01	7	Picture	cross_default	326036	17728	1	1733	1	17500	1670	other	0
sub01	7	Picture	cross_default	327769	19461	1	2533	1	19170	2500	other	0
sub01	7	Picture	cross_default	330301	21993	1	1733	1	21670	1670	other	0
sub01	7	Picture	cross_default	332034	23726	1	2533	1	23340	2500	other	0
sub01	7	Picture	cross_default	334567	26259	1	1733	1	25840	1670	other	0
sub01	7	Picture	cross_default	336299	27991	1	2533	1	27510	2500	other	0
sub01	7	Picture	cross_default	338832	30524	1	2533	1	30010	2500	other	0
sub01	7	Picture	arrow_switch	341365	33057	1	2532	1	32510	2500	other	0
sub01	7	Picture	cross_respond	343897	35589	1	2533	1	35010	2500	other	0
sub01	7	Picture	cross_wait	346430	38122	1	667	1	37510	next	hit	97
sub01	7	Response	1	347055	38746	1
sub01	7A	Picture	correct	347096	0	1	2133	1	0	2000	other	0
sub01	8	Picture	cross_default	349362	0	1	10130	1	0	10000	other	0
sub01	8	Picture	arrow_left	359492	10130	1	2533	1	10000	2500	other	0
sub01	8	Picture	cross_default	362025	12663	1	2533	1	12500	2500	other	0
sub01	8	Picture	cross_default	364557	15195	1	2533	1	15000	2500	other	0
sub01	8	Picture	cross_default	367090	17728	1	1733	1	17500	1670	other	0
sub01	8	Picture	cross_default	368823	19461	1	2532	1	19170	2500	other	0
sub01	8	Picture	cross_default	371355	21993	1	1733	1	21670	1670	other	0
sub01	8	Picture	cross_default	373088	23726	1	2532	1	23340	2500	other	0
sub01	8	Picture	cross_default	375621	26259	1	1733	1	25840	1670	other	0
sub01	8	Picture	cross_default	377354	27991	1	2533	1	27510	2500	other	0
sub01	8	Picture	cross_default	379886	30524	1	2533	1	30010	2500	other	0
sub01	8	Picture	arrow_stay	382419	33056	1	2533	1	32510	2500	other	0
sub01	8	Picture	cross_respond	384951	35589	1	2533	1	35010	2500	other	0
sub01	8	Picture	cross_wait	387484	38122	1	667	1	37510	next	hit	113
sub01	8	Response	1	388014	38652	1
sub01	8A	Picture	correct	388150	0	1	2133	1	0	2000	other	0
sub01	9	Picture	cross_default	390416	0	1	10130	1	0	10000	other	0
sub01	9	Picture	arrow_left	400546	10130	1	2533	1	10000	2500	other	0
sub01	9	Picture	cross_default	403079	12663	1	2533	1	12500	2500	other	0
sub01	9	Picture	arrow_switch	405612	15195	1	2533	1	15000	2500	other	0
sub01	9	Picture	cross_default	408144	17728	1	1733	1	17500	1670	other	0
sub01	9	Picture	arrow_right	409877	19461	1	2533	1	19170	2500	other	0
sub01	9	Picture	cross_default	412410	21993	1	1733	1	21670	1670	other	0
sub01	9	Picture	arrow_stay	414142	23726	1	2533	1	23340	2500	other	0
sub01	9	Picture	cross_default	416675	26259	1	1733	1	25840	1670	other	0
sub01	9	Picture	arrow_stay	418408	27991	1	2533	1	27510	2500	other	0
sub01	9	Picture	cross_default	420940	30524	1	2532	1	30010	2500	other	0
sub01	9	Picture	arrow_stay	423473	33056	1	2533	1	32510	2500	other	0
sub01	9	Picture	cross_respond	426005	35589	1	2533	1	35010	2500	other	0
sub01	9	Picture	cross_wait	428538	38122	1	4399	1	37510	next	hit	129
sub01	9	Response	1	432893	42477	1
sub01	9A	Picture	correct	432936	0	1	2133	1	0	2000	other	0
sub01	10	Picture	cross_default	435202	0	1	10130	1	0	10000	other	0
sub01	10	Picture	arrow_right	445333	10130	1	2533	1	10000	2500	other	0
sub01	10	Picture	cross_default	447865	12663	1	2533	1	12500	2500	other	0
sub01	10	Picture	arrow_switch	450398	15195	1	2533	1	15000	2500	other	0
sub01	10	Picture	cross_default	452930	17728	1	1733	1	17500	1670	other	0
sub01	10	Picture	arrow_stay	454663	19461	1	2533	1	19170	2500	other	0
sub01	10	Picture	cross_default	457196	21993	1	1733	1	21670	1670	other	0
sub01	10	Picture	arrow_stay	458928	23726	1	2533	1	23340	2500	other	0
sub01	10	Picture	cross_default	461461	26259	1	1733	1	25840	1670	other	0
sub01	10	Picture	arrow_stay	463194	27991	1	2533	1	27510	2500	other	0
sub01	10	Picture	cross_default	465726	30524	1	2533	1	30010	2500	other	0
sub01	10	Picture	arrow_switch	468259	33057	1	2533	1	32510	2500	other	0
sub01	10	Picture	cross_respond	470792	35589	1	2533	1	35010	2500	other	0
sub01	10	Picture	cross_wait	473324	38122	1	800	1	37510	next	hit	145
sub01	10	Response	1	474093	38891	1
sub01	10A	Picture	correct	474124	0	1	2133	1	0	2000	other	0
sub01	11	Picture	cross_default	476390	0	1	10130	1	0	10000	other	0
sub01	11	Picture	arrow_right	486520	10130	1	2533	1	10000	2500	other	0
sub01	11	Picture	cross_default	489053	12663	1	2533	1	12500	2500	other	0
sub01	11	Picture	cross_default	491585	15195	1	2533	1	15000	2500	other	0
sub01	11	Picture	cross_default	494118	17728	1	1733	1	17500	1670	other	0
sub01	11	Picture	cross_default	495851	19461	1	2532	1	19170	2500	other	0
sub01	11	Picture	cross_default	498383	21993	1	1733	1	21670	1670	other	0
sub01	11	Picture	cross_default	500116	23726	1	2533	1	23340	2500	other	0
sub01	11	Picture	cross_default	502648	26259	1	1733	1	25840	1670	other	0
sub01	11	Picture	cross_default	504381	27991	1	2533	1	27510	2500	other	0
sub01	11	Picture	cross_default	506914	30524	1	2533	1	30010	2500	other	0
sub01	11	Picture	arrow_switch	509446	33057	1	2533	1	32510	2500	other	0
sub01	11	Picture	cross_respond	511979	35589	1	2533	1	35010	2500	other	0
sub01	11	Picture	cross_wait	514511	38122	1	1600	1	37510	next	hit	161
sub01	11	Response	1	516013	39623	1
sub01	11A	Picture	correct	516111	0	1	2133	1	0	2000	other	0
sub01	12	Picture	cross_default	518377	0	1	10130	1	0	10000	other	0
sub01	12	Picture	arrow_right	528507	10130	1	2533	1	10000	2500	other	0
sub01	12	Picture	cross_default	531040	12663	1	2533	1	12500	2500	other	0
sub01	12	Picture	arrow_left	533572	15195	1	2533	1	15000	2500	other	0
sub01	12	Picture	cross_default	536105	17728	1	1733	1	17500	1670	other	0
sub01	12	Picture	arrow_stay	537838	19461	1	2533	1	19170	2500	other	0
sub01	12	Picture	cross_default	540370	21993	1	1733	1	21670	1670	other	0
sub01	12	Picture	arrow_stay	542103	23726	1	2533	1	23340	2500	other	0
sub01	12	Picture	cross_default	544636	26259	1	1733	1	25840	1670	other	0
sub01	12	Picture	arrow_stay	546368	27991	1	2533	1	27510	2500	other	0
sub01	12	Picture	cross_default	548901	30524	1	2533	1	30010	2500	other	0
sub01	12	Picture	arrow_switch	551433	33057	1	2532	1	32510	2500	other	0
sub01	12	Picture	cross_respond	553966	35589	1	2533	1	35010	2500	other	0
sub01	12	Picture	cross_wait	556498	38122	1	1599	1	37510	next	hit	177
sub01	12	Response	1	558012	39635	1
sub01	12A	Picture	correct	558098	0	1	2133	1	0	2000	other	0
sub01	13	Picture	cross_default	560364	0	1	10130	1	0	10000	other	0
sub01	13	Picture	arrow_right	570494	10130	1	2532	1	10000	2500	other	0
sub01	13	Picture	cross_default	573027	12663	1	2533	1	12500	2500	other	0
sub01	13	Picture	arrow_left	575559	15195	1	2532	1	15000	2500	other	0
sub01	13	Picture	cross_default	578092	17728	1	1733	1	17500	1670	other	0
sub01	13	Picture	arrow_stay	579825	19461	1	2533	1	19170	2500	other	0
sub01	13	Picture	cross_default	582357	21993	1	1733	1	21670	1670	other	0
sub01	13	Picture	arrow_stay	584090	23726	1	2533	1	23340	2500	other	0
sub01	13	Picture	cross_default	586623	26259	1	1733	1	25840	1670	other	0
sub01	13	Picture	arrow_stay	588355	27991	1	2532	1	27510	2500	other	0
sub01	13	Picture	cross_default	590888	30524	1	2533	1	30010	2500	other	0
sub01	13	Picture	arrow_switch	593420	33056	1	2533	1	32510	2500	other	0
sub01	13	Picture	cross_respond	595953	35589	1	2532	1	35010	2500	other	0
sub01	13	Picture	cross_wait	598486	38122	1	2666	1	37510	next	hit	193
sub01	13	Response	1	601052	40688	1
sub01	13A	Picture	correct	601151	0	1	2133	1	0	2000	other	0
sub01	14	Picture	cross_default	603417	0	1	10130	1	0	10000	other	0
sub01	14	Picture	arrow_right	613548	10130	1	2532	1	10000	2500	other	0
sub01	14	Picture	cross_default	616080	12663	1	2533	1	12500	2500	other	0
sub01	14	Picture	cross_default	618613	15195	1	2533	1	15000	2500	other	0
sub01	14	Picture	cross_default	621145	17728	1	1733	1	17500	1670	other	0
sub01	14	Picture	cross_default	622878	19461	1	2533	1	19170	2500	other	0
sub01	14	Picture	cross_default	625411	21993	1	1733	1	21670	1670	other	0
sub01	14	Picture	cross_default	627143	23726	1	2532	1	23340	2500	other	0
sub01	14	Picture	cross_default	629676	26258	1	1733	1	25840	1670	other	0
sub01	14	Picture	cross_default	631409	27991	1	2533	1	27510	2500	other	0
sub01	14	Picture	cross_default	633941	30524	1	2532	1	30010	2500	other	0
sub01	14	Picture	arrow_stay	636474	33056	1	2533	1	32510	2500	other	0
sub01	14	Picture	cross_respond	639007	35589	1	2533	1	35010	2500	other	0
sub01	14	Picture	cross_wait	641539	38122	1	133	1	37510	next	hit	209
sub01	14	Response	2	641612	38194	1
sub01	14A	Picture	correct	641672	0	1	2133	1	0	2000	other	0
sub01	15	Picture	cross_default	643938	0	1	10130	1	0	10000	other	0
sub01	15	Picture	arrow_right	654069	10130	1	2533	1	10000	2500	other	0
sub01	15	Picture	cross_default	656601	12663	1	2533	1	12500	2500	other	0
sub01	15	Picture	arrow_left	659134	15195	1	2533	1	15000	2500	other	0
sub01	15	Picture	cross_default	661666	17728	1	1733	1	17500	1670	other	0
sub01	15	Picture	arrow_stay	663399	19461	1	2533	1	19170	2500	other	0
sub01	15	Picture	cross_default	665932	21993	1	1733	1	21670	1670	other	0
sub01	15	Picture	arrow_stay	667664	23726	1	2533	1	23340	2500	other	0
sub01	15	Picture	cross_default	670197	26259	1	1733	1	25840	1670	other	0
sub01	15	Picture	arrow_stay	671930	27991	1	2533	1	27510	2500	other	0
sub01	15	Picture	cross_default	674462	30524	1	2533	1	30010	2500	other	0
sub01	15	Picture	arrow_stay	676995	33057	1	2533	1	32510	2500	other	0
sub01	15	Picture	cross_respond	679527	35589	1	2533	1	35010	2500	other	0
sub01	15	Picture	cross_wait	682060	38122	1	2133	1	37510	next	hit	225
sub01	15	Response	2	684171	40233	1
sub01	15A	Picture	correct	684193	0	1	2133	1	0	2000	other	0
sub01	16	Picture	cross_default	686459	0	1	10130	1	0	10000	other	0
sub01	16	Picture	arrow_left	696589	10130	1	2533	1	10000	2500	other	0
sub01	16	Picture	cross_default	699121	12663	1	2533	1	12500	2500	other	0
sub01	16	Picture	cross_default	701654	15195	1	2533	1	15000	2500	other	0
sub01	16	Picture	cross_default	704187	17728	1	1733	1	17500	1670	other	0
sub01	16	Picture	cross_default	705919	19461	1	2533	1	19170	2500	other	0
sub01	16	Picture	cross_default	708452	21993	1	1733	1	21670	1670	other	0
sub01	16	Picture	cross_default	710185	23726	1	2533	1	23340	2500	other	0
sub01	16	Picture	cross_default	712717	26259	1	1733	1	25840	1670	other	0
sub01	16	Picture	cross_default	714450	27991	1	2533	1	27510	2500	other	0
sub01	16	Picture	cross_default	716983	30524	1	2533	1	30010	2500	other	0
sub01	16	Picture	arrow_switch	719515	33056	1	2533	1	32510	2500	other	0
sub01	16	Picture	cross_respond	722048	35589	1	2533	1	35010	2500	other	0
sub01	16	Picture	cross_wait	724580	38122	1	667	1	37510	next	hit	241
sub01	16	Response	2	725131	38672	1
sub01	16A	Picture	correct	725247	0	1	2133	1	0	2000	other	0
sub01	17	Picture	cross_default	727513	0	1	10130	1	0	10000	other	0
sub01	17	Picture	arrow_left	737643	10130	1	2533	1	10000	2500	other	0
sub01	17	Picture	cross_default	740175	12663	1	2533	1	12500	2500	other	0
sub01	17	Picture	arrow_switch	742708	15195	1	2532	1	15000	2500	other	0
sub01	17	Picture	cross_default	745240	17728	1	1733	1	17500	1670	other	0
sub01	17	Picture	arrow_switch	746973	19461	1	2532	1	19170	2500	other	0
sub01	17	Picture	cross_default	749506	21993	1	1733	1	21670	1670	other	0
sub01	17	Picture	arrow_switch	751239	23726	1	2532	1	23340	2500	other	0
sub01	17	Picture	cross_default	753771	26259	1	1733	1	25840	1670	other	0
sub01	17	Picture	arrow_switch	755504	27991	1	2533	1	27510	2500	other	0
sub01	17	Picture	cross_default	758037	30524	1	2532	1	30010	2500	other	0
sub01	17	Picture	arrow_stay	760569	33057	1	2533	1	32510	2500	other	0
sub01	17	Picture	cross_respond	763102	35589	1	2533	1	35010	2500	other	0
sub01	17	Picture	cross_wait	765634	38122	1	2399	1	37510	next	hit	257
sub01	17	Response	1	767931	40418	1
sub01	17A	Picture	correct	768033	0	1	2133	1	0	2000	other	0
sub01	18	Picture	cross_default	770299	0	1	10130	1	0	10000	other	0
sub01	18	Picture	arrow_right	780430	10130	1	2533	1	10000	2500	other	0
sub01	18	Picture	cross_default	782962	12663	1	2533	1	12500	2500	other	0
sub01	18	Picture	arrow_right	785495	15195	1	2532	1	15000	2500	other	0
sub01	18	Picture	cross_default	788027	17728	1	1733	1	17500	1670	other	0
sub01	18	Picture	arrow_left	789760	19461	1	2533	1	19170	2500	other	0
sub01	18	Picture	cross_default	792293	21993	1	1733	1	21670	1670	other	0
sub01	18	Picture	arrow_stay	794026	23726	1	2533	1	23340	2500	other	0
sub01	18	Picture	cross_default	796558	26259	1	1733	1	25840	1670	other	0
sub01	18	Picture	arrow_stay	798291	27991	1	2533	1	27510	2500	other	0
sub01	18	Picture	cross_default	800823	30524	1	2533	1	30010	2500	other	0
sub01	18	Picture	arrow_switch	803356	33057	1	2532	1	32510	2500	other	0
sub01	18	Picture	cross_respond	805888	35589	1	2533	1	35010	2500	other	0
sub01	18	Picture	cross_wait	808421	38122	1	5065	1	37510	next	hit	273
sub01	18	Response	1	813370	43070	1
sub01	18A	Picture	correct	813486	0	1	2133	1	0	2000	other	0
sub01	19	Picture	cross_default	815752	0	1	10130	1	0	10000	other	0
sub01	19	Picture	arrow_right	825882	10130	1	2533	1	10000	2500	other	0
sub01	19	Picture	cross_default	828415	12663	1	2532	1	12500	2500	other	0
sub01	19	Picture	arrow_left	830947	15195	1	2533	1	15000	2500	other	0
sub01	19	Picture	cross_default	833480	17728	1	1733	1	17500	1670	other	0
sub01	19	Picture	arrow_stay	835213	19461	1	2533	1	19170	2500	other	0
sub01	19	Picture	cross_default	837745	21993	1	1733	1	21670	1670	other	0
sub01	19	Picture	arrow_switch	839478	23726	1	2533	1	23340	2500	other	0
sub01	19	Picture	cross_default	842011	26259	1	1733	1	25840	1670	other	0
sub01	19	Picture	arrow_switch	843744	27991	1	2532	1	27510	2500	other	0
sub01	19	Picture	cross_default	846276	30524	1	2533	1	30010	2500	other	0
sub01	19	Picture	arrow_stay	848809	33057	1	2533	1	32510	2500	other	0
sub01	19	Picture	cross_respond	851341	35589	1	2532	1	35010	2500	other	0
sub01	19	Picture	cross_wait	853874	38122	1	1066	1	37510	next	hit	289
sub01	19	Response	2	854890	39137	1
sub01	19A	Picture	correct	854940	0	1	2133	1	0	2000	other	0
sub01	20	Picture	cross_default	857206	0	1	10130	1	0	10000	other	0
sub01	20	Picture	arrow_left	867336	10130	1	2533	1	10000	2500	other	0
sub01	20	Picture	cross_default	869869	12663	1	2533	1	12500	2500	other	0
sub01	20	Picture	cross_default	872402	15195	1	2533	1	15000	2500	other	0
sub01	20	Picture	cross_default	874934	17728	1	1733	1	17500	1670	other	0
sub01	20	Picture	cross_default	876667	19461	1	2533	1	19170	2500	other	0
sub01	20	Picture	cross_default	879199	21993	1	1733	1	21670	1670	other	0
sub01	20	Picture	cross_default	880932	23726	1	2533	1	23340	2500	other	0
sub01	20	Picture	cross_default	883465	26259	1	1733	1	25840	1670	other	0
sub01	20	Picture	cross_default	885197	27991	1	2533	1	27510	2500	other	0
sub01	20	Picture	cross_default	887730	30524	1	2533	1	30010	2500	other	0
sub01	20	Picture	arrow_stay	890263	33056	1	2533	1	32510	2500	other	0
sub01	20	Picture	cross_respond	892795	35589	1	2532	1	35010	2500	other	0
sub01	20	Picture	cross_wait	895328	38121	1	2932	1	37510	next	hit	305
sub01	20	Response	1	898169	40963	1
sub01	20A	Picture	correct	898260	0	1	2133	1	0	2000	other	0
sub01	21	Picture	cross_default	900526	0	1	10130	1	0	10000	other	0
sub01	21	Picture	arrow_left	910656	10130	1	2533	1	10000	2500	other	0
sub01	21	Picture	cross_default	913189	12663	1	2533	1	12500	2500	other	0
sub01	21	Picture	cross_default	915722	15195	1	7218	1	15000	2500	other	0
sub01	21	Quit		917209	16683	NA


Event Type	Code	Type	Response	RT	RT Uncertainty	Time	Uncertainty	Duration	Uncertainty	ReqTime	ReqDur

Picture	instruct	other				10133	1	76643	1	0	next
Picture	cross_default	other				86776	1	10130	1	0	10000
Picture	arrow_right	other				96906	1	2533	1	10000	2500
Picture	cross_default	other				99439	1	2532	1	12500	2500
Picture	cross_default	other				101971	1	2533	1	15000	2500
Picture	cross_default	other				104504	1	1733	1	17500	1670
Picture	cross_default	other				106237	1	2532	1	19170	2500
Picture	cross_default	other				108769	1	1733	1	21670	1670
Picture	cross_default	other				110502	1	2533	1	23340	2500
Picture	cross_default	other				113035	1	1733	1	25840	1670
Picture	cross_default	other				114768	1	2533	1	27510	2500
Picture	cross_default	other				117300	1	2533	1	30010	2500
Picture	arrow_stay	other				119833	1	2532	1	32510	2500
Picture	cross_respond	other				122365	1	2533	1	35010	2500
Picture	cross_wait	hit	2	6078	1	124898	1	6131	1	37510	next
Picture	correct	other				131029	1	2133	1	0	2000
Picture	cross_default	other				133295	1	10130	1	0	10000
Picture	arrow_left	other				143425	1	2533	1	10000	2500
Picture	cross_default	other				145958	1	2532	1	12500	2500
Picture	arrow_right	other				148490	1	2533	1	15000	2500
Picture	cross_default	other				151023	1	1733	1	17500	1670
Picture	arrow_left	other				152756	1	2532	1	19170	2500
Picture	cross_default	other				155288	1	1733	1	21670	1670
Picture	arrow_left	other				157021	1	2533	1	23340	2500
Picture	cross_default	other				159554	1	1733	1	25840	1670
Picture	arrow_left	other				161287	1	2532	1	27510	2500
Picture	cross_default	other				163819	1	2533	1	30010	2500
Picture	arrow_switch	other				166352	1	2533	1	32510	2500
Picture	cross_respond	other				168884	1	2533	1	35010	2500
Picture	cross_wait	hit	2	5879	1	171417	1	5998	1	37510	next
Picture	correct	other				177415	1	2133	1	0	2000
Picture	cross_default	other				179681	1	10130	1	0	10000
Picture	arrow_right	other				189811	1	2533	1	10000	2500
Picture	cross_default	other				192344	1	2532	1	12500	2500
Picture	cross_default	other				194876	1	2533	1	15000	2500
Picture	cross_default	other				197409	1	1733	1	17500	1670
Picture	cross_default	other				199142	1	2533	1	19170	2500
Picture	cross_default	other				201674	1	1733	1	21670	1670
Picture	cross_default	other				203407	1	2533	1	23340	2500
Picture	cross_default	other				205939	1	1733	1	25840	1670
Picture	cross_default	other				207672	1	2533	1	27510	2500
Picture	cross_default	other				210205	1	2532	1	30010	2500
Picture	arrow_switch	other				212737	1	2533	1	32510	2500
Picture	cross_respond	other				215270	1	2533	1	35010	2500
Picture	cross_wait	hit	1	2613	1	217803	1	2666	1	37510	next
Picture	correct	other				220468	1	2133	1	0	2000
Picture	cross_default	other				222734	1	10130	1	0	10000
Picture	arrow_right	other				232865	1	2533	1	10000	2500
Picture	cross_default	other				235397	1	2533	1	12500	2500
Picture	arrow_left	other				237930	1	2533	1	15000	2500
Picture	cross_default	other				240462	1	1733	1	17500	1670
Picture	arrow_stay	other				242195	1	2533	1	19170	2500
Picture	cross_default	other				244728	1	1733	1	21670	1670
Picture	arrow_stay	other				246460	1	2533	1	23340	2500
Picture	cross_default	other				248993	1	1733	1	25840	1670
Picture	arrow_stay	other				250726	1	2532	1	27510	2500
Picture	cross_default	other				253258	1	2533	1	30010	2500
Picture	arrow_stay	other				255791	1	2533	1	32510	2500
Picture	cross_respond	other				258323	1	2532	1	35010	2500
Picture	cross_wait	hit	2	3159	1	260856	1	3199	1	37510	next
Picture	correct	other				264055	1	2133	1	0	2000
Picture	cross_default	other				266321	1	10130	1	0	10000
Picture	arrow_right	other				276451	1	2533	1	10000	2500
Picture	cross_default	other				278984	1	2533	1	12500	2500
Picture	cross_default	other				281516	1	2533	1	15000	2500
Picture	cross_default	other				284049	1	1733	1	17500	1670
Picture	cross_default	other				285782	1	2533	1	19170	2500
Picture	cross_default	other				288314	1	1733	1	21670	1670
Picture	cross_default	other				290047	1	2533	1	23340	2500
Picture	cross_default	other				292580	1	1733	1	25840	1670
Picture	cross_default	other				294312	1	2533	1	27510	2500
Picture	cross_default	other				296845	1	2533	1	30010	2500
Picture	arrow_switch	other				299378	1	2532	1	32510	2500
Picture	cross_respond	other				301910	1	2533	1	35010	2500
Picture	cross_wait	hit	1	1492	1	304443	1	1600	1	37510	next
Picture	correct	other				306042	1	2133	1	0	2000
Picture	cross_default	other				308308	1	10130	1	0	10000
Picture	arrow_right	other				318438	1	2533	1	10000	2500
Picture	cross_default	other				320971	1	2533	1	12500	2500
Picture	cross_default	other				323503	1	2532	1	15000	2500
Picture	cross_default	other				326036	1	1733	1	17500	1670
Picture	cross_default	other				327769	1	2533	1	19170	2500
Picture	cross_default	other				330301	1	1733	1	21670	1670
Picture	cross_default	other				332034	1	2533	1	23340	2500
Picture	cross_default	other				334567	1	1733	1	25840	1670
Picture	cross_default	other				336299	1	2533	1	27510	2500
Picture	cross_default	other				338832	1	2533	1	30010	2500
Picture	arrow_switch	other				341365	1	2532	1	32510	2500
Picture	cross_respond	other				343897	1	2533	1	35010	2500
Picture	cross_wait	hit	1	625	1	346430	1	667	1	37510	next
Picture	correct	other				347096	1	2133	1	0	2000
Picture	cross_default	other				349362	1	10130	1	0	10000
Picture	arrow_left	other				359492	1	2533	1	10000	2500
Picture	cross_default	other				362025	1	2533	1	12500	2500
Picture	cross_default	other				364557	1	2533	1	15000	2500
Picture	cross_default	other				367090	1	1733	1	17500	1670
Picture	cross_default	other				368823	1	2532	1	19170	2500
Picture	cross_default	other				371355	1	1733	1	21670	1670
Picture	cross_default	other				373088	1	2532	1	23340	2500
Picture	cross_default	other				375621	1	1733	1	25840	1670
Picture	cross_default	other				377354	1	2533	1	27510	2500
Picture	cross_default	other				379886	1	2533	1	30010	2500
Picture	arrow_stay	other				382419	1	2533	1	32510	2500
Picture	cross_respond	other				384951	1	2533	1	35010	2500
Picture	cross_wait	hit	1	530	1	387484	1	667	1	37510	next
Picture	correct	other				388150	1	2133	1	0	2000
Picture	cross_default	other				390416	1	10130	1	0	10000
Picture	arrow_left	other				400546	1	2533	1	10000	2500
Picture	cross_default	other				403079	1	2533	1	12500	2500
Picture	arrow_switch	other				405612	1	2533	1	15000	2500
Picture	cross_default	other				408144	1	1733	1	17500	1670
Picture	arrow_right	other				409877	1	2533	1	19170	2500
Picture	cross_default	other				412410	1	1733	1	21670	1670
Picture	arrow_stay	other				414142	1	2533	1	23340	2500
Picture	cross_default	other				416675	1	1733	1	25840	1670
Picture	arrow_stay	other				418408	1	2533	1	27510	2500
Picture	cross_default	other				420940	1	2532	1	30010	2500
Picture	arrow_stay	other				423473	1	2533	1	32510	2500
Picture	cross_respond	other				426005	1	2533	1	35010	2500
Picture	cross_wait	hit	1	4356	1	428538	1	4399	1	37510	next
Picture	correct	other				432936	1	2133	1	0	2000
Picture	cross_default	other				435202	1	10130	1	0	10000
Picture	arrow_right	other				445333	1	2533	1	10000	2500
Picture	cross_default	other				447865	1	2533	1	12500	2500
Picture	arrow_switch	other				450398	1	2533	1	15000	2500
Picture	cross_default	other				452930	1	1733	1	17500	1670
Picture	arrow_stay	other				454663	1	2533	1	19170	2500
Picture	cross_default	other				457196	1	1733	1	21670	1670
Picture	arrow_stay	other				458928	1	2533	1	23340	2500
Picture	cross_default	other				461461	1	1733	1	25840	1670
Picture	arrow_stay	other				463194	1	2533	1	27510	2500
Picture	cross_default	other				465726	1	2533	1	30010	2500
Picture	arrow_switch	other				468259	1	2533	1	32510	2500
Picture	cross_respond	other				470792	1	2533	1	35010	2500
Picture	cross_wait	hit	1	769	1	473324	1	800	1	37510	next
Picture	correct	other				474124	1	2133	1	0	2000
Picture	cross_default	other				476390	1	10130	1	0	10000
Picture	arrow_right	other				486520	1	2533	1	10000	2500
Picture	cross_default	other				489053	1	2533	1	12500	2500
Picture	cross_default	other				491585	1	2533	1	15000	2500
Picture	cross_default	other				494118	1	1733	1	17500	1670
Picture	cross_default	other				495851	1	2532	1	19170	2500
Picture	cross_default	other				498383	1	1733	1	21670	1670
Picture	cross_default	other				500116	1	2533	1	23340	2500
Picture	cross_default	other				502648	1	1733	1	25840	1670
Picture	cross_default	other				504381	1	2533	1	27510	2500
Picture	cross_default	other				506914	1	2533	1	30010	2500
Picture	arrow_switch	other				509446	1	2533	1	32510	2500
Picture	cross_respond	other				511979	1	2533	1	35010	2500
Picture	cross_wait	hit	1	1502	1	514511	1	1600	1	37510	next
Picture	correct	other				516111	1	2133	1	0	2000
Picture	cross_default	other				518377	1	10130	1	0	10000
Picture	arrow_right	other				528507	1	2533	1	10000	2500
Picture	cross_default	other				531040	1	2533	1	12500	2500
Picture	arrow_left	other				533572	1	2533	1	15000	2500
Picture	cross_default	other				536105	1	1733	1	17500	1670
Picture	arrow_stay	other				537838	1	2533	1	19170	2500
Picture	cross_default	other				540370	1	1733	1	21670	1670
Picture	arrow_stay	other				542103	1	2533	1	23340	2500
Picture	cross_default	other				544636	1	1733	1	25840	1670
Picture	arrow_stay	other				546368	1	2533	1	27510	2500
Picture	cross_default	other				548901	1	2533	1	30010	2500
Picture	arrow_switch	other				551433	1	2532	1	32510	2500
Picture	cross_respond	other				553966	1	2533	1	35010	2500
Picture	cross_wait	hit	1	1514	1	556498	1	1599	1	37510	next
Picture	correct	other				558098	1	2133	1	0	2000
Picture	cross_default	other				560364	1	10130	1	0	10000
Picture	arrow_right	other				570494	1	2532	1	10000	2500
Picture	cross_default	other				573027	1	2533	1	12500	2500
Picture	arrow_left	other				575559	1	2532	1	15000	2500
Picture	cross_default	other				578092	1	1733	1	17500	1670
Picture	arrow_stay	other				579825	1	2533	1	19170	2500
Picture	cross_default	other				582357	1	1733	1	21670	1670
Picture	arrow_stay	other				584090	1	2533	1	23340	2500
Picture	cross_default	other				586623	1	1733	1	25840	1670
Picture	arrow_stay	other				588355	1	2532	1	27510	2500
Picture	cross_default	other				590888	1	2533	1	30010	2500
Picture	arrow_switch	other				593420	1	2533	1	32510	2500
Picture	cross_respond	other				595953	1	2532	1	35010	2500
Picture	cross_wait	hit	1	2566	1	598486	1	2666	1	37510	next
Picture	correct	other				601151	1	2133	1	0	2000
Picture	cross_default	other				603417	1	10130	1	0	10000
Picture	arrow_right	other				613548	1	2532	1	10000	2500
Picture	cross_default	other				616080	1	2533	1	12500	2500
Picture	cross_default	other				618613	1	2533	1	15000	2500
Picture	cross_default	other				621145	1	1733	1	17500	1670
Picture	cross_default	other				622878	1	2533	1	19170	2500
Picture	cross_default	other				625411	1	1733	1	21670	1670
Picture	cross_default	other				627143	1	2532	1	23340	2500
Picture	cross_default	other				629676	1	1733	1	25840	1670
Picture	cross_default	other				631409	1	2533	1	27510	2500
Picture	cross_default	other				633941	1	2532	1	30010	2500
Picture	arrow_stay	other				636474	1	2533	1	32510	2500
Picture	cross_respond	other				639007	1	2533	1	35010	2500
Picture	cross_wait	hit	2	73	1	641539	1	133	1	37510	next
Picture	correct	other				641672	1	2133	1	0	2000
Picture	cross_default	other				643938	1	10130	1	0	10000
Picture	arrow_right	other				654069	1	2533	1	10000	2500
Picture	cross_default	other				656601	1	2533	1	12500	2500
Picture	arrow_left	other				659134	1	2533	1	15000	2500
Picture	cross_default	other				661666	1	1733	1	17500	1670
Picture	arrow_stay	other				663399	1	2533	1	19170	2500
Picture	cross_default	other				665932	1	1733	1	21670	1670
Picture	arrow_stay	other				667664	1	2533	1	23340	2500
Picture	cross_default	other				670197	1	1733	1	25840	1670
Picture	arrow_stay	other				671930	1	2533	1	27510	2500
Picture	cross_default	other				674462	1	2533	1	30010	2500
Picture	arrow_stay	other				676995	1	2533	1	32510	2500
Picture	cross_respond	other				679527	1	2533	1	35010	2500
Picture	cross_wait	hit	2	2112	1	682060	1	2133	1	37510	next
Picture	correct	other				684193	1	2133	1	0	2000
Picture	cross_default	other				686459	1	10130	1	0	10000
Picture	arrow_left	other				696589	1	2533	1	10000	2500
Picture	cross_default	other				699121	1	2533	1	12500	2500
Picture	cross_default	other				701654	1	2533	1	15000	2500
Picture	cross_default	other				704187	1	1733	1	17500	1670
Picture	cross_default	other				705919	1	2533	1	19170	2500
Picture	cross_default	other				708452	1	1733	1	21670	1670
Picture	cross_default	other				710185	1	2533	1	23340	2500
Picture	cross_default	other				712717	1	1733	1	25840	1670
Picture	cross_default	other				714450	1	2533	1	27510	2500
Picture	cross_default	other				716983	1	2533	1	30010	2500
Picture	arrow_switch	other				719515	1	2533	1	32510	2500
Picture	cross_respond	other				722048	1	2533	1	35010	2500
Picture	cross_wait	hit	2	551	1	724580	1	667	1	37510	next
Picture	correct	other				725247	1	2133	1	0	2000
Picture	cross_default	other				727513	1	10130	1	0	10000
Picture	arrow_left	other				737643	1	2533	1	10000	2500
Picture	cross_default	other				740175	1	2533	1	12500	2500
Picture	arrow_switch	other				742708	1	2532	1	15000	2500
Picture	cross_default	other				745240	1	1733	1	17500	1670
Picture	arrow_switch	other				746973	1	2532	1	19170	2500
Picture	cross_default	other				749506	1	1733	1	21670	1670
Picture	arrow_switch	other				751239	1	2532	1	23340	2500
Picture	cross_default	other				753771	1	1733	1	25840	1670
Picture	arrow_switch	other				755504	1	2533	1	27510	2500
Picture	cross_default	other				758037	1	2532	1	30010	2500
Picture	arrow_stay	other				760569	1	2533	1	32510	2500
Picture	cross_respond	other				763102	1	2533	1	35010	2500
Picture	cross_wait	hit	1	2296	1	765634	1	2399	1	37510	next
Picture	correct	other				768033	1	2133	1	0	2000
Picture	cross_default	other				770299	1	10130	1	0	10000
Picture	arrow_right	other				780430	1	2533	1	10000	2500
Picture	cross_default	other				782962	1	2533	1	12500	2500
Picture	arrow_right	other				785495	1	2532	1	15000	2500
Picture	cross_default	other				788027	1	1733	1	17500	1670
Picture	arrow_left	other				789760	1	2533	1	19170	2500
Picture	cross_default	other				792293	1	1733	1	21670	1670
Picture	arrow_stay	other				794026	1	2533	1	23340	2500
Picture	cross_default	other				796558	1	1733	1	25840	1670
Picture	arrow_stay	other				798291	1	2533	1	27510	2500
Picture	cross_default	other				800823	1	2533	1	30010	2500
Picture	arrow_switch	other				803356	1	2532	1	32510	2500
Picture	cross_respond	other				805888	1	2533	1	35010	2500
Picture	cross_wait	hit	1	4949	1	808421	1	5065	1	37510	next
Picture	correct	other				813486	1	2133	1	0	2000
Picture	cross_default	other				815752	1	10130	1	0	10000
Picture	arrow_right	other				825882	1	2533	1	10000	2500
Picture	cross_default	other				828415	1	2532	1	12500	2500
Picture	arrow_left	other				830947	1	2533	1	15000	2500
Picture	cross_default	other				833480	1	1733	1	17500	1670
Picture	arrow_stay	other				835213	1	2533	1	19170	2500
Picture	cross_default	other				837745	1	1733	1	21670	1670
Picture	arrow_switch	other				839478	1	2533	1	23340	2500
Picture	cross_default	other				842011	1	1733	1	25840	1670
Picture	arrow_switch	other				843744	1	2532	1	27510	2500
Picture	cross_default	other				846276	1	2533	1	30010	2500
Picture	arrow_stay	other				848809	1	2533	1	32510	2500
Picture	cross_respond	other				851341	1	2532	1	35010	2500
Picture	cross_wait	hit	2	1016	1	853874	1	1066	1	37510	next
Picture	correct	other				854940	1	2133	1	0	2000
Picture	cross_default	other				857206	1	10130	1	0	10000
Picture	arrow_left	other				867336	1	2533	1	10000	2500
Picture	cross_default	other				869869	1	2533	1	12500	2500
Picture	cross_default	other				872402	1	2533	1	15000	2500
Picture	cross_default	other				874934	1	1733	1	17500	1670
Picture	cross_default	other				876667	1	2533	1	19170	2500
Picture	cross_default	other				879199	1	1733	1	21670	1670
Picture	cross_default	other				880932	1	2533	1	23340	2500
Picture	cross_default	other				883465	1	1733	1	25840	1670
Picture	cross_default	other				885197	1	2533	1	27510	2500
Picture	cross_default	other				887730	1	2533	1	30010	2500
Picture	arrow_stay	other				890263	1	2533	1	32510	2500
Picture	cross_respond	other				892795	1	2532	1	35010	2500
Picture	cross_wait	hit	1	2842	1	895328	1	2932	1	37510	next
Picture	correct	other				898260	1	2133	1	0	2000
Picture	cross_default	other				900526	1	10130	1	0	10000
Picture	arrow_left	other				910656	1	2533	1	10000	2500
Picture	cross_default	other				913189	1	2533	1	12500	2500
Picture	cross_default	other				915722	1	7218	1	15000	2500
