Scenario - bike_pilot_practice
Logfile written - 09/13/2019 09:47:30

Subject	Trial	Event Type	Code	Time	TTime	Uncertainty	Duration	Uncertainty	ReqTime	ReqDur	Stim Type	Pair Index

sub02	1	Picture	instruct	10133	0	1	191941	1	0	next	other	0
sub02	1	Response	1	201966	191833	1
sub02	2	Picture	cross_start	202074	0	1	10130	1	0	10000	other	0
sub02	2	Picture	arrow_left	212204	10130	1	2533	1	10000	2500	other	0
sub02	2	Picture	cross_default	214737	12663	1	3865	1	12500	3750	other	0
sub02	2	Picture	arrow_right	218602	16528	1	2533	1	16250	2500	other	0
sub02	2	Picture	cross_default	221135	19061	1	2533	1	18750	2500	other	0
sub02	2	Picture	arrow_stay	223667	21593	1	2533	1	21250	2500	other	0
sub02	2	Picture	cross_default	226200	24126	1	2533	1	23750	2500	other	0
sub02	2	Picture	arrow_switch	228733	26659	1	2533	1	26250	2500	other	0
sub02	2	Picture	cross_default	231265	29191	1	3865	1	28750	3750	other	0
sub02	2	Picture	arrow_stay	235130	33057	1	2533	1	32500	2500	other	0
sub02	2	Picture	cross_respond	237663	35589	1	2533	1	35000	2500	other	0
sub02	2	Picture	cross_wait	240196	38122	1	5198	1	37500	next	hit	15
sub02	2	Response	1	245245	43171	1
sub02	2A	Picture	correct	245394	0	1	2133	1	0	2000	other	0
sub02	3	Picture	cross_start	247660	0	1	10130	1	0	10000	other	0
sub02	3	Picture	arrow_right	257790	10130	1	2533	1	10000	2500	other	0
sub02	3	Picture	cross_default	260323	12663	1	3865	1	12500	3750	other	0
sub02	3	Picture	cross_default	264188	16528	1	2533	1	16250	2500	other	0
sub02	3	Picture	cross_default	266721	19061	1	2533	1	18750	2500	other	0
sub02	3	Picture	cross_default	269253	21593	1	2533	1	21250	2500	other	0
sub02	3	Picture	cross_default	271786	24126	1	2533	1	23750	2500	other	0
sub02	3	Picture	cross_default	274319	26658	1	2532	1	26250	2500	other	0
sub02	3	Picture	cross_default	276851	29191	1	3866	1	28750	3750	other	0
sub02	3	Response	2	279245	31585	1
sub02	3	Picture	arrow_switch	280717	33057	1	2532	1	32500	2500	other	0
sub02	3	Picture	cross_respond	283249	35589	1	2533	1	35000	2500	other	0
sub02	3	Picture	cross_wait	285782	38122	1	13862	1	37500	next	miss	0
sub02	3	Response	2	299565	51905	1
sub02	3A	Picture	incorrect	299644	0	1	2133	1	0	2000	other	0
sub02	4	Picture	cross_start	301910	0	1	10130	1	0	10000	other	0
sub02	4	Picture	arrow_left	312040	10130	1	2532	1	10000	2500	other	0
sub02	4	Picture	cross_default	314573	12663	1	3866	1	12500	3750	other	0
sub02	4	Picture	cross_default	318438	16528	1	2533	1	16250	2500	other	0
sub02	4	Picture	cross_default	320971	19061	1	2532	1	18750	2500	other	0
sub02	4	Picture	cross_default	323503	21593	1	2533	1	21250	2500	other	0
sub02	4	Picture	cross_default	326036	24126	1	2533	1	23750	2500	other	0
sub02	4	Picture	cross_default	328569	26658	1	2533	1	26250	2500	other	0
sub02	4	Picture	cross_default	331101	29191	1	3865	1	28750	3750	other	0
sub02	4	Picture	arrow_stay	334967	33056	1	2533	1	32500	2500	other	0
sub02	4	Picture	cross_respond	337499	35589	1	2533	1	35000	2500	other	0
sub02	4	Picture	cross_wait	340032	38122	1	9064	1	37500	next	hit	44
sub02	4	Response	1	349004	47094	1
sub02	4A	Picture	correct	349096	0	1	2133	1	0	2000	other	0
sub02	5	Picture	cross_start	351362	0	1	10130	1	0	10000	other	0
sub02	5	Picture	arrow_left	361492	10130	1	2533	1	10000	2500	other	0
sub02	5	Picture	cross_default	364024	12663	1	3866	1	12500	3750	other	0
sub02	5	Picture	cross_default	367890	16528	1	2532	1	16250	2500	other	0
sub02	5	Picture	cross_default	370422	19061	1	2533	1	18750	2500	other	0
sub02	5	Picture	cross_default	372955	21593	1	2533	1	21250	2500	other	0
sub02	5	Picture	cross_default	375487	24126	1	2533	1	23750	2500	other	0
sub02	5	Picture	cross_default	378020	26658	1	2533	1	26250	2500	other	0
sub02	5	Picture	cross_default	380553	29191	1	3865	1	28750	3750	other	0
sub02	5	Picture	arrow_stay	384418	33056	1	2533	1	32500	2500	other	0
sub02	5	Picture	cross_respond	386951	35589	1	2533	1	35000	2500	other	0
sub02	5	Picture	cross_wait	389483	38122	1	1733	1	37500	next	hit	58
sub02	5	Response	1	391164	39803	1
sub02	5A	Picture	correct	391216	0	1	2133	1	0	2000	other	0
sub02	6	Picture	cross_start	393482	0	1	10130	1	0	10000	other	0
sub02	6	Picture	arrow_left	403612	10130	1	2533	1	10000	2500	other	0
sub02	6	Picture	cross_default	406145	12663	1	3865	1	12500	3750	other	0
sub02	6	Picture	arrow_stay	410010	16528	1	2532	1	16250	2500	other	0
sub02	6	Picture	cross_default	412543	19061	1	2533	1	18750	2500	other	0
sub02	6	Picture	arrow_right	415075	21593	1	2532	1	21250	2500	other	0
sub02	6	Picture	cross_default	417608	24126	1	2533	1	23750	2500	other	0
sub02	6	Picture	arrow_switch	420140	26658	1	2532	1	26250	2500	other	0
sub02	6	Picture	cross_default	422673	29191	1	3866	1	28750	3750	other	0
sub02	6	Picture	arrow_switch	426538	33056	1	2533	1	32500	2500	other	0
sub02	6	Picture	cross_respond	429071	35589	1	2533	1	35000	2500	other	0
sub02	6	Picture	cross_wait	431604	38122	1	5598	1	37500	next	hit	72
sub02	6	Response	2	437084	43602	1
sub02	6A	Picture	correct	437202	0	1	2133	1	0	2000	other	0
sub02	7	Picture	cross_start	439468	0	1	10130	1	0	10000	other	0
sub02	7	Picture	arrow_left	449598	10130	1	2532	1	10000	2500	other	0
sub02	7	Picture	cross_default	452131	12663	1	3866	1	12500	3750	other	0
sub02	7	Picture	cross_default	455996	16528	1	2532	1	16250	2500	other	0
sub02	7	Picture	cross_default	458529	19061	1	2533	1	18750	2500	other	0
sub02	7	Picture	cross_default	461061	21593	1	2532	1	21250	2500	other	0
sub02	7	Picture	cross_default	463594	24126	1	2533	1	23750	2500	other	0
sub02	7	Picture	cross_default	466126	26658	1	2533	1	26250	2500	other	0
sub02	7	Picture	cross_default	468659	29191	1	3865	1	28750	3750	other	0
sub02	7	Picture	arrow_switch	472524	33057	1	2533	1	32500	2500	other	0
sub02	7	Picture	cross_respond	475057	35589	1	2532	1	35000	2500	other	0
sub02	7	Picture	cross_wait	477589	38122	1	4132	1	37500	next	hit	86
sub02	7	Response	2	481643	42175	1
sub02	7A	Picture	correct	481722	0	1	2133	1	0	2000	other	0
sub02	8	Picture	cross_start	483987	0	1	10130	1	0	10000	other	0
sub02	8	Picture	arrow_left	494118	10130	1	2532	1	10000	2500	other	0
sub02	8	Picture	cross_default	496650	12663	1	3866	1	12500	3750	other	0
sub02	8	Picture	arrow_left	500516	16528	1	2533	1	16250	2500	other	0
sub02	8	Picture	cross_default	503048	19061	1	2533	1	18750	2500	other	0
sub02	8	Picture	arrow_stay	505581	21593	1	2533	1	21250	2500	other	0
sub02	8	Picture	cross_default	508113	24126	1	2532	1	23750	2500	other	0
sub02	8	Picture	arrow_left	510646	26658	1	2533	1	26250	2500	other	0
sub02	8	Picture	cross_default	513179	29191	1	3866	1	28750	3750	other	0
sub02	8	Picture	arrow_stay	517044	33057	1	2532	1	32500	2500	other	0
sub02	8	Picture	cross_respond	519576	35589	1	2533	1	35000	2500	other	0
sub02	8	Picture	cross_wait	522109	38122	1	6531	1	37500	next	hit	100
sub02	8	Response	1	528523	44536	1
sub02	8A	Picture	correct	528640	0	1	2133	1	0	2000	other	0
sub02	9	Picture	cross_start	530906	0	1	10130	1	0	10000	other	0
sub02	9	Picture	arrow_right	541037	10130	1	2533	1	10000	2500	other	0
sub02	9	Picture	cross_default	543569	12663	1	3865	1	12500	3750	other	0
sub02	9	Picture	arrow_stay	547435	16528	1	2533	1	16250	2500	other	0
sub02	9	Picture	cross_default	549967	19061	1	2533	1	18750	2500	other	0
sub02	9	Picture	arrow_stay	552500	21593	1	2533	1	21250	2500	other	0
sub02	9	Picture	cross_default	555032	24126	1	2532	1	23750	2500	other	0
sub02	9	Picture	arrow_switch	557565	26658	1	2533	1	26250	2500	other	0
sub02	9	Picture	cross_default	560097	29191	1	3866	1	28750	3750	other	0
sub02	9	Picture	arrow_switch	563963	33057	1	2533	1	32500	2500	other	0
sub02	9	Picture	cross_respond	566496	35589	1	2532	1	35000	2500	other	0
sub02	9	Picture	cross_wait	569028	38122	1	5732	1	37500	next	hit	114
sub02	9	Response	1	574683	43776	1
sub02	9A	Picture	correct	574760	0	1	2133	1	0	2000	other	0
sub02	10	Picture	cross_start	577026	0	1	10130	1	0	10000	other	0
sub02	10	Picture	arrow_left	587156	10130	1	2532	1	10000	2500	other	0
sub02	10	Picture	cross_default	589688	12663	1	3866	1	12500	3750	other	0
sub02	10	Picture	cross_default	593554	16528	1	2532	1	16250	2500	other	0
sub02	10	Picture	cross_default	596086	19061	1	2533	1	18750	2500	other	0
sub02	10	Picture	cross_default	598619	21593	1	2533	1	21250	2500	other	0
sub02	10	Picture	cross_default	601151	24126	1	2533	1	23750	2500	other	0
sub02	10	Picture	cross_default	603684	26658	1	2533	1	26250	2500	other	0
sub02	10	Picture	cross_default	606217	29191	1	3865	1	28750	3750	other	0
sub02	10	Picture	arrow_stay	610082	33056	1	2533	1	32500	2500	other	0
sub02	10	Picture	cross_respond	612615	35589	1	2533	1	35000	2500	other	0
sub02	10	Picture	cross_wait	615147	38122	1	6798	1	37500	next	hit	128
sub02	10	Response	1	621882	44856	1
sub02	10A	Picture	correct	621945	0	1	2133	1	0	2000	other	0
sub02	11	Picture	cross_start	624211	0	1	10130	1	0	10000	other	0
sub02	11	Picture	arrow_left	634341	10130	1	2533	1	10000	2500	other	0
sub02	11	Picture	cross_default	636874	12663	1	3865	1	12500	3750	other	0
sub02	11	Picture	cross_default	640739	16528	1	2533	1	16250	2500	other	0
sub02	11	Picture	cross_default	643272	19061	1	2533	1	18750	2500	other	0
sub02	11	Picture	cross_default	645804	21593	1	2533	1	21250	2500	other	0
sub02	11	Picture	cross_default	648337	24126	1	2532	1	23750	2500	other	0
sub02	11	Picture	cross_default	650870	26658	1	2533	1	26250	2500	other	0
sub02	11	Picture	cross_default	653402	29191	1	3866	1	28750	3750	other	0
sub02	11	Picture	arrow_stay	657268	33057	1	2532	1	32500	2500	other	0
sub02	11	Picture	cross_respond	659800	35589	1	2533	1	35000	2500	other	0
sub02	11	Picture	cross_wait	662333	38122	1	133	1	37500	next	hit	142
sub02	11	Response	1	662362	38151	1
sub02	11A	Picture	correct	662466	0	1	2133	1	0	2000	other	0
sub02	12	Picture	cross_start	664732	0	1	10130	1	0	10000	other	0
sub02	12	Picture	arrow_right	674862	10130	1	2533	1	10000	2500	other	0
sub02	12	Picture	cross_default	677395	12663	1	3865	1	12500	3750	other	0
sub02	12	Picture	cross_default	681260	16528	1	2533	1	16250	2500	other	0
sub02	12	Picture	cross_default	683793	19061	1	2533	1	18750	2500	other	0
sub02	12	Picture	cross_default	686325	21593	1	2533	1	21250	2500	other	0
sub02	12	Picture	cross_default	688858	24126	1	2533	1	23750	2500	other	0
sub02	12	Picture	cross_default	691391	26659	1	2532	1	26250	2500	other	0
sub02	12	Picture	cross_default	693923	29191	1	3866	1	28750	3750	other	0
sub02	12	Picture	arrow_switch	697789	33057	1	2533	1	32500	2500	other	0
sub02	12	Picture	cross_respond	700321	35589	1	2533	1	35000	2500	other	0
sub02	12	Picture	cross_wait	702854	38122	1	5332	2	37500	next	hit	156
sub02	12	Response	1	708041	43309	1
sub02	12A	Picture	correct	708185	0	1	2133	1	0	2000	other	0
sub02	13	Picture	cross_start	710451	0	1	10130	1	0	10000	other	0
sub02	13	Picture	arrow_left	720581	10130	1	2533	1	10000	2500	other	0
sub02	13	Picture	cross_default	723114	12663	1	3866	1	12500	3750	other	0
sub02	13	Picture	cross_default	726980	16528	1	2532	1	16250	2500	other	0
sub02	13	Picture	cross_default	729512	19061	1	2533	1	18750	2500	other	0
sub02	13	Picture	cross_default	732045	21593	1	2533	1	21250	2500	other	0
sub02	13	Picture	cross_default	734577	24126	1	2533	1	23750	2500	other	0
sub02	13	Picture	cross_default	737110	26658	1	2533	1	26250	2500	other	0
sub02	13	Picture	cross_default	739642	29191	1	3866	1	28750	3750	other	0
sub02	13	Picture	arrow_switch	743508	33056	1	2533	1	32500	2500	other	0
sub02	13	Picture	cross_respond	746040	35589	1	2533	1	35000	2500	other	0
sub02	13	Picture	cross_wait	748573	38122	1	7331	1	37500	next	hit	170
sub02	13	Response	2	755801	45350	1
sub02	13A	Picture	correct	755904	0	1	2133	1	0	2000	other	0
sub02	14	Picture	cross_start	758170	0	1	10130	1	0	10000	other	0
sub02	14	Picture	arrow_left	768300	10130	1	7438	1	10000	2500	other	0
sub02	14	Quit		769880	11710	NA


Event Type	Code	Type	Response	RT	RT Uncertainty	Time	Uncertainty	Duration	Uncertainty	ReqTime	ReqDur

Picture	instruct	other				10133	1	191941	1	0	next
Picture	cross_start	other				202074	1	10130	1	0	10000
Picture	arrow_left	other				212204	1	2533	1	10000	2500
Picture	cross_default	other				214737	1	3865	1	12500	3750
Picture	arrow_right	other				218602	1	2533	1	16250	2500
Picture	cross_default	other				221135	1	2533	1	18750	2500
Picture	arrow_stay	other				223667	1	2533	1	21250	2500
Picture	cross_default	other				226200	1	2533	1	23750	2500
Picture	arrow_switch	other				228733	1	2533	1	26250	2500
Picture	cross_default	other				231265	1	3865	1	28750	3750
Picture	arrow_stay	other				235130	1	2533	1	32500	2500
Picture	cross_respond	other				237663	1	2533	1	35000	2500
Picture	cross_wait	hit	1	5050	1	240196	1	5198	1	37500	next
Picture	correct	other				245394	1	2133	1	0	2000
Picture	cross_start	other				247660	1	10130	1	0	10000
Picture	arrow_right	other				257790	1	2533	1	10000	2500
Picture	cross_default	other				260323	1	3865	1	12500	3750
Picture	cross_default	other				264188	1	2533	1	16250	2500
Picture	cross_default	other				266721	1	2533	1	18750	2500
Picture	cross_default	other				269253	1	2533	1	21250	2500
Picture	cross_default	other				271786	1	2533	1	23750	2500
Picture	cross_default	other				274319	1	2532	1	26250	2500
Picture	cross_default	other				276851	1	3866	1	28750	3750
Picture	arrow_switch	other				280717	1	2532	1	32500	2500
Picture	cross_respond	other				283249	1	2533	1	35000	2500
Picture	cross_wait	miss				285782	1	13862	1	37500	next
Picture	incorrect	other				299644	1	2133	1	0	2000
Picture	cross_start	other				301910	1	10130	1	0	10000
Picture	arrow_left	other				312040	1	2532	1	10000	2500
Picture	cross_default	other				314573	1	3866	1	12500	3750
Picture	cross_default	other				318438	1	2533	1	16250	2500
Picture	cross_default	other				320971	1	2532	1	18750	2500
Picture	cross_default	other				323503	1	2533	1	21250	2500
Picture	cross_default	other				326036	1	2533	1	23750	2500
Picture	cross_default	other				328569	1	2533	1	26250	2500
Picture	cross_default	other				331101	1	3865	1	28750	3750
Picture	arrow_stay	other				334967	1	2533	1	32500	2500
Picture	cross_respond	other				337499	1	2533	1	35000	2500
Picture	cross_wait	hit	1	8973	1	340032	1	9064	1	37500	next
Picture	correct	other				349096	1	2133	1	0	2000
Picture	cross_start	other				351362	1	10130	1	0	10000
Picture	arrow_left	other				361492	1	2533	1	10000	2500
Picture	cross_default	other				364024	1	3866	1	12500	3750
Picture	cross_default	other				367890	1	2532	1	16250	2500
Picture	cross_default	other				370422	1	2533	1	18750	2500
Picture	cross_default	other				372955	1	2533	1	21250	2500
Picture	cross_default	other				375487	1	2533	1	23750	2500
Picture	cross_default	other				378020	1	2533	1	26250	2500
Picture	cross_default	other				380553	1	3865	1	28750	3750
Picture	arrow_stay	other				384418	1	2533	1	32500	2500
Picture	cross_respond	other				386951	1	2533	1	35000	2500
Picture	cross_wait	hit	1	1681	1	389483	1	1733	1	37500	next
Picture	correct	other				391216	1	2133	1	0	2000
Picture	cross_start	other				393482	1	10130	1	0	10000
Picture	arrow_left	other				403612	1	2533	1	10000	2500
Picture	cross_default	other				406145	1	3865	1	12500	3750
Picture	arrow_stay	other				410010	1	2532	1	16250	2500
Picture	cross_default	other				412543	1	2533	1	18750	2500
Picture	arrow_right	other				415075	1	2532	1	21250	2500
Picture	cross_default	other				417608	1	2533	1	23750	2500
Picture	arrow_switch	other				420140	1	2532	1	26250	2500
Picture	cross_default	other				422673	1	3866	1	28750	3750
Picture	arrow_switch	other				426538	1	2533	1	32500	2500
Picture	cross_respond	other				429071	1	2533	1	35000	2500
Picture	cross_wait	hit	2	5480	1	431604	1	5598	1	37500	next
Picture	correct	other				437202	1	2133	1	0	2000
Picture	cross_start	other				439468	1	10130	1	0	10000
Picture	arrow_left	other				449598	1	2532	1	10000	2500
Picture	cross_default	other				452131	1	3866	1	12500	3750
Picture	cross_default	other				455996	1	2532	1	16250	2500
Picture	cross_default	other				458529	1	2533	1	18750	2500
Picture	cross_default	other				461061	1	2532	1	21250	2500
Picture	cross_default	other				463594	1	2533	1	23750	2500
Picture	cross_default	other				466126	1	2533	1	26250	2500
Picture	cross_default	other				468659	1	3865	1	28750	3750
Picture	arrow_switch	other				472524	1	2533	1	32500	2500
Picture	cross_respond	other				475057	1	2532	1	35000	2500
Picture	cross_wait	hit	2	4054	1	477589	1	4132	1	37500	next
Picture	correct	other				481722	1	2133	1	0	2000
Picture	cross_start	other				483987	1	10130	1	0	10000
Picture	arrow_left	other				494118	1	2532	1	10000	2500
Picture	cross_default	other				496650	1	3866	1	12500	3750
Picture	arrow_left	other				500516	1	2533	1	16250	2500
Picture	cross_default	other				503048	1	2533	1	18750	2500
Picture	arrow_stay	other				505581	1	2533	1	21250	2500
Picture	cross_default	other				508113	1	2532	1	23750	2500
Picture	arrow_left	other				510646	1	2533	1	26250	2500
Picture	cross_default	other				513179	1	3866	1	28750	3750
Picture	arrow_stay	other				517044	1	2532	1	32500	2500
Picture	cross_respond	other				519576	1	2533	1	35000	2500
Picture	cross_wait	hit	1	6414	1	522109	1	6531	1	37500	next
Picture	correct	other				528640	1	2133	1	0	2000
Picture	cross_start	other				530906	1	10130	1	0	10000
Picture	arrow_right	other				541037	1	2533	1	10000	2500
Picture	cross_default	other				543569	1	3865	1	12500	3750
Picture	arrow_stay	other				547435	1	2533	1	16250	2500
Picture	cross_default	other				549967	1	2533	1	18750	2500
Picture	arrow_stay	other				552500	1	2533	1	21250	2500
Picture	cross_default	other				555032	1	2532	1	23750	2500
Picture	arrow_switch	other				557565	1	2533	1	26250	2500
Picture	cross_default	other				560097	1	3866	1	28750	3750
Picture	arrow_switch	other				563963	1	2533	1	32500	2500
Picture	cross_respond	other				566496	1	2532	1	35000	2500
Picture	cross_wait	hit	1	5655	1	569028	1	5732	1	37500	next
Picture	correct	other				574760	1	2133	1	0	2000
Picture	cross_start	other				577026	1	10130	1	0	10000
Picture	arrow_left	other				587156	1	2532	1	10000	2500
Picture	cross_default	other				589688	1	3866	1	12500	3750
Picture	cross_default	other				593554	1	2532	1	16250	2500
Picture	cross_default	other				596086	1	2533	1	18750	2500
Picture	cross_default	other				598619	1	2533	1	21250	2500
Picture	cross_default	other				601151	1	2533	1	23750	2500
Picture	cross_default	other				603684	1	2533	1	26250	2500
Picture	cross_default	other				606217	1	3865	1	28750	3750
Picture	arrow_stay	other				610082	1	2533	1	32500	2500
Picture	cross_respond	other				612615	1	2533	1	35000	2500
Picture	cross_wait	hit	1	6734	1	615147	1	6798	1	37500	next
Picture	correct	other				621945	1	2133	1	0	2000
Picture	cross_start	other				624211	1	10130	1	0	10000
Picture	arrow_left	other				634341	1	2533	1	10000	2500
Picture	cross_default	other				636874	1	3865	1	12500	3750
Picture	cross_default	other				640739	1	2533	1	16250	2500
Picture	cross_default	other				643272	1	2533	1	18750	2500
Picture	cross_default	other				645804	1	2533	1	21250	2500
Picture	cross_default	other				648337	1	2532	1	23750	2500
Picture	cross_default	other				650870	1	2533	1	26250	2500
Picture	cross_default	other				653402	1	3866	1	28750	3750
Picture	arrow_stay	other				657268	1	2532	1	32500	2500
Picture	cross_respond	other				659800	1	2533	1	35000	2500
Picture	cross_wait	hit	1	29	1	662333	1	133	1	37500	next
Picture	correct	other				662466	1	2133	1	0	2000
Picture	cross_start	other				664732	1	10130	1	0	10000
Picture	arrow_right	other				674862	1	2533	1	10000	2500
Picture	cross_default	other				677395	1	3865	1	12500	3750
Picture	cross_default	other				681260	1	2533	1	16250	2500
Picture	cross_default	other				683793	1	2533	1	18750	2500
Picture	cross_default	other				686325	1	2533	1	21250	2500
Picture	cross_default	other				688858	1	2533	1	23750	2500
Picture	cross_default	other				691391	1	2532	1	26250	2500
Picture	cross_default	other				693923	1	3866	1	28750	3750
Picture	arrow_switch	other				697789	1	2533	1	32500	2500
Picture	cross_respond	other				700321	1	2533	1	35000	2500
Picture	cross_wait	hit	1	5188	1	702854	1	5332	2	37500	next
Picture	correct	other				708185	1	2133	1	0	2000
Picture	cross_start	other				710451	1	10130	1	0	10000
Picture	arrow_left	other				720581	1	2533	1	10000	2500
Picture	cross_default	other				723114	1	3866	1	12500	3750
Picture	cross_default	other				726980	1	2532	1	16250	2500
Picture	cross_default	other				729512	1	2533	1	18750	2500
Picture	cross_default	other				732045	1	2533	1	21250	2500
Picture	cross_default	other				734577	1	2533	1	23750	2500
Picture	cross_default	other				737110	1	2533	1	26250	2500
Picture	cross_default	other				739642	1	3866	1	28750	3750
Picture	arrow_switch	other				743508	1	2533	1	32500	2500
Picture	cross_respond	other				746040	1	2533	1	35000	2500
Picture	cross_wait	hit	2	7228	1	748573	1	7331	1	37500	next
Picture	correct	other				755904	1	2133	1	0	2000
Picture	cross_start	other				758170	1	10130	1	0	10000
Picture	arrow_left	other				768300	1	7438	1	10000	2500
