Scenario - bike_pilot_practice
Logfile written - 09/17/2019 12:10:51

Subject	Trial	Event Type	Code	Time	TTime	Uncertainty	Duration	Uncertainty	ReqTime	ReqDur	Stim Type	Pair Index

sub07	1	Picture	instruct	10133	0	1	142755	1	0	next	other	0
sub07	1	Response	1	152861	142728	1
sub07	2	Picture	cross_start	152888	0	1	10130	1	0	10000	other	0
sub07	2	Picture	arrow_right	163018	10130	1	2533	1	10000	2500	other	0
sub07	2	Picture	cross_default	165550	12663	1	3865	1	12500	3750	other	0
sub07	2	Picture	arrow_right	169416	16528	1	2533	1	16250	2500	other	0
sub07	2	Picture	cross_default	171948	19061	1	2533	1	18750	2500	other	0
sub07	2	Picture	arrow_switch	174481	21593	1	2532	1	21250	2500	other	0
sub07	2	Picture	cross_default	177013	24126	1	2533	1	23750	2500	other	0
sub07	2	Picture	arrow_right	179546	26658	1	2533	1	26250	2500	other	0
sub07	2	Picture	cross_default	182078	29191	1	3865	1	28750	3750	other	0
sub07	2	Picture	arrow_stay	185944	33056	1	2533	1	32500	2500	other	0
sub07	2	Picture	cross_respond	188476	35589	1	2533	1	35000	2500	other	0
sub07	2	Picture	cross_wait	191009	38121	1	86906	1	37500	next	miss	0
sub07	2	Response	1	277819	124932	1
sub07	2A	Picture	incorrect	277914	0	1	2133	1	0	2000	other	0
sub07	3	Picture	cross_start	280180	0	1	10130	1	0	10000	other	0
sub07	3	Picture	arrow_left	290310	10130	1	2532	1	10000	2500	other	0
sub07	3	Picture	cross_default	292843	12663	1	3866	1	12500	3750	other	0
sub07	3	Picture	arrow_right	296708	16528	1	2532	1	16250	2500	other	0
sub07	3	Picture	cross_default	299241	19061	1	2533	1	18750	2500	other	0
sub07	3	Picture	arrow_stay	301773	21593	1	2533	1	21250	2500	other	0
sub07	3	Picture	cross_default	304306	24126	1	2533	1	23750	2500	other	0
sub07	3	Picture	arrow_switch	306838	26658	1	2532	1	26250	2500	other	0
sub07	3	Picture	cross_default	309371	29191	1	3865	1	28750	3750	other	0
sub07	3	Picture	arrow_stay	313236	33056	1	2533	1	32500	2500	other	0
sub07	3	Picture	cross_respond	315769	35589	1	2532	1	35000	2500	other	0
sub07	3	Picture	cross_wait	318301	38121	1	15329	1	37500	next	miss	0
sub07	3	Response	2	333579	53399	1
sub07	3A	Picture	incorrect	333630	0	1	2133	1	0	2000	other	0
sub07	4	Picture	cross_start	335896	0	1	10130	1	0	10000	other	0
sub07	4	Picture	arrow_right	346026	10130	1	2533	1	10000	2500	other	0
sub07	4	Picture	cross_default	348558	12663	1	3865	1	12500	3750	other	0
sub07	4	Picture	cross_default	352424	16528	1	2532	1	16250	2500	other	0
sub07	4	Picture	cross_default	354956	19061	1	2533	1	18750	2500	other	0
sub07	4	Picture	cross_default	357489	21593	1	2533	1	21250	2500	other	0
sub07	4	Picture	cross_default	360021	24126	1	2533	1	23750	2500	other	0
sub07	4	Picture	cross_default	362554	26658	1	2532	1	26250	2500	other	0
sub07	4	Picture	cross_default	365086	29191	1	3865	1	28750	3750	other	0
sub07	4	Picture	arrow_switch	368952	33056	1	2533	1	32500	2500	other	0
sub07	4	Response	2	370778	34882	1
sub07	4	Picture	cross_respond	371484	35589	1	2533	1	35000	2500	other	0
sub07	4	Picture	cross_wait	374017	38121	1	66779	1	37500	next	miss	0
sub07	4	Response	2	440698	104802	1
sub07	4A	Picture	incorrect	440796	0	1	2133	1	0	2000	other	0
sub07	5	Picture	cross_start	443062	0	1	10130	1	0	10000	other	0
sub07	5	Picture	arrow_right	453192	10130	1	2533	1	10000	2500	other	0
sub07	5	Picture	cross_default	455724	12663	1	3865	1	12500	3750	other	0
sub07	5	Picture	cross_default	459590	16528	1	2532	1	16250	2500	other	0
sub07	5	Picture	cross_default	462122	19061	1	2533	1	18750	2500	other	0
sub07	5	Picture	cross_default	464655	21593	1	2533	1	21250	2500	other	0
sub07	5	Picture	cross_default	467187	24126	1	2533	1	23750	2500	other	0
sub07	5	Response	2	468937	25876	1
sub07	5	Picture	cross_default	469720	26658	1	2533	1	26250	2500	other	0
sub07	5	Picture	cross_default	472252	29191	1	3865	1	28750	3750	other	0
sub07	5	Picture	arrow_switch	476118	33056	1	2533	1	32500	2500	other	0
sub07	5	Picture	cross_respond	478650	35589	1	2533	1	35000	2500	other	0
sub07	5	Picture	cross_wait	481183	38121	1	186607	1	37500	next	miss	0
sub07	5	Response	2	667655	224594	1
sub07	5A	Picture	incorrect	667790	0	1	2133	1	0	2000	other	0
sub07	6	Picture	cross_start	670056	0	1	10130	1	0	10000	other	0
sub07	6	Picture	arrow_right	680186	10130	1	2532	1	10000	2500	other	0
sub07	6	Picture	cross_default	682719	12663	1	3865	1	12500	3750	other	0
sub07	6	Picture	cross_default	686584	16528	1	2533	1	16250	2500	other	0
sub07	6	Picture	cross_default	689117	19061	1	2532	1	18750	2500	other	0
sub07	6	Picture	cross_default	691649	21593	1	2533	1	21250	2500	other	0
sub07	6	Picture	cross_default	694182	24126	1	2532	1	23750	2500	other	0
sub07	6	Picture	cross_default	696714	26658	1	2533	1	26250	2500	other	0
sub07	6	Picture	cross_default	699247	29191	1	3865	1	28750	3750	other	0
sub07	6	Picture	arrow_switch	703112	33056	1	2533	1	32500	2500	other	0
sub07	6	Picture	cross_respond	705645	35589	1	2532	1	35000	2500	other	0
sub07	6	Picture	cross_wait	708177	38121	1	59581	1	37500	next	hit	73
sub07	6	Response	1	767735	97679	1
sub07	6A	Picture	correct	767758	0	1	2133	1	0	2000	other	0
sub07	7	Picture	cross_start	770024	0	1	10130	1	0	10000	other	0
sub07	7	Picture	arrow_left	780154	10130	1	2533	1	10000	2500	other	0
sub07	7	Picture	cross_default	782687	12663	1	3865	1	12500	3750	other	0
sub07	7	Picture	cross_default	786552	16528	1	2533	1	16250	2500	other	0
sub07	7	Picture	cross_default	789085	19061	1	2532	1	18750	2500	other	0
sub07	7	Picture	cross_default	791617	21593	1	2533	1	21250	2500	other	0
sub07	7	Picture	cross_default	794150	24126	1	2533	1	23750	2500	other	0
sub07	7	Picture	cross_default	796682	26658	1	2533	1	26250	2500	other	0
sub07	7	Picture	cross_default	799215	29191	1	3865	1	28750	3750	other	0
sub07	7	Picture	arrow_switch	803080	33056	1	2532	1	32500	2500	other	0
sub07	7	Picture	cross_respond	805613	35589	1	2533	1	35000	2500	other	0
sub07	7	Picture	cross_wait	808145	38121	1	36788	1	37500	next	hit	87
sub07	7	Response	2	844854	74830	1
sub07	7A	Picture	correct	844933	0	1	2133	1	0	2000	other	0
sub07	8	Picture	cross_start	847200	0	1	10130	1	0	10000	other	0
sub07	8	Picture	arrow_left	857330	10130	1	2533	1	10000	2500	other	0
sub07	8	Picture	cross_default	859862	12663	1	3865	1	12500	3750	other	0
sub07	8	Picture	arrow_stay	863728	16528	1	2533	1	16250	2500	other	0
sub07	8	Picture	cross_default	866260	19061	1	2532	1	18750	2500	other	0
sub07	8	Picture	arrow_right	868793	21593	1	2533	1	21250	2500	other	0
sub07	8	Picture	cross_default	871325	24126	1	2533	1	23750	2500	other	0
sub07	8	Picture	arrow_switch	873858	26658	1	2533	1	26250	2500	other	0
sub07	8	Picture	cross_default	876390	29191	1	3865	1	28750	3750	other	0
sub07	8	Picture	arrow_switch	880256	33056	1	2533	1	32500	2500	other	0
sub07	8	Picture	cross_respond	882788	35589	1	2532	1	35000	2500	other	0
sub07	8	Picture	cross_wait	885321	38121	1	24526	1	37500	next	miss	0
sub07	8	Response	1	909733	62534	1
sub07	8A	Picture	incorrect	909846	0	1	2133	1	0	2000	other	0
sub07	9	Picture	cross_start	912112	0	1	10130	1	0	10000	other	0
sub07	9	Picture	arrow_left	922242	10130	1	2533	1	10000	2500	other	0
sub07	9	Picture	cross_default	924775	12663	1	3865	1	12500	3750	other	0
sub07	9	Picture	cross_default	928640	16528	1	2533	1	16250	2500	other	0
sub07	9	Picture	cross_default	931173	19061	1	2533	1	18750	2500	other	0
sub07	9	Picture	cross_default	933705	21593	1	2533	1	21250	2500	other	0
sub07	9	Picture	cross_default	936238	24126	1	2532	1	23750	2500	other	0
sub07	9	Picture	cross_default	938770	26658	1	2533	1	26250	2500	other	0
sub07	9	Picture	cross_default	941303	29191	1	3865	1	28750	3750	other	0
sub07	9	Picture	arrow_stay	945168	33056	1	2533	1	32500	2500	other	0
sub07	9	Picture	cross_respond	947701	35589	1	2532	1	35000	2500	other	0
sub07	9	Picture	cross_wait	950233	38121	1	33323	1	37500	next	hit	115
sub07	9	Response	1	983492	71380	1
sub07	9A	Picture	correct	983556	0	1	2133	1	0	2000	other	0
sub07	10	Picture	cross_start	985822	0	1	10130	1	0	10000	other	0
sub07	10	Picture	arrow_right	995952	10130	1	2533	1	10000	2500	other	0
sub07	10	Picture	cross_default	998485	12663	1	3865	1	12500	3750	other	0
sub07	10	Picture	cross_default	1002350	16528	1	2533	1	16250	2500	other	0
sub07	10	Picture	cross_default	1004883	19061	1	2532	1	18750	2500	other	0
sub07	10	Picture	cross_default	1007415	21593	1	2533	1	21250	2500	other	0
sub07	10	Picture	cross_default	1009948	24126	1	2533	1	23750	2500	other	0
sub07	10	Picture	cross_default	1012480	26658	1	2533	1	26250	2500	other	0
sub07	10	Picture	cross_default	1015013	29191	1	3865	1	28750	3750	other	0
sub07	10	Picture	arrow_stay	1018878	33056	1	2533	1	32500	2500	other	0
sub07	10	Picture	cross_respond	1021411	35589	1	2533	1	35000	2500	other	0
sub07	10	Picture	cross_wait	1023943	38121	1	14262	1	37500	next	hit	129
sub07	10	Response	2	1038132	52310	1
sub07	10A	Picture	correct	1038205	0	1	2133	1	0	2000	other	0
sub07	11	Picture	cross_start	1040471	0	1	10130	1	0	10000	other	0
sub07	11	Picture	arrow_right	1050601	10130	1	2533	1	10000	2500	other	0
sub07	11	Picture	cross_default	1053134	12663	1	3865	1	12500	3750	other	0
sub07	11	Picture	arrow_switch	1056999	16528	1	2533	1	16250	2500	other	0
sub07	11	Picture	cross_default	1059532	19061	1	2532	1	18750	2500	other	0
sub07	11	Picture	arrow_left	1062064	21593	1	2533	1	21250	2500	other	0
sub07	11	Picture	cross_default	1064597	24126	1	2533	1	23750	2500	other	0
sub07	11	Picture	arrow_right	1067129	26658	1	2533	1	26250	2500	other	0
sub07	11	Picture	cross_default	1069662	29191	1	3865	1	28750	3750	other	0
sub07	11	Picture	arrow_switch	1073527	33056	1	2533	1	32500	2500	other	0
sub07	11	Picture	cross_respond	1076060	35589	1	2533	1	35000	2500	other	0
sub07	11	Picture	cross_wait	1078592	38121	1	15995	1	37500	next	miss	0
sub07	11	Response	2	1094451	53980	1
sub07	11A	Picture	incorrect	1094587	0	1	2133	1	0	2000	other	0
sub07	12	Picture	cross_start	1096853	0	1	10130	1	0	10000	other	0
sub07	12	Picture	arrow_right	1106983	10130	1	2533	1	10000	2500	other	0
sub07	12	Picture	cross_default	1109516	12663	1	3865	1	12500	3750	other	0
sub07	12	Picture	arrow_left	1113381	16528	1	2533	1	16250	2500	other	0
sub07	12	Picture	cross_default	1115914	19061	1	2533	1	18750	2500	other	0
sub07	12	Picture	arrow_stay	1118446	21593	1	2533	1	21250	2500	other	0
sub07	12	Picture	cross_default	1120979	24126	1	2533	1	23750	2500	other	0
sub07	12	Picture	arrow_stay	1123511	26658	1	2533	1	26250	2500	other	0
sub07	12	Picture	cross_default	1126044	29191	1	3865	1	28750	3750	other	0
sub07	12	Picture	arrow_switch	1129909	33056	1	2533	1	32500	2500	other	0
sub07	12	Picture	cross_respond	1132442	35589	1	2532	1	35000	2500	other	0
sub07	12	Picture	cross_wait	1134974	38121	1	8264	1	37500	next	hit	157
sub07	12	Response	1	1143091	46238	1
sub07	12A	Picture	correct	1143238	0	1	2133	1	0	2000	other	0
sub07	13	Picture	cross_start	1145504	0	1	10130	1	0	10000	other	0
sub07	13	Picture	arrow_left	1155634	10130	1	2533	1	10000	2500	other	0
sub07	13	Picture	cross_default	1158167	12663	1	3865	1	12500	3750	other	0
sub07	13	Picture	cross_default	1162032	16528	1	2533	1	16250	2500	other	0
sub07	13	Picture	cross_default	1164565	19061	1	2533	1	18750	2500	other	0
sub07	13	Picture	cross_default	1167098	21593	1	2532	1	21250	2500	other	0
sub07	13	Picture	cross_default	1169630	24126	1	2533	1	23750	2500	other	0
sub07	13	Picture	cross_default	1172162	26658	1	2533	1	26250	2500	other	0
sub07	13	Picture	cross_default	1174695	29191	1	3865	1	28750	3750	other	0
sub07	13	Picture	arrow_switch	1178561	33056	1	2533	1	32500	2500	other	0
sub07	13	Picture	cross_respond	1181093	35589	1	2532	1	35000	2500	other	0
sub07	13	Picture	cross_wait	1183625	38121	1	25059	1	37500	next	hit	171
sub07	13	Response	2	1208611	63106	1
sub07	13A	Picture	correct	1208684	0	1	2133	1	0	2000	other	0
sub07	14	Picture	cross_start	1210950	0	1	10130	1	0	10000	other	0
sub07	14	Picture	arrow_right	1221080	10130	1	2533	1	10000	2500	other	0
sub07	14	Picture	cross_default	1223613	12663	1	3865	1	12500	3750	other	0
sub07	14	Picture	arrow_stay	1227478	16528	1	2532	1	16250	2500	other	0
sub07	14	Picture	cross_default	1230011	19061	1	2533	1	18750	2500	other	0
sub07	14	Picture	arrow_switch	1232543	21593	1	2532	1	21250	2500	other	0
sub07	14	Picture	cross_default	1235076	24126	1	2533	1	23750	2500	other	0
sub07	14	Picture	arrow_switch	1237608	26658	1	2532	1	26250	2500	other	0
sub07	14	Picture	cross_default	1240141	29191	1	3865	1	28750	3750	other	0
sub07	14	Picture	arrow_stay	1244006	33056	1	2532	1	32500	2500	other	0
sub07	14	Picture	cross_respond	1246539	35589	1	2533	1	35000	2500	other	0
sub07	14	Picture	cross_wait	1249071	38121	1	6531	1	37500	next	miss	0
sub07	14	Response	1	1255490	44540	1
sub07	14A	Picture	incorrect	1255603	0	1	2133	1	0	2000	other	0
sub07	15	Picture	cross_start	1257869	0	1	10130	1	0	10000	other	0
sub07	15	Picture	arrow_left	1267999	10130	1	2533	1	10000	2500	other	0
sub07	15	Picture	cross_default	1270531	12663	1	3865	1	12500	3750	other	0
sub07	15	Picture	arrow_switch	1274397	16528	1	2533	1	16250	2500	other	0
sub07	15	Picture	cross_default	1276929	19061	1	2533	1	18750	2500	other	0
sub07	15	Picture	arrow_right	1279462	21593	1	2533	1	21250	2500	other	0
sub07	15	Picture	cross_default	1281994	24126	1	2533	1	23750	2500	other	0
sub07	15	Picture	arrow_stay	1284527	26658	1	2532	1	26250	2500	other	0
sub07	15	Picture	cross_default	1287059	29191	1	3865	1	28750	3750	other	0
sub07	15	Picture	arrow_switch	1290925	33056	1	2533	1	32500	2500	other	0
sub07	15	Picture	cross_respond	1293457	35589	1	2533	1	35000	2500	other	0
sub07	15	Picture	cross_wait	1295990	38121	1	39987	1	37500	next	hit	199
sub07	15	Response	2	1335889	78021	1
sub07	15A	Picture	correct	1335977	0	1	2133	1	0	2000	other	0
sub07	16	Picture	cross_start	1338243	0	1	10130	1	0	10000	other	0
sub07	16	Picture	arrow_left	1348373	10130	1	2533	1	10000	2500	other	0
sub07	16	Picture	cross_default	1350906	12663	1	3865	1	12500	3750	other	0
sub07	16	Picture	arrow_stay	1354771	16528	1	2533	1	16250	2500	other	0
sub07	16	Picture	cross_default	1357304	19061	1	2533	1	18750	2500	other	0
sub07	16	Picture	arrow_switch	1359836	21593	1	2533	1	21250	2500	other	0
sub07	16	Picture	cross_default	1362369	24126	1	2533	1	23750	2500	other	0
sub07	16	Picture	arrow_stay	1364901	26658	1	2533	1	26250	2500	other	0
sub07	16	Picture	cross_default	1367434	29191	1	3865	1	28750	3750	other	0
sub07	16	Picture	arrow_stay	1371299	33056	1	2532	1	32500	2500	other	0
sub07	16	Picture	cross_respond	1373832	35589	1	2533	1	35000	2500	other	0
sub07	16	Picture	cross_wait	1376364	38121	1	16528	1	37500	next	miss	0
sub07	16	Response	2	1392769	54526	1
sub07	16A	Picture	incorrect	1392892	0	1	2133	1	0	2000	other	0
sub07	17	Picture	cross_start	1395158	0	1	10130	1	0	10000	other	0
sub07	17	Picture	arrow_left	1405288	10130	1	2533	1	10000	2500	other	0
sub07	17	Picture	cross_default	1407821	12663	1	3865	1	12500	3750	other	0
sub07	17	Picture	arrow_right	1411686	16528	1	2532	1	16250	2500	other	0
sub07	17	Picture	cross_default	1414219	19061	1	2533	1	18750	2500	other	0
sub07	17	Picture	arrow_switch	1416751	21593	1	2532	1	21250	2500	other	0
sub07	17	Picture	cross_default	1419284	24126	1	2533	1	23750	2500	other	0
sub07	17	Picture	arrow_right	1421816	26658	1	2532	1	26250	2500	other	0
sub07	17	Picture	cross_default	1424349	29191	1	3865	1	28750	3750	other	0
sub07	17	Picture	arrow_stay	1428214	33056	1	2533	1	32500	2500	other	0
sub07	17	Picture	cross_respond	1430747	35589	1	2533	1	35000	2500	other	0
sub07	17	Picture	cross_wait	1433279	38121	1	20793	1	37500	next	hit	227
sub07	17	Response	1	1453968	58810	1
sub07	17A	Picture	correct	1454073	0	1	2133	1	0	2000	other	0
sub07	18	Picture	cross_start	1456339	0	1	10130	1	0	10000	other	0
sub07	18	Picture	arrow_left	1466469	10130	1	2533	1	10000	2500	other	0
sub07	18	Picture	cross_default	1469001	12663	1	3865	1	12500	3750	other	0
sub07	18	Picture	cross_default	1472867	16528	1	2532	1	16250	2500	other	0
sub07	18	Picture	cross_default	1475399	19060	1	2533	1	18750	2500	other	0
sub07	18	Picture	cross_default	1477932	21593	1	2533	1	21250	2500	other	0
sub07	18	Picture	cross_default	1480464	24126	1	2532	1	23750	2500	other	0
sub07	18	Picture	cross_default	1482997	26658	1	2533	1	26250	2500	other	0
sub07	18	Picture	cross_default	1485529	29191	1	3865	1	28750	3750	other	0
sub07	18	Picture	arrow_stay	1489395	33056	1	2533	1	32500	2500	other	0
sub07	18	Picture	cross_respond	1491927	35589	1	2533	1	35000	2500	other	0
sub07	18	Picture	cross_wait	1494460	38121	1	17461	1	37500	next	hit	241
sub07	18	Response	1	1511888	55549	1
sub07	18A	Picture	correct	1511921	0	1	2133	1	0	2000	other	0
sub07	19	Picture	cross_start	1514187	0	1	10130	1	0	10000	other	0
sub07	19	Picture	arrow_right	1524317	10130	1	2533	1	10000	2500	other	0
sub07	19	Picture	cross_default	1526849	12663	1	3865	1	12500	3750	other	0
sub07	19	Picture	cross_default	1530715	16528	1	2533	1	16250	2500	other	0
sub07	19	Picture	cross_default	1533247	19061	1	2532	1	18750	2500	other	0
sub07	19	Picture	cross_default	1535780	21593	1	2533	1	21250	2500	other	0
sub07	19	Picture	cross_default	1538312	24126	1	2533	1	23750	2500	other	0
sub07	19	Picture	cross_default	1540845	26658	1	2532	1	26250	2500	other	0
sub07	19	Picture	cross_default	1543377	29191	1	3866	1	28750	3750	other	0
sub07	19	Picture	arrow_stay	1547243	33056	1	2533	1	32500	2500	other	0
sub07	19	Picture	cross_respond	1549776	35589	1	2533	1	35000	2500	other	0
sub07	19	Picture	cross_wait	1552308	38121	1	16262	1	37500	next	hit	255
sub07	19	Response	2	1568527	54340	1
sub07	19A	Picture	correct	1568570	0	1	2133	1	0	2000	other	0
sub07	20	Picture	cross_start	1570835	0	1	10130	1	0	10000	other	0
sub07	20	Picture	arrow_left	1580966	10130	1	2533	1	10000	2500	other	0
sub07	20	Picture	cross_default	1583498	12663	1	3865	1	12500	3750	other	0
sub07	20	Picture	cross_default	1587364	16528	1	2532	1	16250	2500	other	0
sub07	20	Picture	cross_default	1589896	19061	1	2533	1	18750	2500	other	0
sub07	20	Picture	cross_default	1592429	21593	1	2533	1	21250	2500	other	0
sub07	20	Picture	cross_default	1594961	24126	1	2533	1	23750	2500	other	0
sub07	20	Picture	cross_default	1597494	26658	1	2532	1	26250	2500	other	0
sub07	20	Picture	cross_default	1600026	29191	1	3865	1	28750	3750	other	0
sub07	20	Picture	arrow_stay	1603892	33056	1	2532	1	32500	2500	other	0
sub07	20	Picture	cross_respond	1606424	35589	1	2533	1	35000	2500	other	0
sub07	20	Picture	cross_wait	1608957	38121	1	33056	1	37500	next	hit	269
sub07	20	Response	1	1641886	71051	1
sub07	20A	Picture	correct	1642013	0	1	2133	1	0	2000	other	0
sub07	21	Picture	cross_start	1644279	0	1	10130	1	0	10000	other	0
sub07	21	Picture	arrow_right	1654409	10130	1	2532	1	10000	2500	other	0
sub07	21	Picture	cross_default	1656941	12663	1	3865	1	12500	3750	other	0
sub07	21	Picture	arrow_stay	1660807	16528	1	2533	1	16250	2500	other	0
sub07	21	Picture	cross_default	1663339	19061	1	2533	1	18750	2500	other	0
sub07	21	Picture	arrow_switch	1665872	21593	1	2532	1	21250	2500	other	0
sub07	21	Picture	cross_default	1668404	24126	1	2533	1	23750	2500	other	0
sub07	21	Picture	arrow_stay	1670937	26658	1	2532	1	26250	2500	other	0
sub07	21	Picture	cross_default	1673469	29191	1	3866	1	28750	3750	other	0
sub07	21	Picture	arrow_stay	1677335	33056	1	2533	1	32500	2500	other	0
sub07	21	Picture	cross_respond	1679867	35589	1	2532	1	35000	2500	other	0
sub07	21	Picture	cross_wait	1682400	38121	1	4798	1	37500	next	miss	0
sub07	21	Response	1	1687166	42887	1
sub07	21A	Picture	incorrect	1687198	0	1	2133	1	0	2000	other	0
sub07	22	Picture	cross_start	1689464	0	1	10130	1	0	10000	other	0
sub07	22	Picture	arrow_left	1699594	10130	1	2533	1	10000	2500	other	0
sub07	22	Picture	cross_default	1702127	12663	1	3865	1	12500	3750	other	0
sub07	22	Picture	cross_default	1705992	16528	1	2533	1	16250	2500	other	0
sub07	22	Picture	cross_default	1708525	19061	1	2533	1	18750	2500	other	0
sub07	22	Picture	cross_default	1711057	21593	1	2533	1	21250	2500	other	0
sub07	22	Picture	cross_default	1713590	24126	1	2532	1	23750	2500	other	0
sub07	22	Picture	cross_default	1716122	26658	1	2533	1	26250	2500	other	0
sub07	22	Picture	cross_default	1718655	29191	1	3865	1	28750	3750	other	0
sub07	22	Picture	arrow_stay	1722520	33056	1	2533	1	32500	2500	other	0
sub07	22	Picture	cross_respond	1725053	35589	1	2532	1	35000	2500	other	0
sub07	22	Picture	cross_wait	1727585	38121	1	34389	1	37500	next	hit	297
sub07	22	Response	1	1761885	72421	1
sub07	22A	Picture	correct	1761974	0	1	2133	1	0	2000	other	0
sub07	23	Picture	cross_start	1764240	0	1	10130	1	0	10000	other	0
sub07	23	Picture	arrow_right	1774371	10130	1	2532	1	10000	2500	other	0
sub07	23	Picture	cross_default	1776903	12663	1	3866	1	12500	3750	other	0
sub07	23	Picture	arrow_left	1780769	16528	1	2533	1	16250	2500	other	0
sub07	23	Picture	cross_default	1783301	19061	1	2533	1	18750	2500	other	0
sub07	23	Picture	arrow_switch	1785834	21593	1	2533	1	21250	2500	other	0
sub07	23	Picture	cross_default	1788366	24126	1	2532	1	23750	2500	other	0
sub07	23	Picture	arrow_left	1790899	26658	1	2533	1	26250	2500	other	0
sub07	23	Picture	cross_default	1793431	29191	1	3865	1	28750	3750	other	0
sub07	23	Picture	arrow_stay	1797297	33056	1	2532	1	32500	2500	other	0
sub07	23	Picture	cross_respond	1799829	35589	1	2533	1	35000	2500	other	0
sub07	23	Picture	cross_wait	1802362	38121	1	11330	1	37500	next	miss	0
sub07	23	Response	1	1813565	49324	1
sub07	23A	Picture	incorrect	1813691	0	1	2133	1	0	2000	other	0
sub07	24	Picture	cross_start	1815957	0	1	10130	1	0	10000	other	0
sub07	24	Picture	arrow_left	1826087	10130	1	2533	1	10000	2500	other	0
sub07	24	Picture	cross_default	1828620	12663	1	3865	1	12500	3750	other	0
sub07	24	Picture	cross_default	1832485	16528	1	2533	1	16250	2500	other	0
sub07	24	Picture	cross_default	1835018	19061	1	2532	1	18750	2500	other	0
sub07	24	Picture	cross_default	1837550	21593	1	2533	1	21250	2500	other	0
sub07	24	Picture	cross_default	1840083	24126	1	2533	1	23750	2500	other	0
sub07	24	Picture	cross_default	1842615	26658	1	2533	1	26250	2500	other	0
sub07	24	Picture	cross_default	1845148	29191	1	3865	1	28750	3750	other	0
sub07	24	Picture	arrow_switch	1849013	33056	1	2533	1	32500	2500	other	0
sub07	24	Picture	cross_respond	1851546	35589	1	2533	1	35000	2500	other	0
sub07	24	Picture	cross_wait	1854078	38121	1	20660	1	37500	next	hit	325
sub07	24	Response	2	1874684	58727	1
sub07	24A	Picture	correct	1874738	0	1	2133	1	0	2000	other	0
sub07	25	Picture	cross_start	1877005	0	1	10130	1	0	10000	other	0
sub07	25	Picture	arrow_left	1887135	10130	1	2532	1	10000	2500	other	0
sub07	25	Picture	cross_default	1889667	12662	1	3866	1	12500	3750	other	0
sub07	25	Picture	arrow_left	1893533	16528	1	2532	1	16250	2500	other	0
sub07	25	Picture	cross_default	1896065	19060	1	2533	1	18750	2500	other	0
sub07	25	Picture	arrow_switch	1898598	21593	1	2533	1	21250	2500	other	0
sub07	25	Picture	cross_default	1901130	24126	1	2533	1	23750	2500	other	0
sub07	25	Picture	arrow_right	1903663	26658	1	2533	1	26250	2500	other	0
sub07	25	Picture	cross_default	1906195	29191	1	3865	1	28750	3750	other	0
sub07	25	Picture	arrow_switch	1910061	33056	1	2532	1	32500	2500	other	0
sub07	25	Picture	cross_respond	1912593	35589	1	2533	1	35000	2500	other	0
sub07	25	Picture	cross_wait	1915126	38121	1	11330	1	37500	next	miss	0
sub07	25	Response	1	1926364	49359	1
sub07	25A	Picture	incorrect	1926455	0	1	2133	1	0	2000	other	0
sub07	26	Picture	cross_start	1928721	0	1	10130	1	0	10000	other	0
sub07	26	Picture	arrow_right	1938851	10130	1	2533	1	10000	2500	other	0
sub07	26	Picture	cross_default	1941384	12663	1	3865	1	12500	3750	other	0
sub07	26	Picture	arrow_stay	1945249	16528	1	2533	1	16250	2500	other	0
sub07	26	Picture	cross_default	1947782	19061	1	2533	1	18750	2500	other	0
sub07	26	Picture	arrow_stay	1950314	21593	1	2532	1	21250	2500	other	0
sub07	26	Picture	cross_default	1952847	24126	1	2533	1	23750	2500	other	0
sub07	26	Picture	arrow_switch	1955379	26658	1	2533	1	26250	2500	other	0
sub07	26	Picture	cross_default	1957912	29191	1	3865	1	28750	3750	other	0
sub07	26	Picture	arrow_switch	1961778	33056	1	2532	1	32500	2500	other	0
sub07	26	Picture	cross_respond	1964310	35589	1	2533	1	35000	2500	other	0
sub07	26	Picture	cross_wait	1966842	38121	1	20527	1	37500	next	hit	353
sub07	26	Response	1	1987243	58522	1
sub07	26A	Picture	correct	1987369	0	1	2133	1	0	2000	other	0
sub07	27	Picture	cross_start	1989635	0	1	10130	1	0	10000	other	0
sub07	27	Picture	arrow_left	1999765	10130	1	2533	1	10000	2500	other	0
sub07	27	Picture	cross_default	2002298	12663	1	3865	1	12500	3750	other	0
sub07	27	Picture	arrow_left	2006163	16528	1	2532	1	16250	2500	other	0
sub07	27	Picture	cross_default	2008696	19061	1	2532	1	18750	2500	other	0
sub07	27	Picture	arrow_stay	2011228	21593	1	2533	1	21250	2500	other	0
sub07	27	Picture	cross_default	2013761	24126	1	2532	1	23750	2500	other	0
sub07	27	Picture	arrow_left	2016293	26658	1	2532	1	26250	2500	other	0
sub07	27	Picture	cross_default	2018826	29191	1	3865	1	28750	3750	other	0
sub07	27	Picture	arrow_stay	2022691	33056	1	2533	1	32500	2500	other	0
sub07	27	Picture	cross_respond	2025224	35589	1	2533	1	35000	2500	other	0
sub07	27	Picture	cross_wait	2027756	38121	1	9864	1	37500	next	hit	367
sub07	27	Response	1	2037484	47848	1
sub07	27A	Picture	correct	2037620	0	1	2133	1	0	2000	other	0
sub07	28	Picture	cross_start	2039886	0	1	10130	1	0	10000	other	0
sub07	28	Picture	arrow_right	2050016	10130	1	2532	1	10000	2500	other	0
sub07	28	Picture	cross_default	2052548	12663	1	3866	1	12500	3750	other	0
sub07	28	Picture	cross_default	2056414	16528	1	2532	1	16250	2500	other	0
sub07	28	Picture	cross_default	2058946	19061	1	2533	1	18750	2500	other	0
sub07	28	Picture	cross_default	2061479	21593	1	2532	1	21250	2500	other	0
sub07	28	Picture	cross_default	2064011	24126	1	2533	1	23750	2500	other	0
sub07	28	Picture	cross_default	2066544	26658	1	2532	1	26250	2500	other	0
sub07	28	Picture	cross_default	2069077	29191	1	3865	1	28750	3750	other	0
sub07	28	Picture	arrow_switch	2072942	33056	1	2533	1	32500	2500	other	0
sub07	28	Picture	cross_respond	2075475	35589	1	2533	1	35000	2500	other	0
sub07	28	Picture	cross_wait	2078007	38121	1	12263	1	37500	next	miss	0
sub07	28	Response	2	2090202	50316	1
sub07	28A	Picture	incorrect	2090270	0	1	2133	1	0	2000	other	0
sub07	29	Picture	cross_start	2092536	0	1	10130	1	0	10000	other	0
sub07	29	Picture	arrow_right	2102666	10130	1	2533	1	10000	2500	other	0
sub07	29	Picture	cross_default	2105198	12663	1	3866	1	12500	3750	other	0
sub07	29	Picture	arrow_right	2109064	16528	1	2533	1	16250	2500	other	0
sub07	29	Picture	cross_default	2111596	19061	1	2532	1	18750	2500	other	0
sub07	29	Picture	arrow_stay	2114129	21593	1	2533	1	21250	2500	other	0
sub07	29	Picture	cross_default	2116661	24126	1	2532	1	23750	2500	other	0
sub07	29	Picture	arrow_left	2119194	26658	1	2533	1	26250	2500	other	0
sub07	29	Picture	cross_default	2121726	29191	1	3865	1	28750	3750	other	0
sub07	29	Picture	arrow_switch	2125592	33056	1	2533	1	32500	2500	other	0
sub07	29	Picture	cross_respond	2128124	35589	1	2533	1	35000	2500	other	0
sub07	29	Picture	cross_wait	2130657	38121	1	8131	1	37500	next	miss	0
sub07	29	Response	2	2138682	46146	1
sub07	29A	Picture	incorrect	2138788	0	1	2133	1	0	2000	other	0
sub07	30	Picture	cross_start	2141054	0	1	10130	1	0	10000	other	0
sub07	30	Picture	arrow_left	2151184	10130	1	2533	1	10000	2500	other	0
sub07	30	Picture	cross_default	2153716	12663	1	3865	1	12500	3750	other	0
sub07	30	Picture	cross_default	2157582	16528	1	2533	1	16250	2500	other	0
sub07	30	Picture	cross_default	2160114	19061	1	2533	1	18750	2500	other	0
sub07	30	Picture	cross_default	2162647	21593	1	2533	1	21250	2500	other	0
sub07	30	Picture	cross_default	2165179	24126	1	2533	1	23750	2500	other	0
sub07	30	Picture	cross_default	2167712	26658	1	2532	1	26250	2500	other	0
sub07	30	Picture	cross_default	2170244	29191	1	3865	1	28750	3750	other	0
sub07	30	Picture	arrow_switch	2174110	33056	1	2533	1	32500	2500	other	0
sub07	30	Picture	cross_respond	2176642	35589	1	2532	1	35000	2500	other	0
sub07	30	Picture	cross_wait	2179175	38121	1	15328	1	37500	next	hit	409
sub07	30	Response	2	2194361	53307	1
sub07	30A	Picture	correct	2194503	0	1	2133	1	0	2000	other	0
sub07	31	Picture	cross_start	2196769	0	1	10130	1	0	10000	other	0
sub07	31	Picture	arrow_right	2206899	10130	1	2533	1	10000	2500	other	0
sub07	31	Picture	cross_default	2209432	12663	1	3865	1	12500	3750	other	0
sub07	31	Picture	cross_default	2213297	16528	1	2533	1	16250	2500	other	0
sub07	31	Picture	cross_default	2215830	19061	1	2533	1	18750	2500	other	0
sub07	31	Picture	cross_default	2218362	21593	1	2533	1	21250	2500	other	0
sub07	31	Picture	cross_default	2220895	24126	1	2533	1	23750	2500	other	0
sub07	31	Picture	cross_default	2223427	26658	1	2533	1	26250	2500	other	0
sub07	31	Picture	cross_default	2225960	29191	1	3865	1	28750	3750	other	0
sub07	31	Picture	arrow_stay	2229825	33056	1	2533	1	32500	2500	other	0
sub07	31	Picture	cross_respond	2232358	35589	1	2533	1	35000	2500	other	0
sub07	31	Picture	cross_wait	2234890	38121	1	27191	1	37500	next	hit	423
sub07	31	Response	2	2262041	65271	1
sub07	31A	Picture	correct	2262082	0	1	2133	1	0	2000	other	0
sub07	32	Picture	cross_start	2264348	0	1	10130	1	0	10000	other	0
sub07	32	Picture	arrow_right	2274478	10130	1	2533	1	10000	2500	other	0
sub07	32	Picture	cross_default	2277010	12663	1	3865	1	12500	3750	other	0
sub07	32	Picture	cross_default	2280876	16528	1	2533	1	16250	2500	other	0
sub07	32	Picture	cross_default	2283408	19061	1	2532	1	18750	2500	other	0
sub07	32	Picture	cross_default	2285941	21593	1	2533	1	21250	2500	other	0
sub07	32	Picture	cross_default	2288473	24126	1	2532	1	23750	2500	other	0
sub07	32	Picture	cross_default	2291006	26658	1	2533	1	26250	2500	other	0
sub07	32	Picture	cross_default	2293538	29191	1	3865	1	28750	3750	other	0
sub07	32	Picture	arrow_stay	2297404	33056	1	2532	1	32500	2500	other	0
sub07	32	Picture	cross_respond	2299936	35589	1	2532	1	35000	2500	other	0
sub07	32	Picture	cross_wait	2302469	38121	1	18661	1	37500	next	hit	437
sub07	32	Response	2	2321080	56732	1
sub07	32A	Picture	correct	2321130	0	1	2133	1	0	2000	other	0
sub07	33	Picture	cross_start	2323395	0	1	10130	1	0	10000	other	0
sub07	33	Picture	arrow_left	2333526	10130	1	2533	1	10000	2500	other	0
sub07	33	Picture	cross_default	2336058	12663	1	3865	1	12500	3750	other	0
sub07	33	Picture	arrow_switch	2339924	16528	1	2533	1	16250	2500	other	0
sub07	33	Picture	cross_default	2342456	19061	1	2533	1	18750	2500	other	0
sub07	33	Picture	arrow_switch	2344989	21593	1	2533	1	21250	2500	other	0
sub07	33	Picture	cross_default	2347521	24126	1	2533	1	23750	2500	other	0
sub07	33	Picture	arrow_left	2350054	26658	1	2532	1	26250	2500	other	0
sub07	33	Picture	cross_default	2352586	29191	1	3865	1	28750	3750	other	0
sub07	33	Picture	arrow_switch	2356452	33056	1	2533	1	32500	2500	other	0
sub07	33	Picture	cross_respond	2358984	35589	1	2533	1	35000	2500	other	0
sub07	33	Picture	cross_wait	2361517	38121	1	10930	1	37500	next	miss	0
sub07	33	Response	1	2372359	48964	1
sub07	33A	Picture	incorrect	2372447	0	1	2133	1	0	2000	other	0
sub07	34	Picture	end	2374713	0	1	451203	1	0	next	other	0
sub07	34	Response	1	2820035	445323	1


Event Type	Code	Type	Response	RT	RT Uncertainty	Time	Uncertainty	Duration	Uncertainty	ReqTime	ReqDur

Picture	instruct	other				10133	1	142755	1	0	next
Picture	cross_start	other				152888	1	10130	1	0	10000
Picture	arrow_right	other				163018	1	2533	1	10000	2500
Picture	cross_default	other				165550	1	3865	1	12500	3750
Picture	arrow_right	other				169416	1	2533	1	16250	2500
Picture	cross_default	other				171948	1	2533	1	18750	2500
Picture	arrow_switch	other				174481	1	2532	1	21250	2500
Picture	cross_default	other				177013	1	2533	1	23750	2500
Picture	arrow_right	other				179546	1	2533	1	26250	2500
Picture	cross_default	other				182078	1	3865	1	28750	3750
Picture	arrow_stay	other				185944	1	2533	1	32500	2500
Picture	cross_respond	other				188476	1	2533	1	35000	2500
Picture	cross_wait	miss				191009	1	86906	1	37500	next
Picture	incorrect	other				277914	1	2133	1	0	2000
Picture	cross_start	other				280180	1	10130	1	0	10000
Picture	arrow_left	other				290310	1	2532	1	10000	2500
Picture	cross_default	other				292843	1	3866	1	12500	3750
Picture	arrow_right	other				296708	1	2532	1	16250	2500
Picture	cross_default	other				299241	1	2533	1	18750	2500
Picture	arrow_stay	other				301773	1	2533	1	21250	2500
Picture	cross_default	other				304306	1	2533	1	23750	2500
Picture	arrow_switch	other				306838	1	2532	1	26250	2500
Picture	cross_default	other				309371	1	3865	1	28750	3750
Picture	arrow_stay	other				313236	1	2533	1	32500	2500
Picture	cross_respond	other				315769	1	2532	1	35000	2500
Picture	cross_wait	miss				318301	1	15329	1	37500	next
Picture	incorrect	other				333630	1	2133	1	0	2000
Picture	cross_start	other				335896	1	10130	1	0	10000
Picture	arrow_right	other				346026	1	2533	1	10000	2500
Picture	cross_default	other				348558	1	3865	1	12500	3750
Picture	cross_default	other				352424	1	2532	1	16250	2500
Picture	cross_default	other				354956	1	2533	1	18750	2500
Picture	cross_default	other				357489	1	2533	1	21250	2500
Picture	cross_default	other				360021	1	2533	1	23750	2500
Picture	cross_default	other				362554	1	2532	1	26250	2500
Picture	cross_default	other				365086	1	3865	1	28750	3750
Picture	arrow_switch	other				368952	1	2533	1	32500	2500
Picture	cross_respond	other				371484	1	2533	1	35000	2500
Picture	cross_wait	miss				374017	1	66779	1	37500	next
Picture	incorrect	other				440796	1	2133	1	0	2000
Picture	cross_start	other				443062	1	10130	1	0	10000
Picture	arrow_right	other				453192	1	2533	1	10000	2500
Picture	cross_default	other				455724	1	3865	1	12500	3750
Picture	cross_default	other				459590	1	2532	1	16250	2500
Picture	cross_default	other				462122	1	2533	1	18750	2500
Picture	cross_default	other				464655	1	2533	1	21250	2500
Picture	cross_default	other				467187	1	2533	1	23750	2500
Picture	cross_default	other				469720	1	2533	1	26250	2500
Picture	cross_default	other				472252	1	3865	1	28750	3750
Picture	arrow_switch	other				476118	1	2533	1	32500	2500
Picture	cross_respond	other				478650	1	2533	1	35000	2500
Picture	cross_wait	miss				481183	1	186607	1	37500	next
Picture	incorrect	other				667790	1	2133	1	0	2000
Picture	cross_start	other				670056	1	10130	1	0	10000
Picture	arrow_right	other				680186	1	2532	1	10000	2500
Picture	cross_default	other				682719	1	3865	1	12500	3750
Picture	cross_default	other				686584	1	2533	1	16250	2500
Picture	cross_default	other				689117	1	2532	1	18750	2500
Picture	cross_default	other				691649	1	2533	1	21250	2500
Picture	cross_default	other				694182	1	2532	1	23750	2500
Picture	cross_default	other				696714	1	2533	1	26250	2500
Picture	cross_default	other				699247	1	3865	1	28750	3750
Picture	arrow_switch	other				703112	1	2533	1	32500	2500
Picture	cross_respond	other				705645	1	2532	1	35000	2500
Picture	cross_wait	hit	1	59558	1	708177	1	59581	1	37500	next
Picture	correct	other				767758	1	2133	1	0	2000
Picture	cross_start	other				770024	1	10130	1	0	10000
Picture	arrow_left	other				780154	1	2533	1	10000	2500
Picture	cross_default	other				782687	1	3865	1	12500	3750
Picture	cross_default	other				786552	1	2533	1	16250	2500
Picture	cross_default	other				789085	1	2532	1	18750	2500
Picture	cross_default	other				791617	1	2533	1	21250	2500
Picture	cross_default	other				794150	1	2533	1	23750	2500
Picture	cross_default	other				796682	1	2533	1	26250	2500
Picture	cross_default	other				799215	1	3865	1	28750	3750
Picture	arrow_switch	other				803080	1	2532	1	32500	2500
Picture	cross_respond	other				805613	1	2533	1	35000	2500
Picture	cross_wait	hit	2	36709	1	808145	1	36788	1	37500	next
Picture	correct	other				844933	1	2133	1	0	2000
Picture	cross_start	other				847200	1	10130	1	0	10000
Picture	arrow_left	other				857330	1	2533	1	10000	2500
Picture	cross_default	other				859862	1	3865	1	12500	3750
Picture	arrow_stay	other				863728	1	2533	1	16250	2500
Picture	cross_default	other				866260	1	2532	1	18750	2500
Picture	arrow_right	other				868793	1	2533	1	21250	2500
Picture	cross_default	other				871325	1	2533	1	23750	2500
Picture	arrow_switch	other				873858	1	2533	1	26250	2500
Picture	cross_default	other				876390	1	3865	1	28750	3750
Picture	arrow_switch	other				880256	1	2533	1	32500	2500
Picture	cross_respond	other				882788	1	2532	1	35000	2500
Picture	cross_wait	miss				885321	1	24526	1	37500	next
Picture	incorrect	other				909846	1	2133	1	0	2000
Picture	cross_start	other				912112	1	10130	1	0	10000
Picture	arrow_left	other				922242	1	2533	1	10000	2500
Picture	cross_default	other				924775	1	3865	1	12500	3750
Picture	cross_default	other				928640	1	2533	1	16250	2500
Picture	cross_default	other				931173	1	2533	1	18750	2500
Picture	cross_default	other				933705	1	2533	1	21250	2500
Picture	cross_default	other				936238	1	2532	1	23750	2500
Picture	cross_default	other				938770	1	2533	1	26250	2500
Picture	cross_default	other				941303	1	3865	1	28750	3750
Picture	arrow_stay	other				945168	1	2533	1	32500	2500
Picture	cross_respond	other				947701	1	2532	1	35000	2500
Picture	cross_wait	hit	1	33259	1	950233	1	33323	1	37500	next
Picture	correct	other				983556	1	2133	1	0	2000
Picture	cross_start	other				985822	1	10130	1	0	10000
Picture	arrow_right	other				995952	1	2533	1	10000	2500
Picture	cross_default	other				998485	1	3865	1	12500	3750
Picture	cross_default	other				1002350	1	2533	1	16250	2500
Picture	cross_default	other				1004883	1	2532	1	18750	2500
Picture	cross_default	other				1007415	1	2533	1	21250	2500
Picture	cross_default	other				1009948	1	2533	1	23750	2500
Picture	cross_default	other				1012480	1	2533	1	26250	2500
Picture	cross_default	other				1015013	1	3865	1	28750	3750
Picture	arrow_stay	other				1018878	1	2533	1	32500	2500
Picture	cross_respond	other				1021411	1	2533	1	35000	2500
Picture	cross_wait	hit	2	14189	1	1023943	1	14262	1	37500	next
Picture	correct	other				1038205	1	2133	1	0	2000
Picture	cross_start	other				1040471	1	10130	1	0	10000
Picture	arrow_right	other				1050601	1	2533	1	10000	2500
Picture	cross_default	other				1053134	1	3865	1	12500	3750
Picture	arrow_switch	other				1056999	1	2533	1	16250	2500
Picture	cross_default	other				1059532	1	2532	1	18750	2500
Picture	arrow_left	other				1062064	1	2533	1	21250	2500
Picture	cross_default	other				1064597	1	2533	1	23750	2500
Picture	arrow_right	other				1067129	1	2533	1	26250	2500
Picture	cross_default	other				1069662	1	3865	1	28750	3750
Picture	arrow_switch	other				1073527	1	2533	1	32500	2500
Picture	cross_respond	other				1076060	1	2533	1	35000	2500
Picture	cross_wait	miss				1078592	1	15995	1	37500	next
Picture	incorrect	other				1094587	1	2133	1	0	2000
Picture	cross_start	other				1096853	1	10130	1	0	10000
Picture	arrow_right	other				1106983	1	2533	1	10000	2500
Picture	cross_default	other				1109516	1	3865	1	12500	3750
Picture	arrow_left	other				1113381	1	2533	1	16250	2500
Picture	cross_default	other				1115914	1	2533	1	18750	2500
Picture	arrow_stay	other				1118446	1	2533	1	21250	2500
Picture	cross_default	other				1120979	1	2533	1	23750	2500
Picture	arrow_stay	other				1123511	1	2533	1	26250	2500
Picture	cross_default	other				1126044	1	3865	1	28750	3750
Picture	arrow_switch	other				1129909	1	2533	1	32500	2500
Picture	cross_respond	other				1132442	1	2532	1	35000	2500
Picture	cross_wait	hit	1	8117	1	1134974	1	8264	1	37500	next
Picture	correct	other				1143238	1	2133	1	0	2000
Picture	cross_start	other				1145504	1	10130	1	0	10000
Picture	arrow_left	other				1155634	1	2533	1	10000	2500
Picture	cross_default	other				1158167	1	3865	1	12500	3750
Picture	cross_default	other				1162032	1	2533	1	16250	2500
Picture	cross_default	other				1164565	1	2533	1	18750	2500
Picture	cross_default	other				1167098	1	2532	1	21250	2500
Picture	cross_default	other				1169630	1	2533	1	23750	2500
Picture	cross_default	other				1172162	1	2533	1	26250	2500
Picture	cross_default	other				1174695	1	3865	1	28750	3750
Picture	arrow_switch	other				1178561	1	2533	1	32500	2500
Picture	cross_respond	other				1181093	1	2532	1	35000	2500
Picture	cross_wait	hit	2	24985	1	1183625	1	25059	1	37500	next
Picture	correct	other				1208684	1	2133	1	0	2000
Picture	cross_start	other				1210950	1	10130	1	0	10000
Picture	arrow_right	other				1221080	1	2533	1	10000	2500
Picture	cross_default	other				1223613	1	3865	1	12500	3750
Picture	arrow_stay	other				1227478	1	2532	1	16250	2500
Picture	cross_default	other				1230011	1	2533	1	18750	2500
Picture	arrow_switch	other				1232543	1	2532	1	21250	2500
Picture	cross_default	other				1235076	1	2533	1	23750	2500
Picture	arrow_switch	other				1237608	1	2532	1	26250	2500
Picture	cross_default	other				1240141	1	3865	1	28750	3750
Picture	arrow_stay	other				1244006	1	2532	1	32500	2500
Picture	cross_respond	other				1246539	1	2533	1	35000	2500
Picture	cross_wait	miss				1249071	1	6531	1	37500	next
Picture	incorrect	other				1255603	1	2133	1	0	2000
Picture	cross_start	other				1257869	1	10130	1	0	10000
Picture	arrow_left	other				1267999	1	2533	1	10000	2500
Picture	cross_default	other				1270531	1	3865	1	12500	3750
Picture	arrow_switch	other				1274397	1	2533	1	16250	2500
Picture	cross_default	other				1276929	1	2533	1	18750	2500
Picture	arrow_right	other				1279462	1	2533	1	21250	2500
Picture	cross_default	other				1281994	1	2533	1	23750	2500
Picture	arrow_stay	other				1284527	1	2532	1	26250	2500
Picture	cross_default	other				1287059	1	3865	1	28750	3750
Picture	arrow_switch	other				1290925	1	2533	1	32500	2500
Picture	cross_respond	other				1293457	1	2533	1	35000	2500
Picture	cross_wait	hit	2	39899	1	1295990	1	39987	1	37500	next
Picture	correct	other				1335977	1	2133	1	0	2000
Picture	cross_start	other				1338243	1	10130	1	0	10000
Picture	arrow_left	other				1348373	1	2533	1	10000	2500
Picture	cross_default	other				1350906	1	3865	1	12500	3750
Picture	arrow_stay	other				1354771	1	2533	1	16250	2500
Picture	cross_default	other				1357304	1	2533	1	18750	2500
Picture	arrow_switch	other				1359836	1	2533	1	21250	2500
Picture	cross_default	other				1362369	1	2533	1	23750	2500
Picture	arrow_stay	other				1364901	1	2533	1	26250	2500
Picture	cross_default	other				1367434	1	3865	1	28750	3750
Picture	arrow_stay	other				1371299	1	2532	1	32500	2500
Picture	cross_respond	other				1373832	1	2533	1	35000	2500
Picture	cross_wait	miss				1376364	1	16528	1	37500	next
Picture	incorrect	other				1392892	1	2133	1	0	2000
Picture	cross_start	other				1395158	1	10130	1	0	10000
Picture	arrow_left	other				1405288	1	2533	1	10000	2500
Picture	cross_default	other				1407821	1	3865	1	12500	3750
Picture	arrow_right	other				1411686	1	2532	1	16250	2500
Picture	cross_default	other				1414219	1	2533	1	18750	2500
Picture	arrow_switch	other				1416751	1	2532	1	21250	2500
Picture	cross_default	other				1419284	1	2533	1	23750	2500
Picture	arrow_right	other				1421816	1	2532	1	26250	2500
Picture	cross_default	other				1424349	1	3865	1	28750	3750
Picture	arrow_stay	other				1428214	1	2533	1	32500	2500
Picture	cross_respond	other				1430747	1	2533	1	35000	2500
Picture	cross_wait	hit	1	20689	1	1433279	1	20793	1	37500	next
Picture	correct	other				1454073	1	2133	1	0	2000
Picture	cross_start	other				1456339	1	10130	1	0	10000
Picture	arrow_left	other				1466469	1	2533	1	10000	2500
Picture	cross_default	other				1469001	1	3865	1	12500	3750
Picture	cross_default	other				1472867	1	2532	1	16250	2500
Picture	cross_default	other				1475399	1	2533	1	18750	2500
Picture	cross_default	other				1477932	1	2533	1	21250	2500
Picture	cross_default	other				1480464	1	2532	1	23750	2500
Picture	cross_default	other				1482997	1	2533	1	26250	2500
Picture	cross_default	other				1485529	1	3865	1	28750	3750
Picture	arrow_stay	other				1489395	1	2533	1	32500	2500
Picture	cross_respond	other				1491927	1	2533	1	35000	2500
Picture	cross_wait	hit	1	17428	1	1494460	1	17461	1	37500	next
Picture	correct	other				1511921	1	2133	1	0	2000
Picture	cross_start	other				1514187	1	10130	1	0	10000
Picture	arrow_right	other				1524317	1	2533	1	10000	2500
Picture	cross_default	other				1526849	1	3865	1	12500	3750
Picture	cross_default	other				1530715	1	2533	1	16250	2500
Picture	cross_default	other				1533247	1	2532	1	18750	2500
Picture	cross_default	other				1535780	1	2533	1	21250	2500
Picture	cross_default	other				1538312	1	2533	1	23750	2500
Picture	cross_default	other				1540845	1	2532	1	26250	2500
Picture	cross_default	other				1543377	1	3866	1	28750	3750
Picture	arrow_stay	other				1547243	1	2533	1	32500	2500
Picture	cross_respond	other				1549776	1	2533	1	35000	2500
Picture	cross_wait	hit	2	16219	1	1552308	1	16262	1	37500	next
Picture	correct	other				1568570	1	2133	1	0	2000
Picture	cross_start	other				1570835	1	10130	1	0	10000
Picture	arrow_left	other				1580966	1	2533	1	10000	2500
Picture	cross_default	other				1583498	1	3865	1	12500	3750
Picture	cross_default	other				1587364	1	2532	1	16250	2500
Picture	cross_default	other				1589896	1	2533	1	18750	2500
Picture	cross_default	other				1592429	1	2533	1	21250	2500
Picture	cross_default	other				1594961	1	2533	1	23750	2500
Picture	cross_default	other				1597494	1	2532	1	26250	2500
Picture	cross_default	other				1600026	1	3865	1	28750	3750
Picture	arrow_stay	other				1603892	1	2532	1	32500	2500
Picture	cross_respond	other				1606424	1	2533	1	35000	2500
Picture	cross_wait	hit	1	32930	1	1608957	1	33056	1	37500	next
Picture	correct	other				1642013	1	2133	1	0	2000
Picture	cross_start	other				1644279	1	10130	1	0	10000
Picture	arrow_right	other				1654409	1	2532	1	10000	2500
Picture	cross_default	other				1656941	1	3865	1	12500	3750
Picture	arrow_stay	other				1660807	1	2533	1	16250	2500
Picture	cross_default	other				1663339	1	2533	1	18750	2500
Picture	arrow_switch	other				1665872	1	2532	1	21250	2500
Picture	cross_default	other				1668404	1	2533	1	23750	2500
Picture	arrow_stay	other				1670937	1	2532	1	26250	2500
Picture	cross_default	other				1673469	1	3866	1	28750	3750
Picture	arrow_stay	other				1677335	1	2533	1	32500	2500
Picture	cross_respond	other				1679867	1	2532	1	35000	2500
Picture	cross_wait	miss				1682400	1	4798	1	37500	next
Picture	incorrect	other				1687198	1	2133	1	0	2000
Picture	cross_start	other				1689464	1	10130	1	0	10000
Picture	arrow_left	other				1699594	1	2533	1	10000	2500
Picture	cross_default	other				1702127	1	3865	1	12500	3750
Picture	cross_default	other				1705992	1	2533	1	16250	2500
Picture	cross_default	other				1708525	1	2533	1	18750	2500
Picture	cross_default	other				1711057	1	2533	1	21250	2500
Picture	cross_default	other				1713590	1	2532	1	23750	2500
Picture	cross_default	other				1716122	1	2533	1	26250	2500
Picture	cross_default	other				1718655	1	3865	1	28750	3750
Picture	arrow_stay	other				1722520	1	2533	1	32500	2500
Picture	cross_respond	other				1725053	1	2532	1	35000	2500
Picture	cross_wait	hit	1	34300	1	1727585	1	34389	1	37500	next
Picture	correct	other				1761974	1	2133	1	0	2000
Picture	cross_start	other				1764240	1	10130	1	0	10000
Picture	arrow_right	other				1774371	1	2532	1	10000	2500
Picture	cross_default	other				1776903	1	3866	1	12500	3750
Picture	arrow_left	other				1780769	1	2533	1	16250	2500
Picture	cross_default	other				1783301	1	2533	1	18750	2500
Picture	arrow_switch	other				1785834	1	2533	1	21250	2500
Picture	cross_default	other				1788366	1	2532	1	23750	2500
Picture	arrow_left	other				1790899	1	2533	1	26250	2500
Picture	cross_default	other				1793431	1	3865	1	28750	3750
Picture	arrow_stay	other				1797297	1	2532	1	32500	2500
Picture	cross_respond	other				1799829	1	2533	1	35000	2500
Picture	cross_wait	miss				1802362	1	11330	1	37500	next
Picture	incorrect	other				1813691	1	2133	1	0	2000
Picture	cross_start	other				1815957	1	10130	1	0	10000
Picture	arrow_left	other				1826087	1	2533	1	10000	2500
Picture	cross_default	other				1828620	1	3865	1	12500	3750
Picture	cross_default	other				1832485	1	2533	1	16250	2500
Picture	cross_default	other				1835018	1	2532	1	18750	2500
Picture	cross_default	other				1837550	1	2533	1	21250	2500
Picture	cross_default	other				1840083	1	2533	1	23750	2500
Picture	cross_default	other				1842615	1	2533	1	26250	2500
Picture	cross_default	other				1845148	1	3865	1	28750	3750
Picture	arrow_switch	other				1849013	1	2533	1	32500	2500
Picture	cross_respond	other				1851546	1	2533	1	35000	2500
Picture	cross_wait	hit	2	20606	1	1854078	1	20660	1	37500	next
Picture	correct	other				1874738	1	2133	1	0	2000
Picture	cross_start	other				1877005	1	10130	1	0	10000
Picture	arrow_left	other				1887135	1	2532	1	10000	2500
Picture	cross_default	other				1889667	1	3866	1	12500	3750
Picture	arrow_left	other				1893533	1	2532	1	16250	2500
Picture	cross_default	other				1896065	1	2533	1	18750	2500
Picture	arrow_switch	other				1898598	1	2533	1	21250	2500
Picture	cross_default	other				1901130	1	2533	1	23750	2500
Picture	arrow_right	other				1903663	1	2533	1	26250	2500
Picture	cross_default	other				1906195	1	3865	1	28750	3750
Picture	arrow_switch	other				1910061	1	2532	1	32500	2500
Picture	cross_respond	other				1912593	1	2533	1	35000	2500
Picture	cross_wait	miss				1915126	1	11330	1	37500	next
Picture	incorrect	other				1926455	1	2133	1	0	2000
Picture	cross_start	other				1928721	1	10130	1	0	10000
Picture	arrow_right	other				1938851	1	2533	1	10000	2500
Picture	cross_default	other				1941384	1	3865	1	12500	3750
Picture	arrow_stay	other				1945249	1	2533	1	16250	2500
Picture	cross_default	other				1947782	1	2533	1	18750	2500
Picture	arrow_stay	other				1950314	1	2532	1	21250	2500
Picture	cross_default	other				1952847	1	2533	1	23750	2500
Picture	arrow_switch	other				1955379	1	2533	1	26250	2500
Picture	cross_default	other				1957912	1	3865	1	28750	3750
Picture	arrow_switch	other				1961778	1	2532	1	32500	2500
Picture	cross_respond	other				1964310	1	2533	1	35000	2500
Picture	cross_wait	hit	1	20401	1	1966842	1	20527	1	37500	next
Picture	correct	other				1987369	1	2133	1	0	2000
Picture	cross_start	other				1989635	1	10130	1	0	10000
Picture	arrow_left	other				1999765	1	2533	1	10000	2500
Picture	cross_default	other				2002298	1	3865	1	12500	3750
Picture	arrow_left	other				2006163	1	2532	1	16250	2500
Picture	cross_default	other				2008696	1	2532	1	18750	2500
Picture	arrow_stay	other				2011228	1	2533	1	21250	2500
Picture	cross_default	other				2013761	1	2532	1	23750	2500
Picture	arrow_left	other				2016293	1	2532	1	26250	2500
Picture	cross_default	other				2018826	1	3865	1	28750	3750
Picture	arrow_stay	other				2022691	1	2533	1	32500	2500
Picture	cross_respond	other				2025224	1	2533	1	35000	2500
Picture	cross_wait	hit	1	9727	1	2027756	1	9864	1	37500	next
Picture	correct	other				2037620	1	2133	1	0	2000
Picture	cross_start	other				2039886	1	10130	1	0	10000
Picture	arrow_right	other				2050016	1	2532	1	10000	2500
Picture	cross_default	other				2052548	1	3866	1	12500	3750
Picture	cross_default	other				2056414	1	2532	1	16250	2500
Picture	cross_default	other				2058946	1	2533	1	18750	2500
Picture	cross_default	other				2061479	1	2532	1	21250	2500
Picture	cross_default	other				2064011	1	2533	1	23750	2500
Picture	cross_default	other				2066544	1	2532	1	26250	2500
Picture	cross_default	other				2069077	1	3865	1	28750	3750
Picture	arrow_switch	other				2072942	1	2533	1	32500	2500
Picture	cross_respond	other				2075475	1	2533	1	35000	2500
Picture	cross_wait	miss				2078007	1	12263	1	37500	next
Picture	incorrect	other				2090270	1	2133	1	0	2000
Picture	cross_start	other				2092536	1	10130	1	0	10000
Picture	arrow_right	other				2102666	1	2533	1	10000	2500
Picture	cross_default	other				2105198	1	3866	1	12500	3750
Picture	arrow_right	other				2109064	1	2533	1	16250	2500
Picture	cross_default	other				2111596	1	2532	1	18750	2500
Picture	arrow_stay	other				2114129	1	2533	1	21250	2500
Picture	cross_default	other				2116661	1	2532	1	23750	2500
Picture	arrow_left	other				2119194	1	2533	1	26250	2500
Picture	cross_default	other				2121726	1	3865	1	28750	3750
Picture	arrow_switch	other				2125592	1	2533	1	32500	2500
Picture	cross_respond	other				2128124	1	2533	1	35000	2500
Picture	cross_wait	miss				2130657	1	8131	1	37500	next
Picture	incorrect	other				2138788	1	2133	1	0	2000
Picture	cross_start	other				2141054	1	10130	1	0	10000
Picture	arrow_left	other				2151184	1	2533	1	10000	2500
Picture	cross_default	other				2153716	1	3865	1	12500	3750
Picture	cross_default	other				2157582	1	2533	1	16250	2500
Picture	cross_default	other				2160114	1	2533	1	18750	2500
Picture	cross_default	other				2162647	1	2533	1	21250	2500
Picture	cross_default	other				2165179	1	2533	1	23750	2500
Picture	cross_default	other				2167712	1	2532	1	26250	2500
Picture	cross_default	other				2170244	1	3865	1	28750	3750
Picture	arrow_switch	other				2174110	1	2533	1	32500	2500
Picture	cross_respond	other				2176642	1	2532	1	35000	2500
Picture	cross_wait	hit	2	15186	1	2179175	1	15328	1	37500	next
Picture	correct	other				2194503	1	2133	1	0	2000
Picture	cross_start	other				2196769	1	10130	1	0	10000
Picture	arrow_right	other				2206899	1	2533	1	10000	2500
Picture	cross_default	other				2209432	1	3865	1	12500	3750
Picture	cross_default	other				2213297	1	2533	1	16250	2500
Picture	cross_default	other				2215830	1	2533	1	18750	2500
Picture	cross_default	other				2218362	1	2533	1	21250	2500
Picture	cross_default	other				2220895	1	2533	1	23750	2500
Picture	cross_default	other				2223427	1	2533	1	26250	2500
Picture	cross_default	other				2225960	1	3865	1	28750	3750
Picture	arrow_stay	other				2229825	1	2533	1	32500	2500
Picture	cross_respond	other				2232358	1	2533	1	35000	2500
Picture	cross_wait	hit	2	27150	1	2234890	1	27191	1	37500	next
Picture	correct	other				2262082	1	2133	1	0	2000
Picture	cross_start	other				2264348	1	10130	1	0	10000
Picture	arrow_right	other				2274478	1	2533	1	10000	2500
Picture	cross_default	other				2277010	1	3865	1	12500	3750
Picture	cross_default	other				2280876	1	2533	1	16250	2500
Picture	cross_default	other				2283408	1	2532	1	18750	2500
Picture	cross_default	other				2285941	1	2533	1	21250	2500
Picture	cross_default	other				2288473	1	2532	1	23750	2500
Picture	cross_default	other				2291006	1	2533	1	26250	2500
Picture	cross_default	other				2293538	1	3865	1	28750	3750
Picture	arrow_stay	other				2297404	1	2532	1	32500	2500
Picture	cross_respond	other				2299936	1	2532	1	35000	2500
Picture	cross_wait	hit	2	18611	1	2302469	1	18661	1	37500	next
Picture	correct	other				2321130	1	2133	1	0	2000
Picture	cross_start	other				2323395	1	10130	1	0	10000
Picture	arrow_left	other				2333526	1	2533	1	10000	2500
Picture	cross_default	other				2336058	1	3865	1	12500	3750
Picture	arrow_switch	other				2339924	1	2533	1	16250	2500
Picture	cross_default	other				2342456	1	2533	1	18750	2500
Picture	arrow_switch	other				2344989	1	2533	1	21250	2500
Picture	cross_default	other				2347521	1	2533	1	23750	2500
Picture	arrow_left	other				2350054	1	2532	1	26250	2500
Picture	cross_default	other				2352586	1	3865	1	28750	3750
Picture	arrow_switch	other				2356452	1	2533	1	32500	2500
Picture	cross_respond	other				2358984	1	2533	1	35000	2500
Picture	cross_wait	miss				2361517	1	10930	1	37500	next
Picture	incorrect	other				2372447	1	2133	1	0	2000
Picture	end	other				2374713	1	451203	1	0	next
