Scenario - bike_pilot_practice
Logfile written - 09/17/2019 12:11:46

Subject	Trial	Event Type	Code	Time	TTime	Uncertainty	Duration	Uncertainty	ReqTime	ReqDur	Stim Type	Pair Index

sub07	1	Picture	instruct	10133	0	1	15195	1	0	next	other	0
sub07	1	Response	1	25183	15050	1
sub07	2	Picture	cross_start	25328	0	1	10130	1	0	10000	other	0
sub07	2	Picture	arrow_right	35458	10130	1	2533	1	10000	2500	other	0
sub07	2	Picture	cross_default	37991	12663	1	3865	1	12500	3750	other	0
sub07	2	Picture	arrow_switch	41856	16528	1	2533	1	16250	2500	other	0
sub07	2	Picture	cross_default	44389	19061	1	2533	1	18750	2500	other	0
sub07	2	Picture	arrow_left	46921	21593	1	2532	1	21250	2500	other	0
sub07	2	Picture	cross_default	49454	24126	1	2533	1	23750	2500	other	0
sub07	2	Picture	arrow_right	51986	26658	1	2533	1	26250	2500	other	0
sub07	2	Picture	cross_default	54519	29191	1	3865	1	28750	3750	other	0
sub07	2	Picture	arrow_switch	58384	33056	1	2533	1	32500	2500	other	0
sub07	2	Picture	cross_respond	60917	35589	1	2533	1	35000	2500	other	0
sub07	2	Picture	cross_wait	63449	38121	1	12396	1	37500	next	miss	0
sub07	2	Response	2	75743	50415	1
sub07	2A	Picture	incorrect	75846	0	1	2133	1	0	2000	other	0
sub07	3	Picture	cross_start	78112	0	1	10130	1	0	10000	other	0
sub07	3	Picture	arrow_left	88242	10130	1	2533	1	10000	2500	other	0
sub07	3	Picture	cross_default	90774	12663	1	3865	1	12500	3750	other	0
sub07	3	Picture	cross_default	94640	16528	1	2533	1	16250	2500	other	0
sub07	3	Picture	cross_default	97172	19061	1	2532	1	18750	2500	other	0
sub07	3	Picture	cross_default	99705	21593	1	2533	1	21250	2500	other	0
sub07	3	Picture	cross_default	102237	24126	1	2532	1	23750	2500	other	0
sub07	3	Picture	cross_default	104770	26658	1	2533	1	26250	2500	other	0
sub07	3	Picture	cross_default	107302	29191	1	3865	1	28750	3750	other	0
sub07	3	Response	1	110703	32591	1
sub07	3	Picture	arrow_switch	111168	33056	1	2533	1	32500	2500	other	0
sub07	3	Picture	cross_respond	113700	35589	1	2533	1	35000	2500	other	0
sub07	3	Picture	cross_wait	116233	38121	1	17861	1	37500	next	miss	0
sub07	3	Response	1	133982	55871	1
sub07	3A	Picture	incorrect	134094	0	1	2133	1	0	2000	other	0
sub07	4	Picture	cross_start	136360	0	1	10130	1	0	10000	other	0
sub07	4	Picture	arrow_right	146490	10130	1	2533	1	10000	2500	other	0
sub07	4	Picture	cross_default	149022	12663	1	3865	1	12500	3750	other	0
sub07	4	Picture	arrow_right	152888	16528	1	2533	1	16250	2500	other	0
sub07	4	Picture	cross_default	155420	19061	1	2533	1	18750	2500	other	0
sub07	4	Picture	arrow_switch	157953	21593	1	2533	1	21250	2500	other	0
sub07	4	Picture	cross_default	160485	24126	1	2533	1	23750	2500	other	0
sub07	4	Picture	arrow_right	163018	26658	1	2533	1	26250	2500	other	0
sub07	4	Picture	cross_default	165550	29191	1	3865	1	28750	3750	other	0
sub07	4	Picture	arrow_stay	169416	33056	1	2533	1	32500	2500	other	0
sub07	4	Picture	cross_respond	171948	35589	1	2533	1	35000	2500	other	0
sub07	4	Picture	cross_wait	174481	38121	1	11863	1	37500	next	hit	44
sub07	4	Response	2	186302	49943	1
sub07	4A	Picture	correct	186344	0	1	2133	1	0	2000	other	0
sub07	5	Picture	cross_start	188610	0	1	10130	1	0	10000	other	0
sub07	5	Picture	arrow_right	198740	10130	1	2533	1	10000	2500	other	0
sub07	5	Picture	cross_default	201272	12663	1	3865	1	12500	3750	other	0
sub07	5	Picture	arrow_left	205138	16528	1	2533	1	16250	2500	other	0
sub07	5	Picture	cross_default	207670	19061	1	2532	1	18750	2500	other	0
sub07	5	Picture	arrow_switch	210203	21593	1	2533	1	21250	2500	other	0
sub07	5	Picture	cross_default	212735	24126	1	2532	1	23750	2500	other	0
sub07	5	Picture	arrow_left	215268	26658	1	2533	1	26250	2500	other	0
sub07	5	Picture	cross_default	217800	29191	1	3865	1	28750	3750	other	0
sub07	5	Picture	arrow_stay	221666	33056	1	2533	1	32500	2500	other	0
sub07	5	Picture	cross_respond	224198	35589	1	2533	1	35000	2500	other	0
sub07	5	Picture	cross_wait	226731	38121	1	7198	1	37500	next	hit	58
sub07	5	Response	2	233902	45292	1
sub07	5A	Picture	correct	233928	0	1	2133	2	0	2000	other	0
sub07	6	Picture	cross_start	236194	0	1	10130	1	0	10000	other	0
sub07	6	Picture	arrow_left	246325	10130	1	2533	1	10000	2500	other	0
sub07	6	Picture	cross_default	248857	12663	1	3865	1	12500	3750	other	0
sub07	6	Picture	arrow_left	252722	16528	1	2533	1	16250	2500	other	0
sub07	6	Picture	cross_default	255255	19061	1	2532	1	18750	2500	other	0
sub07	6	Picture	arrow_stay	257787	21593	1	2533	1	21250	2500	other	0
sub07	6	Picture	cross_default	260320	24126	1	2532	1	23750	2500	other	0
sub07	6	Picture	arrow_left	262853	26658	1	2533	1	26250	2500	other	0
sub07	6	Picture	cross_default	265385	29191	1	3865	1	28750	3750	other	0
sub07	6	Picture	arrow_stay	269251	33056	1	2532	1	32500	2500	other	0
sub07	6	Picture	cross_respond	271783	35589	1	2533	1	35000	2500	other	0
sub07	6	Picture	cross_wait	274316	38121	1	7198	1	37500	next	hit	72
sub07	6	Response	1	281421	45227	1
sub07	6A	Picture	correct	281513	0	1	2133	2	0	2000	other	0
sub07	7	Picture	cross_start	283779	0	1	10130	1	0	10000	other	0
sub07	7	Picture	arrow_left	293909	10130	1	2533	1	10000	2500	other	0
sub07	7	Picture	cross_default	296442	12663	1	3865	1	12500	3750	other	0
sub07	7	Picture	cross_default	300307	16528	1	2533	1	16250	2500	other	0
sub07	7	Picture	cross_default	302840	19061	1	2532	1	18750	2500	other	0
sub07	7	Picture	cross_default	305372	21593	1	2533	1	21250	2500	other	0
sub07	7	Picture	cross_default	307905	24126	1	2533	1	23750	2500	other	0
sub07	7	Picture	cross_default	310437	26658	1	2533	1	26250	2500	other	0
sub07	7	Picture	cross_default	312970	29191	1	3865	1	28750	3750	other	0
sub07	7	Picture	arrow_switch	316835	33056	1	2532	1	32500	2500	other	0
sub07	7	Picture	cross_respond	319368	35589	1	2533	1	35000	2500	other	0
sub07	7	Picture	cross_wait	321900	38121	1	8664	1	37500	next	miss	0
sub07	7	Response	1	330461	46681	1
sub07	7A	Picture	incorrect	330564	0	1	2133	1	0	2000	other	0
sub07	8	Picture	cross_start	332830	0	1	10130	1	0	10000	other	0
sub07	8	Picture	arrow_right	342960	10130	1	2533	1	10000	2500	other	0
sub07	8	Picture	cross_default	345493	12663	1	3865	1	12500	3750	other	0
sub07	8	Picture	cross_default	349358	16528	1	2533	1	16250	2500	other	0
sub07	8	Picture	cross_default	351891	19061	1	2533	1	18750	2500	other	0
sub07	8	Picture	cross_default	354423	21593	1	2533	1	21250	2500	other	0
sub07	8	Picture	cross_default	356956	24126	1	2532	1	23750	2500	other	0
sub07	8	Picture	cross_default	359488	26658	1	2533	1	26250	2500	other	0
sub07	8	Picture	cross_default	362021	29191	1	3865	1	28750	3750	other	0
sub07	8	Picture	arrow_stay	365886	33056	1	2533	1	32500	2500	other	0
sub07	8	Picture	cross_respond	368419	35589	1	2533	1	35000	2500	other	0
sub07	8	Picture	cross_wait	370951	38121	1	39105	1	37500	next	miss	0
sub07	8	Quit		404140	71310	NA


Event Type	Code	Type	Response	RT	RT Uncertainty	Time	Uncertainty	Duration	Uncertainty	ReqTime	ReqDur

Picture	instruct	other				10133	1	15195	1	0	next
Picture	cross_start	other				25328	1	10130	1	0	10000
Picture	arrow_right	other				35458	1	2533	1	10000	2500
Picture	cross_default	other				37991	1	3865	1	12500	3750
Picture	arrow_switch	other				41856	1	2533	1	16250	2500
Picture	cross_default	other				44389	1	2533	1	18750	2500
Picture	arrow_left	other				46921	1	2532	1	21250	2500
Picture	cross_default	other				49454	1	2533	1	23750	2500
Picture	arrow_right	other				51986	1	2533	1	26250	2500
Picture	cross_default	other				54519	1	3865	1	28750	3750
Picture	arrow_switch	other				58384	1	2533	1	32500	2500
Picture	cross_respond	other				60917	1	2533	1	35000	2500
Picture	cross_wait	miss				63449	1	12396	1	37500	next
Picture	incorrect	other				75846	1	2133	1	0	2000
Picture	cross_start	other				78112	1	10130	1	0	10000
Picture	arrow_left	other				88242	1	2533	1	10000	2500
Picture	cross_default	other				90774	1	3865	1	12500	3750
Picture	cross_default	other				94640	1	2533	1	16250	2500
Picture	cross_default	other				97172	1	2532	1	18750	2500
Picture	cross_default	other				99705	1	2533	1	21250	2500
Picture	cross_default	other				102237	1	2532	1	23750	2500
Picture	cross_default	other				104770	1	2533	1	26250	2500
Picture	cross_default	other				107302	1	3865	1	28750	3750
Picture	arrow_switch	other				111168	1	2533	1	32500	2500
Picture	cross_respond	other				113700	1	2533	1	35000	2500
Picture	cross_wait	miss				116233	1	17861	1	37500	next
Picture	incorrect	other				134094	1	2133	1	0	2000
Picture	cross_start	other				136360	1	10130	1	0	10000
Picture	arrow_right	other				146490	1	2533	1	10000	2500
Picture	cross_default	other				149022	1	3865	1	12500	3750
Picture	arrow_right	other				152888	1	2533	1	16250	2500
Picture	cross_default	other				155420	1	2533	1	18750	2500
Picture	arrow_switch	other				157953	1	2533	1	21250	2500
Picture	cross_default	other				160485	1	2533	1	23750	2500
Picture	arrow_right	other				163018	1	2533	1	26250	2500
Picture	cross_default	other				165550	1	3865	1	28750	3750
Picture	arrow_stay	other				169416	1	2533	1	32500	2500
Picture	cross_respond	other				171948	1	2533	1	35000	2500
Picture	cross_wait	hit	2	11822	1	174481	1	11863	1	37500	next
Picture	correct	other				186344	1	2133	1	0	2000
Picture	cross_start	other				188610	1	10130	1	0	10000
Picture	arrow_right	other				198740	1	2533	1	10000	2500
Picture	cross_default	other				201272	1	3865	1	12500	3750
Picture	arrow_left	other				205138	1	2533	1	16250	2500
Picture	cross_default	other				207670	1	2532	1	18750	2500
Picture	arrow_switch	other				210203	1	2533	1	21250	2500
Picture	cross_default	other				212735	1	2532	1	23750	2500
Picture	arrow_left	other				215268	1	2533	1	26250	2500
Picture	cross_default	other				217800	1	3865	1	28750	3750
Picture	arrow_stay	other				221666	1	2533	1	32500	2500
Picture	cross_respond	other				224198	1	2533	1	35000	2500
Picture	cross_wait	hit	2	7171	1	226731	1	7198	1	37500	next
Picture	correct	other				233928	1	2133	2	0	2000
Picture	cross_start	other				236194	1	10130	1	0	10000
Picture	arrow_left	other				246325	1	2533	1	10000	2500
Picture	cross_default	other				248857	1	3865	1	12500	3750
Picture	arrow_left	other				252722	1	2533	1	16250	2500
Picture	cross_default	other				255255	1	2532	1	18750	2500
Picture	arrow_stay	other				257787	1	2533	1	21250	2500
Picture	cross_default	other				260320	1	2532	1	23750	2500
Picture	arrow_left	other				262853	1	2533	1	26250	2500
Picture	cross_default	other				265385	1	3865	1	28750	3750
Picture	arrow_stay	other				269251	1	2532	1	32500	2500
Picture	cross_respond	other				271783	1	2533	1	35000	2500
Picture	cross_wait	hit	1	7106	1	274316	1	7198	1	37500	next
Picture	correct	other				281513	1	2133	2	0	2000
Picture	cross_start	other				283779	1	10130	1	0	10000
Picture	arrow_left	other				293909	1	2533	1	10000	2500
Picture	cross_default	other				296442	1	3865	1	12500	3750
Picture	cross_default	other				300307	1	2533	1	16250	2500
Picture	cross_default	other				302840	1	2532	1	18750	2500
Picture	cross_default	other				305372	1	2533	1	21250	2500
Picture	cross_default	other				307905	1	2533	1	23750	2500
Picture	cross_default	other				310437	1	2533	1	26250	2500
Picture	cross_default	other				312970	1	3865	1	28750	3750
Picture	arrow_switch	other				316835	1	2532	1	32500	2500
Picture	cross_respond	other				319368	1	2533	1	35000	2500
Picture	cross_wait	miss				321900	1	8664	1	37500	next
Picture	incorrect	other				330564	1	2133	1	0	2000
Picture	cross_start	other				332830	1	10130	1	0	10000
Picture	arrow_right	other				342960	1	2533	1	10000	2500
Picture	cross_default	other				345493	1	3865	1	12500	3750
Picture	cross_default	other				349358	1	2533	1	16250	2500
Picture	cross_default	other				351891	1	2533	1	18750	2500
Picture	cross_default	other				354423	1	2533	1	21250	2500
Picture	cross_default	other				356956	1	2532	1	23750	2500
Picture	cross_default	other				359488	1	2533	1	26250	2500
Picture	cross_default	other				362021	1	3865	1	28750	3750
Picture	arrow_stay	other				365886	1	2533	1	32500	2500
Picture	cross_respond	other				368419	1	2533	1	35000	2500
Picture	cross_wait	miss				370951	1	39105	1	37500	next
