Scenario - bike_pilot_practice
Logfile written - 09/16/2019 15:13:26

Subject	Trial	Event Type	Code	Time	TTime	Uncertainty	Duration	Uncertainty	ReqTime	ReqDur	Stim Type	Pair Index

sub05	1	Picture	instruct	10133	0	1	44385	1	0	next	other	0
sub05	1	Response	1	54399	44266	1
sub05	2	Picture	cross_start	54518	0	1	10130	1	0	10000	other	0
sub05	2	Picture	arrow_left	64648	10130	1	2533	1	10000	2500	other	0
sub05	2	Picture	cross_default	67181	12663	1	3865	1	12500	3750	other	0
sub05	2	Picture	cross_default	71046	16528	1	2533	1	16250	2500	other	0
sub05	2	Picture	cross_default	73579	19060	1	2532	1	18750	2500	other	0
sub05	2	Picture	cross_default	76111	21593	1	2666	1	21250	2500	other	0
sub05	2	Picture	cross_default	78777	24259	1	2532	1	23750	2500	other	0
sub05	2	Picture	cross_default	81310	26791	1	2532	1	26250	2500	other	0
sub05	2	Picture	cross_default	83842	29324	1	3865	1	28750	3750	other	0
sub05	2	Picture	arrow_switch	87707	33189	1	2532	1	32500	2500	other	0
sub05	2	Picture	cross_respond	90240	35721	1	2533	1	35000	2500	other	0
sub05	2	Picture	cross_wait	92772	38254	1	8131	1	37500	next	miss	0
sub05	2	Response	1	100878	46360	1
sub05	2A	Picture	incorrect	100903	0	1	2133	1	0	2000	other	0
sub05	3	Picture	cross_start	103169	0	1	10130	1	0	10000	other	0
sub05	3	Picture	arrow_left	113299	10130	1	2532	1	10000	2500	other	0
sub05	3	Picture	cross_default	115831	12662	1	3865	1	12500	3750	other	0
sub05	3	Picture	cross_default	119697	16528	1	2533	1	16250	2500	other	0
sub05	3	Picture	cross_default	122229	19060	1	2533	1	18750	2500	other	0
sub05	3	Picture	cross_default	124762	21593	1	2532	1	21250	2500	other	0
sub05	3	Picture	cross_default	127294	24125	1	2533	1	23750	2500	other	0
sub05	3	Picture	cross_default	129827	26658	1	2532	1	26250	2500	other	0
sub05	3	Picture	cross_default	132359	29190	1	3865	1	28750	3750	other	0
sub05	3	Picture	arrow_stay	136225	33056	1	2532	1	32500	2500	other	0
sub05	3	Picture	cross_respond	138757	35588	1	2533	1	35000	2500	other	0
sub05	3	Picture	cross_wait	141290	38121	1	140487	1	37500	next	hit	29
sub05	3	Response	1	281675	178506	1
sub05	3A	Picture	correct	281776	0	1	2133	1	0	2000	other	0
sub05	4	Picture	cross_start	284042	0	1	10130	1	0	10000	other	0
sub05	4	Picture	arrow_right	294172	10130	1	2533	1	10000	2500	other	0
sub05	4	Picture	cross_default	296705	12662	1	3865	1	12500	3750	other	0
sub05	4	Picture	arrow_right	300570	16528	1	2532	1	16250	2500	other	0
sub05	4	Picture	cross_default	303103	19060	1	2532	1	18750	2500	other	0
sub05	4	Picture	arrow_switch	305635	21593	1	2532	1	21250	2500	other	0
sub05	4	Picture	cross_default	308167	24125	1	2533	1	23750	2500	other	0
sub05	4	Picture	arrow_right	310700	26658	1	2532	1	26250	2500	other	0
sub05	4	Picture	cross_default	313232	29190	1	3865	1	28750	3750	other	0
sub05	4	Picture	arrow_stay	317098	33056	1	2533	1	32500	2500	other	0
sub05	4	Picture	cross_respond	319630	35588	1	2532	1	35000	2500	other	0
sub05	4	Picture	cross_wait	322163	38121	1	8664	1	37500	next	miss	0
sub05	4	Response	1	330714	46672	1
sub05	4A	Picture	incorrect	330827	0	1	2133	1	0	2000	other	0
sub05	5	Picture	cross_start	333093	0	1	10130	1	0	10000	other	0
sub05	5	Picture	arrow_left	343223	10130	1	2532	1	10000	2500	other	0
sub05	5	Picture	cross_default	345755	12662	1	3865	1	12500	3750	other	0
sub05	5	Picture	cross_default	349620	16528	1	2532	1	16250	2500	other	0
sub05	5	Picture	cross_default	352153	19060	1	2533	1	18750	2500	other	0
sub05	5	Picture	cross_default	354685	21593	1	2532	1	21250	2500	other	0
sub05	5	Picture	cross_default	357218	24125	1	2532	1	23750	2500	other	0
sub05	5	Picture	cross_default	359750	26658	1	2533	1	26250	2500	other	0
sub05	5	Picture	cross_default	362283	29190	1	3865	1	28750	3750	other	0
sub05	5	Picture	arrow_switch	366148	33056	1	2533	1	32500	2500	other	0
sub05	5	Picture	cross_respond	368681	35588	1	2532	1	35000	2500	other	0
sub05	5	Picture	cross_wait	371213	38121	1	9330	1	37500	next	miss	0
sub05	5	Response	1	380473	47381	1
sub05	5A	Picture	incorrect	380543	0	1	2133	1	0	2000	other	0
sub05	6	Picture	cross_start	382809	0	1	10130	1	0	10000	other	0
sub05	6	Picture	arrow_left	392939	10130	1	2533	1	10000	2500	other	0
sub05	6	Picture	cross_default	395472	12662	1	3865	1	12500	3750	other	0
sub05	6	Picture	cross_default	399337	16528	1	2533	1	16250	2500	other	0
sub05	6	Picture	cross_default	401870	19060	1	2532	1	18750	2500	other	0
sub05	6	Picture	cross_default	404402	21593	1	2533	1	21250	2500	other	0
sub05	6	Picture	cross_default	406935	24125	1	2533	1	23750	2500	other	0
sub05	6	Picture	cross_default	409467	26658	1	2533	1	26250	2500	other	0
sub05	6	Picture	cross_default	412000	29190	1	3865	1	28750	3750	other	0
sub05	6	Picture	arrow_switch	415865	33056	1	2532	1	32500	2500	other	0
sub05	6	Picture	cross_respond	418398	35588	1	2532	1	35000	2500	other	0
sub05	6	Picture	cross_wait	420930	38121	1	44119	1	37500	next	miss	0
sub05	6	Response	1	464952	82142	1
sub05	6A	Picture	incorrect	465049	0	1	2133	1	0	2000	other	0
sub05	7	Picture	cross_start	467315	0	1	10130	1	0	10000	other	0
sub05	7	Picture	arrow_left	477445	10130	1	2532	1	10000	2500	other	0
sub05	7	Picture	cross_default	479977	12662	1	3865	1	12500	3750	other	0
sub05	7	Picture	cross_default	483842	16528	1	2532	1	16250	2500	other	0
sub05	7	Picture	cross_default	486375	19060	1	2532	1	18750	2500	other	0
sub05	7	Picture	cross_default	488907	21593	1	2533	1	21250	2500	other	0
sub05	7	Picture	cross_default	491440	24125	1	2532	1	23750	2500	other	0
sub05	7	Picture	cross_default	493972	26658	1	2533	1	26250	2500	other	0
sub05	7	Picture	cross_default	496505	29190	1	3865	1	28750	3750	other	0
sub05	7	Picture	arrow_stay	500370	33056	1	2532	1	32500	2500	other	0
sub05	7	Picture	cross_respond	502903	35588	1	2533	1	35000	2500	other	0
sub05	7	Picture	cross_wait	505435	38121	1	23859	1	37500	next	hit	85
sub05	7	Response	1	529271	61956	1
sub05	7A	Picture	correct	529294	0	1	2133	2	0	2000	other	0
sub05	8	Picture	cross_start	531560	0	1	10130	1	0	10000	other	0
sub05	8	Picture	arrow_left	541690	10130	1	2533	1	10000	2500	other	0
sub05	8	Picture	cross_default	544222	12663	1	3865	1	12500	3750	other	0
sub05	8	Picture	arrow_stay	548088	16528	1	2533	1	16250	2500	other	0
sub05	8	Picture	cross_default	550620	19060	1	2533	1	18750	2500	other	0
sub05	8	Picture	arrow_switch	553153	21593	1	2532	1	21250	2500	other	0
sub05	8	Picture	cross_default	555685	24125	1	2532	1	23750	2500	other	0
sub05	8	Picture	arrow_stay	558218	26658	1	2533	1	26250	2500	other	0
sub05	8	Picture	cross_default	560750	29190	1	3865	1	28750	3750	other	0
sub05	8	Picture	arrow_stay	564616	33056	1	2532	1	32500	2500	other	0
sub05	8	Picture	cross_respond	567148	35588	1	2533	1	35000	2500	other	0
sub05	8	Picture	cross_wait	569681	38121	1	12129	1	37500	next	hit	99
sub05	8	Response	1	581670	50110	1
sub05	8A	Picture	correct	581810	0	1	2133	1	0	2000	other	0
sub05	9	Picture	cross_start	584076	0	1	10130	1	0	10000	other	0
sub05	9	Picture	arrow_left	594206	10130	1	2532	1	10000	2500	other	0
sub05	9	Picture	cross_default	596738	12662	1	3865	1	12500	3750	other	0
sub05	9	Picture	cross_default	600604	16528	1	2533	1	16250	2500	other	0
sub05	9	Picture	cross_default	603136	19060	1	2533	1	18750	2500	other	0
sub05	9	Picture	cross_default	605669	21593	1	2533	1	21250	2500	other	0
sub05	9	Picture	cross_default	608201	24125	1	2532	1	23750	2500	other	0
sub05	9	Picture	cross_default	610734	26658	1	2532	1	26250	2500	other	0
sub05	9	Picture	cross_default	613266	29190	1	3865	1	28750	3750	other	0
sub05	9	Picture	arrow_stay	617131	33056	1	2533	1	32500	2500	other	0
sub05	9	Picture	cross_respond	619664	35588	1	2532	1	35000	2500	other	0
sub05	9	Picture	cross_wait	622197	38121	1	7198	1	37500	next	hit	113
sub05	9	Response	1	629269	45193	1
sub05	9A	Picture	correct	629394	0	1	2133	1	0	2000	other	0
sub05	10	Picture	cross_start	631660	0	1	10130	1	0	10000	other	0
sub05	10	Picture	arrow_right	641790	10130	1	2533	1	10000	2500	other	0
sub05	10	Picture	cross_default	644323	12662	1	3865	1	12500	3750	other	0
sub05	10	Picture	cross_default	648188	16528	1	2532	1	16250	2500	other	0
sub05	10	Picture	cross_default	650720	19060	1	2532	1	18750	2500	other	0
sub05	10	Picture	cross_default	653253	21593	1	2532	1	21250	2500	other	0
sub05	10	Picture	cross_default	655785	24125	1	2533	1	23750	2500	other	0
sub05	10	Picture	cross_default	658318	26658	1	2532	1	26250	2500	other	0
sub05	10	Picture	cross_default	660850	29190	1	3865	1	28750	3750	other	0
sub05	10	Picture	arrow_stay	664716	33056	1	2533	1	32500	2500	other	0
sub05	10	Picture	cross_respond	667248	35588	1	2533	1	35000	2500	other	0
sub05	10	Picture	cross_wait	669781	38121	1	5998	1	37500	next	miss	0
sub05	10	Response	1	675668	44008	1
sub05	10A	Picture	incorrect	675779	0	1	2133	1	0	2000	other	0
sub05	11	Picture	cross_start	678045	0	1	10130	1	0	10000	other	0
sub05	11	Picture	arrow_left	688175	10130	1	2532	1	10000	2500	other	0
sub05	11	Picture	cross_default	690707	12662	1	3865	1	12500	3750	other	0
sub05	11	Picture	arrow_switch	694573	16528	1	2532	1	16250	2500	other	0
sub05	11	Picture	cross_default	697105	19060	1	2533	1	18750	2500	other	0
sub05	11	Picture	arrow_switch	699638	21593	1	2533	1	21250	2500	other	0
sub05	11	Picture	cross_default	702170	24125	1	2532	1	23750	2500	other	0
sub05	11	Picture	arrow_left	704702	26658	1	2532	1	26250	2500	other	0
sub05	11	Picture	cross_default	707235	29190	1	3865	1	28750	3750	other	0
sub05	11	Picture	arrow_switch	711100	33056	1	2533	1	32500	2500	other	0
sub05	11	Picture	cross_respond	713633	35588	1	2532	1	35000	2500	other	0
sub05	11	Picture	cross_wait	716165	38121	1	11330	1	37500	next	hit	141
sub05	11	Response	2	727427	49382	1
sub05	11A	Picture	correct	727495	0	1	2133	1	0	2000	other	0
sub05	12	Picture	cross_start	729761	0	1	10130	1	0	10000	other	0
sub05	12	Picture	arrow_left	739891	10130	1	2532	1	10000	2500	other	0
sub05	12	Picture	cross_default	742423	12663	1	3865	1	12500	3750	other	0
sub05	12	Picture	cross_default	746289	16528	1	2532	1	16250	2500	other	0
sub05	12	Picture	cross_default	748821	19060	1	2533	1	18750	2500	other	0
sub05	12	Picture	cross_default	751354	21593	1	2532	1	21250	2500	other	0
sub05	12	Picture	cross_default	753886	24125	1	2532	1	23750	2500	other	0
sub05	12	Picture	cross_default	756419	26658	1	2532	1	26250	2500	other	0
sub05	12	Picture	cross_default	758951	29190	1	3865	1	28750	3750	other	0
sub05	12	Picture	arrow_switch	762816	33056	1	2533	1	32500	2500	other	0
sub05	12	Picture	cross_respond	765349	35588	1	2532	1	35000	2500	other	0
sub05	12	Picture	cross_wait	767882	38121	1	9863	1	37500	next	miss	0
sub05	12	Response	1	777666	47905	1
sub05	12A	Picture	incorrect	777745	0	1	2133	1	0	2000	other	0
sub05	13	Picture	cross_start	780011	0	1	10130	1	0	10000	other	0
sub05	13	Picture	arrow_right	790141	10130	1	2532	1	10000	2500	other	0
sub05	13	Picture	cross_default	792673	12662	1	3865	1	12500	3750	other	0
sub05	13	Picture	cross_default	796539	16528	1	2533	1	16250	2500	other	0
sub05	13	Picture	cross_default	799071	19060	1	2532	1	18750	2500	other	0
sub05	13	Picture	cross_default	801604	21593	1	2533	1	21250	2500	other	0
sub05	13	Picture	cross_default	804136	24125	1	2532	1	23750	2500	other	0
sub05	13	Picture	cross_default	806669	26658	1	2532	1	26250	2500	other	0
sub05	13	Picture	cross_default	809201	29190	1	3865	1	28750	3750	other	0
sub05	13	Picture	arrow_stay	813067	33056	1	2532	1	32500	2500	other	0
sub05	13	Picture	cross_respond	815599	35588	1	2533	1	35000	2500	other	0
sub05	13	Picture	cross_wait	818132	38121	1	14662	1	37500	next	hit	169
sub05	13	Response	2	832705	52694	1
sub05	13A	Picture	correct	832793	0	1	2133	1	0	2000	other	0
sub05	14	Picture	cross_start	835059	0	1	10130	1	0	10000	other	0
sub05	14	Picture	arrow_right	845189	10130	1	2532	1	10000	2500	other	0
sub05	14	Picture	cross_default	847722	12662	1	3865	1	12500	3750	other	0
sub05	14	Picture	cross_default	851587	16528	1	2533	1	16250	2500	other	0
sub05	14	Picture	cross_default	854120	19060	1	2532	1	18750	2500	other	0
sub05	14	Picture	cross_default	856652	21593	1	2532	1	21250	2500	other	0
sub05	14	Picture	cross_default	859185	24125	1	2532	1	23750	2500	other	0
sub05	14	Picture	cross_default	861717	26658	1	2533	1	26250	2500	other	0
sub05	14	Picture	cross_default	864249	29190	1	3865	1	28750	3750	other	0
sub05	14	Picture	arrow_stay	868115	33056	1	2532	1	32500	2500	other	0
sub05	14	Picture	cross_respond	870647	35588	1	2532	1	35000	2500	other	0
sub05	14	Picture	cross_wait	873180	38121	1	8664	1	37500	next	hit	183
sub05	14	Response	2	881824	46765	1
sub05	14A	Picture	correct	881844	0	1	2133	1	0	2000	other	0
sub05	15	Picture	cross_start	884110	0	1	10130	1	0	10000	other	0
sub05	15	Picture	arrow_left	894239	10130	1	2533	1	10000	2500	other	0
sub05	15	Picture	cross_default	896772	12663	1	3865	1	12500	3750	other	0
sub05	15	Picture	cross_default	900637	16528	1	2533	1	16250	2500	other	0
sub05	15	Picture	cross_default	903170	19060	1	2532	1	18750	2500	other	0
sub05	15	Picture	cross_default	905702	21593	1	2532	1	21250	2500	other	0
sub05	15	Picture	cross_default	908235	24125	1	2533	1	23750	2500	other	0
sub05	15	Picture	cross_default	910767	26658	1	2532	1	26250	2500	other	0
sub05	15	Picture	cross_default	913300	29190	1	3865	1	28750	3750	other	0
sub05	15	Picture	arrow_stay	917165	33056	1	2533	1	32500	2500	other	0
sub05	15	Picture	cross_respond	919698	35588	1	2533	1	35000	2500	other	0
sub05	15	Picture	cross_wait	922230	38121	1	6398	1	37500	next	miss	0
sub05	15	Response	2	928543	44434	1
sub05	15A	Picture	incorrect	928628	0	1	2133	1	0	2000	other	0
sub05	16	Picture	cross_start	930894	0	1	10130	1	0	10000	other	0
sub05	16	Picture	arrow_left	941024	10130	1	2532	1	10000	2500	other	0
sub05	16	Picture	cross_default	943556	12662	1	3865	1	12500	3750	other	0
sub05	16	Picture	arrow_stay	947422	16528	1	2532	1	16250	2500	other	0
sub05	16	Picture	cross_default	949954	19060	1	2532	1	18750	2500	other	0
sub05	16	Picture	arrow_right	952487	21593	1	2533	1	21250	2500	other	0
sub05	16	Picture	cross_default	955019	24125	1	2533	1	23750	2500	other	0
sub05	16	Picture	arrow_switch	957552	26658	1	2532	1	26250	2500	other	0
sub05	16	Picture	cross_default	960084	29190	1	3865	1	28750	3750	other	0
sub05	16	Picture	arrow_switch	963950	33056	1	2532	1	32500	2500	other	0
sub05	16	Picture	cross_respond	966482	35588	1	2533	1	35000	2500	other	0
sub05	16	Picture	cross_wait	969015	38121	1	11463	1	37500	next	miss	0
sub05	16	Response	1	980382	49488	1
sub05	16A	Picture	incorrect	980478	0	1	2133	1	0	2000	other	0
sub05	17	Picture	cross_start	982743	0	1	10130	1	0	10000	other	0
sub05	17	Picture	arrow_right	992873	10130	1	2533	1	10000	2500	other	0
sub05	17	Picture	cross_default	995406	12662	1	3865	1	12500	3750	other	0
sub05	17	Picture	arrow_stay	999271	16528	1	2533	1	16250	2500	other	0
sub05	17	Picture	cross_default	1001804	19060	1	2532	1	18750	2500	other	0
sub05	17	Picture	arrow_switch	1004336	21593	1	2532	1	21250	2500	other	0
sub05	17	Picture	cross_default	1006869	24125	1	2533	1	23750	2500	other	0
sub05	17	Picture	arrow_stay	1009401	26658	1	2532	1	26250	2500	other	0
sub05	17	Picture	cross_default	1011934	29190	1	3865	1	28750	3750	other	0
sub05	17	Picture	arrow_stay	1015799	33056	1	2532	1	32500	2500	other	0
sub05	17	Picture	cross_respond	1018331	35588	1	2533	1	35000	2500	other	0
sub05	17	Picture	cross_wait	1020864	38121	1	16661	1	37500	next	hit	225
sub05	17	Response	2	1037501	54758	1
sub05	17A	Picture	correct	1037525	0	1	2133	1	0	2000	other	0
sub05	18	Picture	cross_start	1039791	0	1	10130	1	0	10000	other	0
sub05	18	Picture	arrow_right	1049921	10130	1	2532	1	10000	2500	other	0
sub05	18	Picture	cross_default	1052454	12662	1	3865	1	12500	3750	other	0
sub05	18	Picture	cross_default	1056319	16528	1	2532	1	16250	2500	other	0
sub05	18	Picture	cross_default	1058852	19060	1	2533	1	18750	2500	other	0
sub05	18	Picture	cross_default	1061384	21593	1	2533	1	21250	2500	other	0
sub05	18	Picture	cross_default	1063917	24125	1	2533	1	23750	2500	other	0
sub05	18	Picture	cross_default	1066449	26658	1	2532	1	26250	2500	other	0
sub05	18	Picture	cross_default	1068982	29190	1	3865	1	28750	3750	other	0
sub05	18	Picture	arrow_stay	1072847	33056	1	2532	1	32500	2500	other	0
sub05	18	Picture	cross_respond	1075379	35588	1	2533	1	35000	2500	other	0
sub05	18	Picture	cross_wait	1077912	38121	1	7464	1	37500	next	hit	239
sub05	18	Response	2	1085341	45549	1
sub05	18A	Picture	correct	1085376	0	1	2133	1	0	2000	other	0
sub05	19	Picture	cross_start	1087642	0	1	10130	1	0	10000	other	0
sub05	19	Picture	arrow_left	1097772	10130	1	2533	1	10000	2500	other	0
sub05	19	Picture	cross_default	1100304	12662	1	3865	1	12500	3750	other	0
sub05	19	Picture	arrow_switch	1104170	16528	1	2533	1	16250	2500	other	0
sub05	19	Picture	cross_default	1106702	19060	1	2532	1	18750	2500	other	0
sub05	19	Picture	arrow_right	1109235	21593	1	2533	1	21250	2500	other	0
sub05	19	Picture	cross_default	1111767	24125	1	2532	1	23750	2500	other	0
sub05	19	Picture	arrow_stay	1114300	26658	1	2533	1	26250	2500	other	0
sub05	19	Picture	cross_default	1116832	29190	1	3865	1	28750	3750	other	0
sub05	19	Picture	arrow_switch	1120698	33056	1	2532	1	32500	2500	other	0
sub05	19	Picture	cross_respond	1123230	35588	1	2532	1	35000	2500	other	0
sub05	19	Picture	cross_wait	1125763	38121	1	12396	1	37500	next	miss	0
sub05	19	Response	1	1138060	50418	1
sub05	19A	Picture	incorrect	1138159	0	1	2133	1	0	2000	other	0
sub05	20	Picture	cross_start	1140424	0	1	10130	1	0	10000	other	0
sub05	20	Picture	arrow_right	1150554	10130	1	2532	1	10000	2500	other	0
sub05	20	Picture	cross_default	1153087	12662	1	3865	1	12500	3750	other	0
sub05	20	Picture	cross_default	1156952	16528	1	2533	1	16250	2500	other	0
sub05	20	Picture	cross_default	1159485	19060	1	2533	1	18750	2500	other	0
sub05	20	Picture	cross_default	1162017	21593	1	2532	1	21250	2500	other	0
sub05	20	Picture	cross_default	1164550	24125	1	2533	1	23750	2500	other	0
sub05	20	Picture	cross_default	1167082	26658	1	2532	1	26250	2500	other	0
sub05	20	Picture	cross_default	1169615	29190	1	3865	1	28750	3750	other	0
sub05	20	Picture	arrow_switch	1173480	33056	1	2533	1	32500	2500	other	0
sub05	20	Picture	cross_respond	1176013	35588	1	2532	1	35000	2500	other	0
sub05	20	Picture	cross_wait	1178545	38121	1	17328	2	37500	next	hit	267
sub05	20	Response	1	1195738	55314	1
sub05	20A	Picture	correct	1195873	0	1	2133	2	0	2000	other	0
sub05	21	Picture	cross_start	1198139	0	1	10130	1	0	10000	other	0
sub05	21	Picture	arrow_right	1208269	10130	1	2532	1	10000	2500	other	0
sub05	21	Picture	cross_default	1210801	12662	1	3865	1	12500	3750	other	0
sub05	21	Picture	cross_default	1214666	16528	1	2532	1	16250	2500	other	0
sub05	21	Picture	cross_default	1217199	19060	1	2533	1	18750	2500	other	0
sub05	21	Picture	cross_default	1219731	21593	1	2532	1	21250	2500	other	0
sub05	21	Picture	cross_default	1222264	24125	1	2533	1	23750	2500	other	0
sub05	21	Picture	cross_default	1224796	26658	1	2532	1	26250	2500	other	0
sub05	21	Picture	cross_default	1227329	29190	1	3865	1	28750	3750	other	0
sub05	21	Picture	arrow_switch	1231194	33056	1	2532	1	32500	2500	other	0
sub05	21	Picture	cross_respond	1233727	35588	1	2533	1	35000	2500	other	0
sub05	21	Picture	cross_wait	1236259	38121	1	11463	1	37500	next	miss	0
sub05	21	Response	2	1247578	49439	1
sub05	21A	Picture	incorrect	1247722	0	1	2133	1	0	2000	other	0
sub05	22	Picture	cross_start	1249984	0	5	10134	5	0	10000	other	0
sub05	22	Picture	arrow_left	1260118	10134	1	2533	1	10000	2500	other	0
sub05	22	Picture	cross_default	1262651	12667	1	3865	1	12500	3750	other	0
sub05	22	Picture	arrow_right	1266516	16532	1	2532	1	16250	2500	other	0
sub05	22	Picture	cross_default	1269048	19065	1	2533	1	18750	2500	other	0
sub05	22	Picture	arrow_switch	1271581	21597	1	2532	1	21250	2500	other	0
sub05	22	Picture	cross_default	1274113	24130	1	2533	1	23750	2500	other	0
sub05	22	Picture	arrow_right	1276646	26662	1	2533	1	26250	2500	other	0
sub05	22	Picture	cross_default	1279178	29195	1	3865	1	28750	3750	other	0
sub05	22	Picture	arrow_stay	1283044	33060	1	2532	1	32500	2500	other	0
sub05	22	Picture	cross_respond	1285576	35593	1	2532	1	35000	2500	other	0
sub05	22	Picture	cross_wait	1288109	38125	1	18527	1	37500	next	hit	295
sub05	22	Response	1	1306617	56633	1
sub05	22A	Picture	correct	1306636	0	1	2133	1	0	2000	other	0
sub05	23	Picture	cross_start	1308902	0	1	10130	1	0	10000	other	0
sub05	23	Picture	arrow_right	1319032	10130	1	2533	1	10000	2500	other	0
sub05	23	Picture	cross_default	1321564	12663	1	3865	1	12500	3750	other	0
sub05	23	Picture	arrow_stay	1325430	16528	1	2532	1	16250	2500	other	0
sub05	23	Picture	cross_default	1327962	19060	1	2533	1	18750	2500	other	0
sub05	23	Picture	arrow_switch	1330495	21593	1	2532	1	21250	2500	other	0
sub05	23	Picture	cross_default	1333027	24125	1	2533	1	23750	2500	other	0
sub05	23	Picture	arrow_switch	1335560	26658	1	2532	1	26250	2500	other	0
sub05	23	Picture	cross_default	1338092	29190	1	3865	1	28750	3750	other	0
sub05	23	Picture	arrow_stay	1341958	33056	1	2533	1	32500	2500	other	0
sub05	23	Picture	cross_respond	1344490	35588	1	2532	1	35000	2500	other	0
sub05	23	Picture	cross_wait	1347022	38121	1	7464	1	37500	next	miss	0
sub05	23	Response	1	1354456	45554	1
sub05	23A	Picture	incorrect	1354487	0	1	2133	1	0	2000	other	0
sub05	24	Picture	cross_start	1356753	0	1	10130	1	0	10000	other	0
sub05	24	Picture	arrow_left	1366883	10130	1	2532	1	10000	2500	other	0
sub05	24	Picture	cross_default	1369415	12662	1	3865	1	12500	3750	other	0
sub05	24	Picture	arrow_left	1373280	16528	1	2533	1	16250	2500	other	0
sub05	24	Picture	cross_default	1375813	19060	1	2532	1	18750	2500	other	0
sub05	24	Picture	arrow_stay	1378345	21593	1	2532	1	21250	2500	other	0
sub05	24	Picture	cross_default	1380878	24125	1	2532	1	23750	2500	other	0
sub05	24	Picture	arrow_left	1383410	26658	1	2533	1	26250	2500	other	0
sub05	24	Picture	cross_default	1385943	29190	1	3865	1	28750	3750	other	0
sub05	24	Picture	arrow_stay	1389808	33056	1	2533	1	32500	2500	other	0
sub05	24	Picture	cross_respond	1392341	35588	1	2532	1	35000	2500	other	0
sub05	24	Picture	cross_wait	1394873	38121	1	11063	1	37500	next	miss	0
sub05	24	Response	2	1405895	49142	1
sub05	24A	Picture	incorrect	1405936	0	1	2133	1	0	2000	other	0
sub05	25	Picture	cross_start	1408202	0	1	10130	1	0	10000	other	0
sub05	25	Picture	arrow_right	1418332	10130	1	2533	1	10000	2500	other	0
sub05	25	Picture	cross_default	1420865	12662	1	3865	1	12500	3750	other	0
sub05	25	Picture	arrow_switch	1424730	16528	1	2532	1	16250	2500	other	0
sub05	25	Picture	cross_default	1427262	19060	1	2533	1	18750	2500	other	0
sub05	25	Picture	arrow_left	1429795	21593	1	2532	1	21250	2500	other	0
sub05	25	Picture	cross_default	1432327	24125	1	2532	1	23750	2500	other	0
sub05	25	Picture	arrow_right	1434860	26658	1	2533	1	26250	2500	other	0
sub05	25	Picture	cross_default	1437392	29190	1	3865	1	28750	3750	other	0
sub05	25	Picture	arrow_switch	1441258	33056	1	2532	1	32500	2500	other	0
sub05	25	Picture	cross_respond	1443790	35588	1	2533	1	35000	2500	other	0
sub05	25	Picture	cross_wait	1446323	38121	1	20660	1	37500	next	miss	0
sub05	25	Response	2	1466854	58652	1
sub05	25A	Picture	incorrect	1466983	0	1	2133	1	0	2000	other	0
sub05	26	Picture	cross_start	1469248	0	1	10130	1	0	10000	other	0
sub05	26	Picture	arrow_right	1479379	10130	1	2532	1	10000	2500	other	0
sub05	26	Picture	cross_default	1481911	12662	1	3865	1	12500	3750	other	0
sub05	26	Picture	arrow_right	1485776	16528	1	2532	1	16250	2500	other	0
sub05	26	Picture	cross_default	1488309	19060	1	2533	1	18750	2500	other	0
sub05	26	Picture	arrow_stay	1490841	21593	1	2532	1	21250	2500	other	0
sub05	26	Picture	cross_default	1493374	24125	1	2532	1	23750	2500	other	0
sub05	26	Picture	arrow_left	1495906	26658	1	2533	1	26250	2500	other	0
sub05	26	Picture	cross_default	1498439	29190	1	3865	1	28750	3750	other	0
sub05	26	Picture	arrow_switch	1502304	33056	1	2533	1	32500	2500	other	0
sub05	26	Picture	cross_respond	1504837	35588	1	2532	1	35000	2500	other	0
sub05	26	Picture	cross_wait	1507369	38121	1	23859	1	37500	next	miss	0
sub05	26	Response	2	1531173	61924	1
sub05	26A	Picture	incorrect	1531228	0	1	2133	1	0	2000	other	0
sub05	27	Picture	cross_start	1533494	0	1	10130	1	0	10000	other	0
sub05	27	Picture	arrow_right	1543624	10130	1	2532	1	10000	2500	other	0
sub05	27	Picture	cross_default	1546156	12662	1	3865	1	12500	3750	other	0
sub05	27	Picture	arrow_left	1550022	16528	1	2533	1	16250	2500	other	0
sub05	27	Picture	cross_default	1552554	19060	1	2532	1	18750	2500	other	0
sub05	27	Picture	arrow_stay	1555087	21593	1	2533	1	21250	2500	other	0
sub05	27	Picture	cross_default	1557619	24125	1	2533	1	23750	2500	other	0
sub05	27	Picture	arrow_stay	1560152	26658	1	2532	1	26250	2500	other	0
sub05	27	Picture	cross_default	1562684	29190	1	3865	1	28750	3750	other	0
sub05	27	Picture	arrow_switch	1566550	33056	1	2532	1	32500	2500	other	0
sub05	27	Picture	cross_respond	1569082	35588	1	2533	1	35000	2500	other	0
sub05	27	Picture	cross_wait	1571615	38121	1	13595	1	37500	next	miss	0
sub05	27	Response	2	1585172	51678	1
sub05	27A	Picture	incorrect	1585210	0	1	2133	1	0	2000	other	0
sub05	28	Picture	cross_start	1587476	0	1	10130	1	0	10000	other	0
sub05	28	Picture	arrow_right	1597606	10130	1	2532	1	10000	2500	other	0
sub05	28	Picture	cross_default	1600138	12662	1	3865	1	12500	3750	other	0
sub05	28	Picture	arrow_left	1604004	16528	1	2532	1	16250	2500	other	0
sub05	28	Picture	cross_default	1606536	19060	1	2533	1	18750	2500	other	0
sub05	28	Picture	arrow_switch	1609069	21593	1	2532	1	21250	2500	other	0
sub05	28	Picture	cross_default	1611601	24125	1	2533	1	23750	2500	other	0
sub05	28	Picture	arrow_left	1614134	26658	1	2533	1	26250	2500	other	0
sub05	28	Picture	cross_default	1616666	29190	1	3865	1	28750	3750	other	0
sub05	28	Picture	arrow_stay	1620532	33056	1	2532	1	32500	2500	other	0
sub05	28	Picture	cross_respond	1623064	35588	1	2532	1	35000	2500	other	0
sub05	28	Picture	cross_wait	1625597	38121	1	9463	1	37500	next	miss	0
sub05	28	Response	1	1634931	47455	1
sub05	28A	Picture	incorrect	1635060	0	1	2133	1	0	2000	other	0
sub05	29	Picture	cross_start	1637326	0	1	10130	1	0	10000	other	0
sub05	29	Picture	arrow_right	1647456	10130	1	2532	1	10000	2500	other	0
sub05	29	Picture	cross_default	1649988	12662	1	3865	1	12500	3750	other	0
sub05	29	Picture	cross_default	1653854	16528	1	2533	1	16250	2500	other	0
sub05	29	Picture	cross_default	1656386	19060	1	2533	1	18750	2500	other	0
sub05	29	Picture	cross_default	1658919	21593	1	2532	1	21250	2500	other	0
sub05	29	Picture	cross_default	1661451	24125	1	2532	1	23750	2500	other	0
sub05	29	Picture	cross_default	1663984	26658	1	2533	1	26250	2500	other	0
sub05	29	Picture	cross_default	1666516	29190	1	3865	1	28750	3750	other	0
sub05	29	Picture	arrow_switch	1670382	33056	1	2533	1	32500	2500	other	0
sub05	29	Picture	cross_respond	1672914	35588	1	2532	1	35000	2500	other	0
sub05	29	Picture	cross_wait	1675447	38121	1	36255	2	37500	next	miss	0
sub05	29	Response	2	1711569	74243	1
sub05	29A	Picture	incorrect	1711701	0	1	2133	1	0	2000	other	0
sub05	30	Picture	cross_start	1713967	0	1	10130	1	0	10000	other	0
sub05	30	Picture	arrow_left	1724097	10130	1	2533	1	10000	2500	other	0
sub05	30	Picture	cross_default	1726630	12662	1	3865	1	12500	3750	other	0
sub05	30	Picture	arrow_left	1730495	16528	1	2532	1	16250	2500	other	0
sub05	30	Picture	cross_default	1733028	19060	1	2532	1	18750	2500	other	0
sub05	30	Picture	arrow_switch	1735560	21593	1	2533	1	21250	2500	other	0
sub05	30	Picture	cross_default	1738093	24125	1	2533	1	23750	2500	other	0
sub05	30	Picture	arrow_right	1740625	26658	1	2532	1	26250	2500	other	0
sub05	30	Picture	cross_default	1743158	29190	1	3865	1	28750	3750	other	0
sub05	30	Picture	arrow_switch	1747023	33056	1	2533	1	32500	2500	other	0
sub05	30	Picture	cross_respond	1749556	35588	1	2532	1	35000	2500	other	0
sub05	30	Picture	cross_wait	1752088	38121	1	30790	1	37500	next	miss	0
sub05	30	Response	1	1782768	68801	1
sub05	30A	Picture	incorrect	1782878	0	1	2133	1	0	2000	other	0
sub05	31	Picture	cross_start	1785144	0	1	10130	1	0	10000	other	0
sub05	31	Picture	arrow_right	1795274	10130	1	2533	1	10000	2500	other	0
sub05	31	Picture	cross_default	1797806	12662	1	3865	1	12500	3750	other	0
sub05	31	Picture	arrow_stay	1801672	16528	1	2532	1	16250	2500	other	0
sub05	31	Picture	cross_default	1804204	19060	1	2533	1	18750	2500	other	0
sub05	31	Picture	arrow_stay	1806737	21593	1	2532	1	21250	2500	other	0
sub05	31	Picture	cross_default	1809269	24125	1	2533	1	23750	2500	other	0
sub05	31	Picture	arrow_switch	1811802	26658	1	2532	1	26250	2500	other	0
sub05	31	Picture	cross_default	1814334	29190	1	3865	1	28750	3750	other	0
sub05	31	Picture	arrow_switch	1818199	33056	1	2533	1	32500	2500	other	0
sub05	31	Picture	cross_respond	1820732	35588	1	2532	1	35000	2500	other	0
sub05	31	Picture	cross_wait	1823264	38121	1	11196	1	37500	next	hit	421
sub05	31	Response	1	1834367	49223	1
sub05	31A	Picture	correct	1834461	0	1	2133	1	0	2000	other	0
sub05	32	Picture	cross_start	1836726	0	1	10130	1	0	10000	other	0
sub05	32	Picture	arrow_left	1846857	10130	1	2532	1	10000	2500	other	0
sub05	32	Picture	cross_default	1849389	12663	1	3865	1	12500	3750	other	0
sub05	32	Picture	arrow_right	1853254	16528	1	2533	1	16250	2500	other	0
sub05	32	Picture	cross_default	1855787	19060	1	2533	1	18750	2500	other	0
sub05	32	Picture	arrow_stay	1858319	21593	1	2532	1	21250	2500	other	0
sub05	32	Picture	cross_default	1860852	24125	1	2533	1	23750	2500	other	0
sub05	32	Picture	arrow_switch	1863384	26658	1	2532	1	26250	2500	other	0
sub05	32	Picture	cross_default	1865917	29190	1	3865	1	28750	3750	other	0
sub05	32	Picture	arrow_stay	1869782	33056	1	2532	1	32500	2500	other	0
sub05	32	Picture	cross_respond	1872315	35588	1	2533	1	35000	2500	other	0
sub05	32	Picture	cross_wait	1874847	38121	1	4265	1	37500	next	hit	435
sub05	32	Response	1	1879086	42360	1
sub05	32A	Picture	correct	1879113	0	1	2133	1	0	2000	other	0
sub05	33	Picture	cross_start	1881378	0	1	10130	1	0	10000	other	0
sub05	33	Picture	arrow_right	1891508	10130	1	2533	1	10000	2500	other	0
sub05	33	Picture	cross_default	1894041	12663	1	3865	1	12500	3750	other	0
sub05	33	Picture	cross_default	1897906	16528	1	2533	1	16250	2500	other	0
sub05	33	Picture	cross_default	1900439	19060	1	2532	1	18750	2500	other	0
sub05	33	Picture	cross_default	1902971	21593	1	2533	1	21250	2500	other	0
sub05	33	Picture	cross_default	1905504	24125	1	2532	1	23750	2500	other	0
sub05	33	Picture	cross_default	1908036	26658	1	2533	1	26250	2500	other	0
sub05	33	Picture	cross_default	1910569	29190	1	3865	1	28750	3750	other	0
sub05	33	Picture	arrow_switch	1914434	33056	1	2533	1	32500	2500	other	0
sub05	33	Picture	cross_respond	1916967	35588	1	2532	1	35000	2500	other	0
sub05	33	Picture	cross_wait	1919499	38121	1	10930	2	37500	next	miss	0
sub05	33	Response	2	1930365	48987	1
sub05	33A	Picture	incorrect	1930429	0	1	2133	2	0	2000	other	0
sub05	34	Picture	end	1932695	0	1	81875	1	0	next	other	0
sub05	34	Response	1	2008524	75829	1


Event Type	Code	Type	Response	RT	RT Uncertainty	Time	Uncertainty	Duration	Uncertainty	ReqTime	ReqDur

Picture	instruct	other				10133	1	44385	1	0	next
Picture	cross_start	other				54518	1	10130	1	0	10000
Picture	arrow_left	other				64648	1	2533	1	10000	2500
Picture	cross_default	other				67181	1	3865	1	12500	3750
Picture	cross_default	other				71046	1	2533	1	16250	2500
Picture	cross_default	other				73579	1	2532	1	18750	2500
Picture	cross_default	other				76111	1	2666	1	21250	2500
Picture	cross_default	other				78777	1	2532	1	23750	2500
Picture	cross_default	other				81310	1	2532	1	26250	2500
Picture	cross_default	other				83842	1	3865	1	28750	3750
Picture	arrow_switch	other				87707	1	2532	1	32500	2500
Picture	cross_respond	other				90240	1	2533	1	35000	2500
Picture	cross_wait	miss				92772	1	8131	1	37500	next
Picture	incorrect	other				100903	1	2133	1	0	2000
Picture	cross_start	other				103169	1	10130	1	0	10000
Picture	arrow_left	other				113299	1	2532	1	10000	2500
Picture	cross_default	other				115831	1	3865	1	12500	3750
Picture	cross_default	other				119697	1	2533	1	16250	2500
Picture	cross_default	other				122229	1	2533	1	18750	2500
Picture	cross_default	other				124762	1	2532	1	21250	2500
Picture	cross_default	other				127294	1	2533	1	23750	2500
Picture	cross_default	other				129827	1	2532	1	26250	2500
Picture	cross_default	other				132359	1	3865	1	28750	3750
Picture	arrow_stay	other				136225	1	2532	1	32500	2500
Picture	cross_respond	other				138757	1	2533	1	35000	2500
Picture	cross_wait	hit	1	140385	1	141290	1	140487	1	37500	next
Picture	correct	other				281776	1	2133	1	0	2000
Picture	cross_start	other				284042	1	10130	1	0	10000
Picture	arrow_right	other				294172	1	2533	1	10000	2500
Picture	cross_default	other				296705	1	3865	1	12500	3750
Picture	arrow_right	other				300570	1	2532	1	16250	2500
Picture	cross_default	other				303103	1	2532	1	18750	2500
Picture	arrow_switch	other				305635	1	2532	1	21250	2500
Picture	cross_default	other				308167	1	2533	1	23750	2500
Picture	arrow_right	other				310700	1	2532	1	26250	2500
Picture	cross_default	other				313232	1	3865	1	28750	3750
Picture	arrow_stay	other				317098	1	2533	1	32500	2500
Picture	cross_respond	other				319630	1	2532	1	35000	2500
Picture	cross_wait	miss				322163	1	8664	1	37500	next
Picture	incorrect	other				330827	1	2133	1	0	2000
Picture	cross_start	other				333093	1	10130	1	0	10000
Picture	arrow_left	other				343223	1	2532	1	10000	2500
Picture	cross_default	other				345755	1	3865	1	12500	3750
Picture	cross_default	other				349620	1	2532	1	16250	2500
Picture	cross_default	other				352153	1	2533	1	18750	2500
Picture	cross_default	other				354685	1	2532	1	21250	2500
Picture	cross_default	other				357218	1	2532	1	23750	2500
Picture	cross_default	other				359750	1	2533	1	26250	2500
Picture	cross_default	other				362283	1	3865	1	28750	3750
Picture	arrow_switch	other				366148	1	2533	1	32500	2500
Picture	cross_respond	other				368681	1	2532	1	35000	2500
Picture	cross_wait	miss				371213	1	9330	1	37500	next
Picture	incorrect	other				380543	1	2133	1	0	2000
Picture	cross_start	other				382809	1	10130	1	0	10000
Picture	arrow_left	other				392939	1	2533	1	10000	2500
Picture	cross_default	other				395472	1	3865	1	12500	3750
Picture	cross_default	other				399337	1	2533	1	16250	2500
Picture	cross_default	other				401870	1	2532	1	18750	2500
Picture	cross_default	other				404402	1	2533	1	21250	2500
Picture	cross_default	other				406935	1	2533	1	23750	2500
Picture	cross_default	other				409467	1	2533	1	26250	2500
Picture	cross_default	other				412000	1	3865	1	28750	3750
Picture	arrow_switch	other				415865	1	2532	1	32500	2500
Picture	cross_respond	other				418398	1	2532	1	35000	2500
Picture	cross_wait	miss				420930	1	44119	1	37500	next
Picture	incorrect	other				465049	1	2133	1	0	2000
Picture	cross_start	other				467315	1	10130	1	0	10000
Picture	arrow_left	other				477445	1	2532	1	10000	2500
Picture	cross_default	other				479977	1	3865	1	12500	3750
Picture	cross_default	other				483842	1	2532	1	16250	2500
Picture	cross_default	other				486375	1	2532	1	18750	2500
Picture	cross_default	other				488907	1	2533	1	21250	2500
Picture	cross_default	other				491440	1	2532	1	23750	2500
Picture	cross_default	other				493972	1	2533	1	26250	2500
Picture	cross_default	other				496505	1	3865	1	28750	3750
Picture	arrow_stay	other				500370	1	2532	1	32500	2500
Picture	cross_respond	other				502903	1	2533	1	35000	2500
Picture	cross_wait	hit	1	23835	1	505435	1	23859	1	37500	next
Picture	correct	other				529294	1	2133	2	0	2000
Picture	cross_start	other				531560	1	10130	1	0	10000
Picture	arrow_left	other				541690	1	2533	1	10000	2500
Picture	cross_default	other				544222	1	3865	1	12500	3750
Picture	arrow_stay	other				548088	1	2533	1	16250	2500
Picture	cross_default	other				550620	1	2533	1	18750	2500
Picture	arrow_switch	other				553153	1	2532	1	21250	2500
Picture	cross_default	other				555685	1	2532	1	23750	2500
Picture	arrow_stay	other				558218	1	2533	1	26250	2500
Picture	cross_default	other				560750	1	3865	1	28750	3750
Picture	arrow_stay	other				564616	1	2532	1	32500	2500
Picture	cross_respond	other				567148	1	2533	1	35000	2500
Picture	cross_wait	hit	1	11989	1	569681	1	12129	1	37500	next
Picture	correct	other				581810	1	2133	1	0	2000
Picture	cross_start	other				584076	1	10130	1	0	10000
Picture	arrow_left	other				594206	1	2532	1	10000	2500
Picture	cross_default	other				596738	1	3865	1	12500	3750
Picture	cross_default	other				600604	1	2533	1	16250	2500
Picture	cross_default	other				603136	1	2533	1	18750	2500
Picture	cross_default	other				605669	1	2533	1	21250	2500
Picture	cross_default	other				608201	1	2532	1	23750	2500
Picture	cross_default	other				610734	1	2532	1	26250	2500
Picture	cross_default	other				613266	1	3865	1	28750	3750
Picture	arrow_stay	other				617131	1	2533	1	32500	2500
Picture	cross_respond	other				619664	1	2532	1	35000	2500
Picture	cross_wait	hit	1	7072	1	622197	1	7198	1	37500	next
Picture	correct	other				629394	1	2133	1	0	2000
Picture	cross_start	other				631660	1	10130	1	0	10000
Picture	arrow_right	other				641790	1	2533	1	10000	2500
Picture	cross_default	other				644323	1	3865	1	12500	3750
Picture	cross_default	other				648188	1	2532	1	16250	2500
Picture	cross_default	other				650720	1	2532	1	18750	2500
Picture	cross_default	other				653253	1	2532	1	21250	2500
Picture	cross_default	other				655785	1	2533	1	23750	2500
Picture	cross_default	other				658318	1	2532	1	26250	2500
Picture	cross_default	other				660850	1	3865	1	28750	3750
Picture	arrow_stay	other				664716	1	2533	1	32500	2500
Picture	cross_respond	other				667248	1	2533	1	35000	2500
Picture	cross_wait	miss				669781	1	5998	1	37500	next
Picture	incorrect	other				675779	1	2133	1	0	2000
Picture	cross_start	other				678045	1	10130	1	0	10000
Picture	arrow_left	other				688175	1	2532	1	10000	2500
Picture	cross_default	other				690707	1	3865	1	12500	3750
Picture	arrow_switch	other				694573	1	2532	1	16250	2500
Picture	cross_default	other				697105	1	2533	1	18750	2500
Picture	arrow_switch	other				699638	1	2533	1	21250	2500
Picture	cross_default	other				702170	1	2532	1	23750	2500
Picture	arrow_left	other				704702	1	2532	1	26250	2500
Picture	cross_default	other				707235	1	3865	1	28750	3750
Picture	arrow_switch	other				711100	1	2533	1	32500	2500
Picture	cross_respond	other				713633	1	2532	1	35000	2500
Picture	cross_wait	hit	2	11262	1	716165	1	11330	1	37500	next
Picture	correct	other				727495	1	2133	1	0	2000
Picture	cross_start	other				729761	1	10130	1	0	10000
Picture	arrow_left	other				739891	1	2532	1	10000	2500
Picture	cross_default	other				742423	1	3865	1	12500	3750
Picture	cross_default	other				746289	1	2532	1	16250	2500
Picture	cross_default	other				748821	1	2533	1	18750	2500
Picture	cross_default	other				751354	1	2532	1	21250	2500
Picture	cross_default	other				753886	1	2532	1	23750	2500
Picture	cross_default	other				756419	1	2532	1	26250	2500
Picture	cross_default	other				758951	1	3865	1	28750	3750
Picture	arrow_switch	other				762816	1	2533	1	32500	2500
Picture	cross_respond	other				765349	1	2532	1	35000	2500
Picture	cross_wait	miss				767882	1	9863	1	37500	next
Picture	incorrect	other				777745	1	2133	1	0	2000
Picture	cross_start	other				780011	1	10130	1	0	10000
Picture	arrow_right	other				790141	1	2532	1	10000	2500
Picture	cross_default	other				792673	1	3865	1	12500	3750
Picture	cross_default	other				796539	1	2533	1	16250	2500
Picture	cross_default	other				799071	1	2532	1	18750	2500
Picture	cross_default	other				801604	1	2533	1	21250	2500
Picture	cross_default	other				804136	1	2532	1	23750	2500
Picture	cross_default	other				806669	1	2532	1	26250	2500
Picture	cross_default	other				809201	1	3865	1	28750	3750
Picture	arrow_stay	other				813067	1	2532	1	32500	2500
Picture	cross_respond	other				815599	1	2533	1	35000	2500
Picture	cross_wait	hit	2	14574	1	818132	1	14662	1	37500	next
Picture	correct	other				832793	1	2133	1	0	2000
Picture	cross_start	other				835059	1	10130	1	0	10000
Picture	arrow_right	other				845189	1	2532	1	10000	2500
Picture	cross_default	other				847722	1	3865	1	12500	3750
Picture	cross_default	other				851587	1	2533	1	16250	2500
Picture	cross_default	other				854120	1	2532	1	18750	2500
Picture	cross_default	other				856652	1	2532	1	21250	2500
Picture	cross_default	other				859185	1	2532	1	23750	2500
Picture	cross_default	other				861717	1	2533	1	26250	2500
Picture	cross_default	other				864249	1	3865	1	28750	3750
Picture	arrow_stay	other				868115	1	2532	1	32500	2500
Picture	cross_respond	other				870647	1	2532	1	35000	2500
Picture	cross_wait	hit	2	8644	1	873180	1	8664	1	37500	next
Picture	correct	other				881844	1	2133	1	0	2000
Picture	cross_start	other				884110	1	10130	1	0	10000
Picture	arrow_left	other				894239	1	2533	1	10000	2500
Picture	cross_default	other				896772	1	3865	1	12500	3750
Picture	cross_default	other				900637	1	2533	1	16250	2500
Picture	cross_default	other				903170	1	2532	1	18750	2500
Picture	cross_default	other				905702	1	2532	1	21250	2500
Picture	cross_default	other				908235	1	2533	1	23750	2500
Picture	cross_default	other				910767	1	2532	1	26250	2500
Picture	cross_default	other				913300	1	3865	1	28750	3750
Picture	arrow_stay	other				917165	1	2533	1	32500	2500
Picture	cross_respond	other				919698	1	2533	1	35000	2500
Picture	cross_wait	miss				922230	1	6398	1	37500	next
Picture	incorrect	other				928628	1	2133	1	0	2000
Picture	cross_start	other				930894	1	10130	1	0	10000
Picture	arrow_left	other				941024	1	2532	1	10000	2500
Picture	cross_default	other				943556	1	3865	1	12500	3750
Picture	arrow_stay	other				947422	1	2532	1	16250	2500
Picture	cross_default	other				949954	1	2532	1	18750	2500
Picture	arrow_right	other				952487	1	2533	1	21250	2500
Picture	cross_default	other				955019	1	2533	1	23750	2500
Picture	arrow_switch	other				957552	1	2532	1	26250	2500
Picture	cross_default	other				960084	1	3865	1	28750	3750
Picture	arrow_switch	other				963950	1	2532	1	32500	2500
Picture	cross_respond	other				966482	1	2533	1	35000	2500
Picture	cross_wait	miss				969015	1	11463	1	37500	next
Picture	incorrect	other				980478	1	2133	1	0	2000
Picture	cross_start	other				982743	1	10130	1	0	10000
Picture	arrow_right	other				992873	1	2533	1	10000	2500
Picture	cross_default	other				995406	1	3865	1	12500	3750
Picture	arrow_stay	other				999271	1	2533	1	16250	2500
Picture	cross_default	other				1001804	1	2532	1	18750	2500
Picture	arrow_switch	other				1004336	1	2532	1	21250	2500
Picture	cross_default	other				1006869	1	2533	1	23750	2500
Picture	arrow_stay	other				1009401	1	2532	1	26250	2500
Picture	cross_default	other				1011934	1	3865	1	28750	3750
Picture	arrow_stay	other				1015799	1	2532	1	32500	2500
Picture	cross_respond	other				1018331	1	2533	1	35000	2500
Picture	cross_wait	hit	2	16637	1	1020864	1	16661	1	37500	next
Picture	correct	other				1037525	1	2133	1	0	2000
Picture	cross_start	other				1039791	1	10130	1	0	10000
Picture	arrow_right	other				1049921	1	2532	1	10000	2500
Picture	cross_default	other				1052454	1	3865	1	12500	3750
Picture	cross_default	other				1056319	1	2532	1	16250	2500
Picture	cross_default	other				1058852	1	2533	1	18750	2500
Picture	cross_default	other				1061384	1	2533	1	21250	2500
Picture	cross_default	other				1063917	1	2533	1	23750	2500
Picture	cross_default	other				1066449	1	2532	1	26250	2500
Picture	cross_default	other				1068982	1	3865	1	28750	3750
Picture	arrow_stay	other				1072847	1	2532	1	32500	2500
Picture	cross_respond	other				1075379	1	2533	1	35000	2500
Picture	cross_wait	hit	2	7429	1	1077912	1	7464	1	37500	next
Picture	correct	other				1085376	1	2133	1	0	2000
Picture	cross_start	other				1087642	1	10130	1	0	10000
Picture	arrow_left	other				1097772	1	2533	1	10000	2500
Picture	cross_default	other				1100304	1	3865	1	12500	3750
Picture	arrow_switch	other				1104170	1	2533	1	16250	2500
Picture	cross_default	other				1106702	1	2532	1	18750	2500
Picture	arrow_right	other				1109235	1	2533	1	21250	2500
Picture	cross_default	other				1111767	1	2532	1	23750	2500
Picture	arrow_stay	other				1114300	1	2533	1	26250	2500
Picture	cross_default	other				1116832	1	3865	1	28750	3750
Picture	arrow_switch	other				1120698	1	2532	1	32500	2500
Picture	cross_respond	other				1123230	1	2532	1	35000	2500
Picture	cross_wait	miss				1125763	1	12396	1	37500	next
Picture	incorrect	other				1138159	1	2133	1	0	2000
Picture	cross_start	other				1140424	1	10130	1	0	10000
Picture	arrow_right	other				1150554	1	2532	1	10000	2500
Picture	cross_default	other				1153087	1	3865	1	12500	3750
Picture	cross_default	other				1156952	1	2533	1	16250	2500
Picture	cross_default	other				1159485	1	2533	1	18750	2500
Picture	cross_default	other				1162017	1	2532	1	21250	2500
Picture	cross_default	other				1164550	1	2533	1	23750	2500
Picture	cross_default	other				1167082	1	2532	1	26250	2500
Picture	cross_default	other				1169615	1	3865	1	28750	3750
Picture	arrow_switch	other				1173480	1	2533	1	32500	2500
Picture	cross_respond	other				1176013	1	2532	1	35000	2500
Picture	cross_wait	hit	1	17193	1	1178545	1	17328	2	37500	next
Picture	correct	other				1195873	1	2133	2	0	2000
Picture	cross_start	other				1198139	1	10130	1	0	10000
Picture	arrow_right	other				1208269	1	2532	1	10000	2500
Picture	cross_default	other				1210801	1	3865	1	12500	3750
Picture	cross_default	other				1214666	1	2532	1	16250	2500
Picture	cross_default	other				1217199	1	2533	1	18750	2500
Picture	cross_default	other				1219731	1	2532	1	21250	2500
Picture	cross_default	other				1222264	1	2533	1	23750	2500
Picture	cross_default	other				1224796	1	2532	1	26250	2500
Picture	cross_default	other				1227329	1	3865	1	28750	3750
Picture	arrow_switch	other				1231194	1	2532	1	32500	2500
Picture	cross_respond	other				1233727	1	2533	1	35000	2500
Picture	cross_wait	miss				1236259	1	11463	1	37500	next
Picture	incorrect	other				1247722	1	2133	1	0	2000
Picture	cross_start	other				1249984	5	10134	5	0	10000
Picture	arrow_left	other				1260118	1	2533	1	10000	2500
Picture	cross_default	other				1262651	1	3865	1	12500	3750
Picture	arrow_right	other				1266516	1	2532	1	16250	2500
Picture	cross_default	other				1269048	1	2533	1	18750	2500
Picture	arrow_switch	other				1271581	1	2532	1	21250	2500
Picture	cross_default	other				1274113	1	2533	1	23750	2500
Picture	arrow_right	other				1276646	1	2533	1	26250	2500
Picture	cross_default	other				1279178	1	3865	1	28750	3750
Picture	arrow_stay	other				1283044	1	2532	1	32500	2500
Picture	cross_respond	other				1285576	1	2532	1	35000	2500
Picture	cross_wait	hit	1	18508	1	1288109	1	18527	1	37500	next
Picture	correct	other				1306636	1	2133	1	0	2000
Picture	cross_start	other				1308902	1	10130	1	0	10000
Picture	arrow_right	other				1319032	1	2533	1	10000	2500
Picture	cross_default	other				1321564	1	3865	1	12500	3750
Picture	arrow_stay	other				1325430	1	2532	1	16250	2500
Picture	cross_default	other				1327962	1	2533	1	18750	2500
Picture	arrow_switch	other				1330495	1	2532	1	21250	2500
Picture	cross_default	other				1333027	1	2533	1	23750	2500
Picture	arrow_switch	other				1335560	1	2532	1	26250	2500
Picture	cross_default	other				1338092	1	3865	1	28750	3750
Picture	arrow_stay	other				1341958	1	2533	1	32500	2500
Picture	cross_respond	other				1344490	1	2532	1	35000	2500
Picture	cross_wait	miss				1347022	1	7464	1	37500	next
Picture	incorrect	other				1354487	1	2133	1	0	2000
Picture	cross_start	other				1356753	1	10130	1	0	10000
Picture	arrow_left	other				1366883	1	2532	1	10000	2500
Picture	cross_default	other				1369415	1	3865	1	12500	3750
Picture	arrow_left	other				1373280	1	2533	1	16250	2500
Picture	cross_default	other				1375813	1	2532	1	18750	2500
Picture	arrow_stay	other				1378345	1	2532	1	21250	2500
Picture	cross_default	other				1380878	1	2532	1	23750	2500
Picture	arrow_left	other				1383410	1	2533	1	26250	2500
Picture	cross_default	other				1385943	1	3865	1	28750	3750
Picture	arrow_stay	other				1389808	1	2533	1	32500	2500
Picture	cross_respond	other				1392341	1	2532	1	35000	2500
Picture	cross_wait	miss				1394873	1	11063	1	37500	next
Picture	incorrect	other				1405936	1	2133	1	0	2000
Picture	cross_start	other				1408202	1	10130	1	0	10000
Picture	arrow_right	other				1418332	1	2533	1	10000	2500
Picture	cross_default	other				1420865	1	3865	1	12500	3750
Picture	arrow_switch	other				1424730	1	2532	1	16250	2500
Picture	cross_default	other				1427262	1	2533	1	18750	2500
Picture	arrow_left	other				1429795	1	2532	1	21250	2500
Picture	cross_default	other				1432327	1	2532	1	23750	2500
Picture	arrow_right	other				1434860	1	2533	1	26250	2500
Picture	cross_default	other				1437392	1	3865	1	28750	3750
Picture	arrow_switch	other				1441258	1	2532	1	32500	2500
Picture	cross_respond	other				1443790	1	2533	1	35000	2500
Picture	cross_wait	miss				1446323	1	20660	1	37500	next
Picture	incorrect	other				1466983	1	2133	1	0	2000
Picture	cross_start	other				1469248	1	10130	1	0	10000
Picture	arrow_right	other				1479379	1	2532	1	10000	2500
Picture	cross_default	other				1481911	1	3865	1	12500	3750
Picture	arrow_right	other				1485776	1	2532	1	16250	2500
Picture	cross_default	other				1488309	1	2533	1	18750	2500
Picture	arrow_stay	other				1490841	1	2532	1	21250	2500
Picture	cross_default	other				1493374	1	2532	1	23750	2500
Picture	arrow_left	other				1495906	1	2533	1	26250	2500
Picture	cross_default	other				1498439	1	3865	1	28750	3750
Picture	arrow_switch	other				1502304	1	2533	1	32500	2500
Picture	cross_respond	other				1504837	1	2532	1	35000	2500
Picture	cross_wait	miss				1507369	1	23859	1	37500	next
Picture	incorrect	other				1531228	1	2133	1	0	2000
Picture	cross_start	other				1533494	1	10130	1	0	10000
Picture	arrow_right	other				1543624	1	2532	1	10000	2500
Picture	cross_default	other				1546156	1	3865	1	12500	3750
Picture	arrow_left	other				1550022	1	2533	1	16250	2500
Picture	cross_default	other				1552554	1	2532	1	18750	2500
Picture	arrow_stay	other				1555087	1	2533	1	21250	2500
Picture	cross_default	other				1557619	1	2533	1	23750	2500
Picture	arrow_stay	other				1560152	1	2532	1	26250	2500
Picture	cross_default	other				1562684	1	3865	1	28750	3750
Picture	arrow_switch	other				1566550	1	2532	1	32500	2500
Picture	cross_respond	other				1569082	1	2533	1	35000	2500
Picture	cross_wait	miss				1571615	1	13595	1	37500	next
Picture	incorrect	other				1585210	1	2133	1	0	2000
Picture	cross_start	other				1587476	1	10130	1	0	10000
Picture	arrow_right	other				1597606	1	2532	1	10000	2500
Picture	cross_default	other				1600138	1	3865	1	12500	3750
Picture	arrow_left	other				1604004	1	2532	1	16250	2500
Picture	cross_default	other				1606536	1	2533	1	18750	2500
Picture	arrow_switch	other				1609069	1	2532	1	21250	2500
Picture	cross_default	other				1611601	1	2533	1	23750	2500
Picture	arrow_left	other				1614134	1	2533	1	26250	2500
Picture	cross_default	other				1616666	1	3865	1	28750	3750
Picture	arrow_stay	other				1620532	1	2532	1	32500	2500
Picture	cross_respond	other				1623064	1	2532	1	35000	2500
Picture	cross_wait	miss				1625597	1	9463	1	37500	next
Picture	incorrect	other				1635060	1	2133	1	0	2000
Picture	cross_start	other				1637326	1	10130	1	0	10000
Picture	arrow_right	other				1647456	1	2532	1	10000	2500
Picture	cross_default	other				1649988	1	3865	1	12500	3750
Picture	cross_default	other				1653854	1	2533	1	16250	2500
Picture	cross_default	other				1656386	1	2533	1	18750	2500
Picture	cross_default	other				1658919	1	2532	1	21250	2500
Picture	cross_default	other				1661451	1	2532	1	23750	2500
Picture	cross_default	other				1663984	1	2533	1	26250	2500
Picture	cross_default	other				1666516	1	3865	1	28750	3750
Picture	arrow_switch	other				1670382	1	2533	1	32500	2500
Picture	cross_respond	other				1672914	1	2532	1	35000	2500
Picture	cross_wait	miss				1675447	1	36255	2	37500	next
Picture	incorrect	other				1711701	1	2133	1	0	2000
Picture	cross_start	other				1713967	1	10130	1	0	10000
Picture	arrow_left	other				1724097	1	2533	1	10000	2500
Picture	cross_default	other				1726630	1	3865	1	12500	3750
Picture	arrow_left	other				1730495	1	2532	1	16250	2500
Picture	cross_default	other				1733028	1	2532	1	18750	2500
Picture	arrow_switch	other				1735560	1	2533	1	21250	2500
Picture	cross_default	other				1738093	1	2533	1	23750	2500
Picture	arrow_right	other				1740625	1	2532	1	26250	2500
Picture	cross_default	other				1743158	1	3865	1	28750	3750
Picture	arrow_switch	other				1747023	1	2533	1	32500	2500
Picture	cross_respond	other				1749556	1	2532	1	35000	2500
Picture	cross_wait	miss				1752088	1	30790	1	37500	next
Picture	incorrect	other				1782878	1	2133	1	0	2000
Picture	cross_start	other				1785144	1	10130	1	0	10000
Picture	arrow_right	other				1795274	1	2533	1	10000	2500
Picture	cross_default	other				1797806	1	3865	1	12500	3750
Picture	arrow_stay	other				1801672	1	2532	1	16250	2500
Picture	cross_default	other				1804204	1	2533	1	18750	2500
Picture	arrow_stay	other				1806737	1	2532	1	21250	2500
Picture	cross_default	other				1809269	1	2533	1	23750	2500
Picture	arrow_switch	other				1811802	1	2532	1	26250	2500
Picture	cross_default	other				1814334	1	3865	1	28750	3750
Picture	arrow_switch	other				1818199	1	2533	1	32500	2500
Picture	cross_respond	other				1820732	1	2532	1	35000	2500
Picture	cross_wait	hit	1	11103	1	1823264	1	11196	1	37500	next
Picture	correct	other				1834461	1	2133	1	0	2000
Picture	cross_start	other				1836726	1	10130	1	0	10000
Picture	arrow_left	other				1846857	1	2532	1	10000	2500
Picture	cross_default	other				1849389	1	3865	1	12500	3750
Picture	arrow_right	other				1853254	1	2533	1	16250	2500
Picture	cross_default	other				1855787	1	2533	1	18750	2500
Picture	arrow_stay	other				1858319	1	2532	1	21250	2500
Picture	cross_default	other				1860852	1	2533	1	23750	2500
Picture	arrow_switch	other				1863384	1	2532	1	26250	2500
Picture	cross_default	other				1865917	1	3865	1	28750	3750
Picture	arrow_stay	other				1869782	1	2532	1	32500	2500
Picture	cross_respond	other				1872315	1	2533	1	35000	2500
Picture	cross_wait	hit	1	4239	1	1874847	1	4265	1	37500	next
Picture	correct	other				1879113	1	2133	1	0	2000
Picture	cross_start	other				1881378	1	10130	1	0	10000
Picture	arrow_right	other				1891508	1	2533	1	10000	2500
Picture	cross_default	other				1894041	1	3865	1	12500	3750
Picture	cross_default	other				1897906	1	2533	1	16250	2500
Picture	cross_default	other				1900439	1	2532	1	18750	2500
Picture	cross_default	other				1902971	1	2533	1	21250	2500
Picture	cross_default	other				1905504	1	2532	1	23750	2500
Picture	cross_default	other				1908036	1	2533	1	26250	2500
Picture	cross_default	other				1910569	1	3865	1	28750	3750
Picture	arrow_switch	other				1914434	1	2533	1	32500	2500
Picture	cross_respond	other				1916967	1	2532	1	35000	2500
Picture	cross_wait	miss				1919499	1	10930	2	37500	next
Picture	incorrect	other				1930429	1	2133	2	0	2000
Picture	end	other				1932695	1	81875	1	0	next
